INFO  [2018-04-21 15:28:53,092][] org.springframework.boot.StartupInfoLogger:48 - Starting TheEnglishApplication on LSB0HKL0QRJFFSJ with PID 6152 (E:\workSpace\the_english\target\classes started by Administrator in E:\workSpace\the_english) 
INFO  [2018-04-21 15:28:53,133][] org.springframework.boot.SpringApplication:597 - The following profiles are active: local 
INFO  [2018-04-21 15:28:53,339][] org.springframework.context.support.AbstractApplicationContext:583 - Refreshing org.springframework.boot.context.embedded.AnnotationConfigEmbeddedWebApplicationContext@a1f72f5: startup date [Sat Apr 21 15:28:53 CST 2018]; root of context hierarchy 
INFO  [2018-04-21 15:28:54,737][] org.hibernate.validator.internal.util.Version:30 - HV000001: Hibernate Validator 5.3.6.Final 
INFO  [2018-04-21 15:28:57,430][] org.springframework.data.repository.config.RepositoryConfigurationDelegate:165 - Multiple Spring Data modules found, entering strict repository configuration mode! 
INFO  [2018-04-21 15:28:58,527][] org.springframework.context.support.PostProcessorRegistrationDelegate$BeanPostProcessorChecker:327 - Bean 'org.springframework.transaction.annotation.ProxyTransactionManagementConfiguration' of type [org.springframework.transaction.annotation.ProxyTransactionManagementConfiguration$$EnhancerBySpringCGLIB$$9496d901] is not eligible for getting processed by all BeanPostProcessors (for example: not eligible for auto-proxying) 
INFO  [2018-04-21 15:29:00,025][] org.springframework.boot.context.embedded.tomcat.TomcatEmbeddedServletContainer:89 - Tomcat initialized with port(s): 8099 (http) 
INFO  [2018-04-21 15:29:00,093][] org.apache.juli.logging.DirectJDKLog:179 - Starting service [Tomcat] 
INFO  [2018-04-21 15:29:00,097][] org.apache.juli.logging.DirectJDKLog:179 - Starting Servlet Engine: Apache Tomcat/8.5.23 
INFO  [2018-04-21 15:29:00,481][] org.apache.juli.logging.DirectJDKLog:179 - Initializing Spring embedded WebApplicationContext 
INFO  [2018-04-21 15:29:00,481][] org.springframework.boot.context.embedded.EmbeddedWebApplicationContext:276 - Root WebApplicationContext: initialization completed in 7142 ms 
INFO  [2018-04-21 15:29:00,816][] org.springframework.boot.web.servlet.ServletRegistrationBean:190 - Mapping servlet: 'dispatcherServlet' to [/] 
INFO  [2018-04-21 15:29:00,822][] org.springframework.boot.web.servlet.AbstractFilterRegistrationBean:258 - Mapping filter: 'characterEncodingFilter' to: [/*] 
INFO  [2018-04-21 15:29:00,823][] org.springframework.boot.web.servlet.AbstractFilterRegistrationBean:258 - Mapping filter: 'hiddenHttpMethodFilter' to: [/*] 
INFO  [2018-04-21 15:29:00,823][] org.springframework.boot.web.servlet.AbstractFilterRegistrationBean:258 - Mapping filter: 'httpPutFormContentFilter' to: [/*] 
INFO  [2018-04-21 15:29:00,823][] org.springframework.boot.web.servlet.AbstractFilterRegistrationBean:258 - Mapping filter: 'requestContextFilter' to: [/*] 
INFO  [2018-04-21 15:29:02,461][] org.springframework.web.servlet.handler.AbstractHandlerMethodMapping$MappingRegistry:543 - Mapped "{[/page/proxy/userLogin],methods=[POST]}" onto public com.xescm.base.model.wrap.Wrapper<com.liuy.mproxy.model.entity.TheUser> com.liuy.mproxy.web.restcontroller.LoginRestController.userLogin(com.liuy.mproxy.model.dto.UserLoginDTO) 
INFO  [2018-04-21 15:29:02,463][] org.springframework.web.servlet.handler.AbstractHandlerMethodMapping$MappingRegistry:543 - Mapped "{[/page/proxy/userRegiste],methods=[POST]}" onto public com.xescm.base.model.wrap.Wrapper<java.lang.Boolean> com.liuy.mproxy.web.restcontroller.LoginRestController.userRegiste(com.liuy.mproxy.model.dto.UserLoginDTO) 
INFO  [2018-04-21 15:29:02,464][] org.springframework.web.servlet.handler.AbstractHandlerMethodMapping$MappingRegistry:543 - Mapped "{[/v2/api-docs],methods=[GET],produces=[application/json || application/hal+json]}" onto public org.springframework.http.ResponseEntity<springfox.documentation.spring.web.json.Json> springfox.documentation.swagger2.web.Swagger2Controller.getDocumentation(java.lang.String,javax.servlet.http.HttpServletRequest) 
INFO  [2018-04-21 15:29:02,466][] org.springframework.web.servlet.handler.AbstractHandlerMethodMapping$MappingRegistry:543 - Mapped "{[/swagger-resources/configuration/security]}" onto org.springframework.http.ResponseEntity<springfox.documentation.swagger.web.SecurityConfiguration> springfox.documentation.swagger.web.ApiResourceController.securityConfiguration() 
INFO  [2018-04-21 15:29:02,467][] org.springframework.web.servlet.handler.AbstractHandlerMethodMapping$MappingRegistry:543 - Mapped "{[/swagger-resources/configuration/ui]}" onto org.springframework.http.ResponseEntity<springfox.documentation.swagger.web.UiConfiguration> springfox.documentation.swagger.web.ApiResourceController.uiConfiguration() 
INFO  [2018-04-21 15:29:02,468][] org.springframework.web.servlet.handler.AbstractHandlerMethodMapping$MappingRegistry:543 - Mapped "{[/swagger-resources]}" onto org.springframework.http.ResponseEntity<java.util.List<springfox.documentation.swagger.web.SwaggerResource>> springfox.documentation.swagger.web.ApiResourceController.swaggerResources() 
INFO  [2018-04-21 15:29:02,471][] org.springframework.web.servlet.handler.AbstractHandlerMethodMapping$MappingRegistry:543 - Mapped "{[/error]}" onto public org.springframework.http.ResponseEntity<java.util.Map<java.lang.String, java.lang.Object>> org.springframework.boot.autoconfigure.web.BasicErrorController.error(javax.servlet.http.HttpServletRequest) 
INFO  [2018-04-21 15:29:02,471][] org.springframework.web.servlet.handler.AbstractHandlerMethodMapping$MappingRegistry:543 - Mapped "{[/error],produces=[text/html]}" onto public org.springframework.web.servlet.ModelAndView org.springframework.boot.autoconfigure.web.BasicErrorController.errorHtml(javax.servlet.http.HttpServletRequest,javax.servlet.http.HttpServletResponse) 
INFO  [2018-04-21 15:29:02,473][] org.springframework.web.servlet.handler.AbstractHandlerMethodMapping$MappingRegistry:543 - Mapped "{[/status.taobao]}" onto public org.springframework.http.ResponseEntity<java.lang.String> com.taobao.pandora.boot.spring.mvc.StatusTaobaoController.statusTaobao() throws java.io.IOException 
INFO  [2018-04-21 15:29:03,411][] org.springframework.web.servlet.mvc.method.annotation.RequestMappingHandlerAdapter:534 - Looking for @ControllerAdvice: org.springframework.boot.context.embedded.AnnotationConfigEmbeddedWebApplicationContext@a1f72f5: startup date [Sat Apr 21 15:28:53 CST 2018]; root of context hierarchy 
INFO  [2018-04-21 15:29:03,507][] org.springframework.web.servlet.handler.AbstractUrlHandlerMapping:362 - Mapped URL path [/webjars/**] onto handler of type [class org.springframework.web.servlet.resource.ResourceHttpRequestHandler] 
INFO  [2018-04-21 15:29:03,507][] org.springframework.web.servlet.handler.AbstractUrlHandlerMapping:362 - Mapped URL path [/**] onto handler of type [class org.springframework.web.servlet.resource.ResourceHttpRequestHandler] 
INFO  [2018-04-21 15:29:03,565][] org.springframework.web.servlet.handler.AbstractUrlHandlerMapping:362 - Mapped URL path [/**/favicon.ico] onto handler of type [class org.springframework.web.servlet.resource.ResourceHttpRequestHandler] 
INFO  [2018-04-21 15:29:04,241][] org.springframework.ui.freemarker.SpringTemplateLoader:61 - SpringTemplateLoader for FreeMarker: using resource loader [org.springframework.boot.context.embedded.AnnotationConfigEmbeddedWebApplicationContext@a1f72f5: startup date [Sat Apr 21 15:28:53 CST 2018]; root of context hierarchy] and template loader path [classpath:/templates/] 
INFO  [2018-04-21 15:29:04,242][] org.springframework.web.servlet.view.freemarker.FreeMarkerConfigurer:127 - ClassTemplateLoader for Spring macros added to FreeMarker configuration 
INFO  [2018-04-21 15:29:05,242][] org.springframework.jmx.export.MBeanExporter:431 - Registering beans for JMX exposure on startup 
INFO  [2018-04-21 15:29:05,273][] org.springframework.context.support.DefaultLifecycleProcessor$LifecycleGroup:343 - Starting beans in phase 2147483647 
INFO  [2018-04-21 15:29:05,273][] springfox.documentation.spring.web.plugins.DocumentationPluginsBootstrapper:120 - Context refreshed 
INFO  [2018-04-21 15:29:05,330][] springfox.documentation.spring.web.plugins.DocumentationPluginsBootstrapper:123 - Found 1 custom documentation plugin(s) 
INFO  [2018-04-21 15:29:05,342][] springfox.documentation.spring.web.scanners.ApiListingReferenceScanner:44 - Scanning for api listing references 
INFO  [2018-04-21 15:29:05,620][] org.apache.juli.logging.DirectJDKLog:179 - Initializing ProtocolHandler ["http-nio-8099"] 
INFO  [2018-04-21 15:29:05,637][] org.apache.juli.logging.DirectJDKLog:179 - Starting ProtocolHandler ["http-nio-8099"] 
INFO  [2018-04-21 15:29:05,663][] org.apache.juli.logging.DirectJDKLog:179 - Using a shared selector for servlet write/read 
INFO  [2018-04-21 15:29:05,702][] org.springframework.boot.context.embedded.tomcat.TomcatEmbeddedServletContainer:201 - Tomcat started on port(s): 8099 (http) 
INFO  [2018-04-21 15:29:05,708][] org.springframework.boot.StartupInfoLogger:57 - Started TheEnglishApplication in 14.365 seconds (JVM running for 18.303) 
INFO  [2018-04-21 15:37:25,004][] org.apache.juli.logging.DirectJDKLog:179 - Initializing Spring FrameworkServlet 'dispatcherServlet' 
INFO  [2018-04-21 15:37:25,004][] org.springframework.web.servlet.FrameworkServlet:489 - FrameworkServlet 'dispatcherServlet': initialization started 
INFO  [2018-04-21 15:37:25,046][] org.springframework.web.servlet.FrameworkServlet:508 - FrameworkServlet 'dispatcherServlet': initialization completed in 41 ms 
INFO  [2018-04-21 15:37:25,100][] com.liuy.mproxy.web.restcontroller.LoginRestController:37 - ==> 用户登录userLoginDTO=UserLoginDTO(id=null, userPhone=18600787140, userName=null, password=) 
INFO  [2018-04-21 15:46:02,573][] com.liuy.mproxy.web.restcontroller.LoginRestController:69 - ==> 用户注册userLoginDTO=UserLoginDTO(id=null, userPhone=5555, userName=, password=) 
INFO  [2018-04-21 15:46:22,349][] com.liuy.mproxy.web.restcontroller.LoginRestController:69 - ==> 用户注册userLoginDTO=UserLoginDTO(id=null, userPhone=18600787140, userName=adday, password=123456) 
INFO  [2018-04-21 15:46:22,581][] com.liuy.mproxy.web.restcontroller.LoginRestController:80 - 添加用户完成=true 
INFO  [2018-04-21 15:47:08,345][] com.liuy.mproxy.web.restcontroller.LoginRestController:37 - ==> 用户登录userLoginDTO=UserLoginDTO(id=null, userPhone=18600787140, userName=null, password=123456) 
INFO  [2018-04-21 15:47:08,358][] com.liuy.mproxy.web.restcontroller.LoginRestController:49 - theUserEntity=TheUser(id=565a72bd775f42da8c3bab7662447012, userPhone=18600787140, userName=adday, userDealName=null, userPassword=E10ADC3949BA59ABBE56E057F20F883E, email=null, state=null, isActivate=1, createTime=null, imagePath=image/message.png, del=null, motherLanguageName=null, countryCode=null, countryName=null, cityCode=null, cityName=null, userContent=null, version=null) 
INFO  [2018-04-21 15:47:33,806][] com.liuy.mproxy.web.restcontroller.LoginRestController:69 - ==> 用户注册userLoginDTO=UserLoginDTO(id=null, userPhone=18600787140, userName=adday, password=123456) 
INFO  [2018-04-21 15:48:26,600][] com.liuy.mproxy.web.restcontroller.LoginRestController:69 - ==> 用户注册userLoginDTO=UserLoginDTO(id=null, userPhone=18600787140, userName=adday, password=123456) 
INFO  [2018-04-21 15:48:26,664][] com.liuy.mproxy.web.restcontroller.LoginRestController:80 - 添加用户完成=true 
INFO  [2018-04-21 15:48:36,984][] com.liuy.mproxy.web.restcontroller.LoginRestController:69 - ==> 用户注册userLoginDTO=UserLoginDTO(id=null, userPhone=18600787140, userName=adday, password=123456) 
INFO  [2018-04-21 15:48:39,746][] com.liuy.mproxy.web.restcontroller.LoginRestController:37 - ==> 用户登录userLoginDTO=UserLoginDTO(id=null, userPhone=18600787140, userName=null, password=123456) 
INFO  [2018-04-21 15:48:39,753][] com.liuy.mproxy.web.restcontroller.LoginRestController:49 - theUserEntity=TheUser(id=e6ce3f3d8076479d841e019c317eaa0f, userPhone=18600787140, userName=adday, userDealName=null, userPassword=E10ADC3949BA59ABBE56E057F20F883E, email=null, state=null, isActivate=1, createTime=null, imagePath=image/message.png, del=null, motherLanguageName=null, countryCode=null, countryName=null, cityCode=null, cityName=null, userContent=null, version=null) 
INFO  [2018-04-21 15:48:47,240][] com.liuy.mproxy.web.restcontroller.LoginRestController:37 - ==> 用户登录userLoginDTO=UserLoginDTO(id=null, userPhone=18600787140, userName=null, password=123456) 
INFO  [2018-04-21 15:48:47,247][] com.liuy.mproxy.web.restcontroller.LoginRestController:49 - theUserEntity=TheUser(id=e6ce3f3d8076479d841e019c317eaa0f, userPhone=18600787140, userName=adday, userDealName=null, userPassword=E10ADC3949BA59ABBE56E057F20F883E, email=null, state=null, isActivate=1, createTime=null, imagePath=image/message.png, del=null, motherLanguageName=null, countryCode=null, countryName=null, cityCode=null, cityName=null, userContent=null, version=null) 
INFO  [2018-04-21 15:50:55,735][] org.springframework.boot.StartupInfoLogger:48 - Starting TheEnglishApplication on LSB0HKL0QRJFFSJ with PID 7296 (E:\workSpace\the_english\target\classes started by Administrator in E:\workSpace\the_english) 
INFO  [2018-04-21 15:50:55,740][] org.springframework.boot.SpringApplication:597 - The following profiles are active: local 
INFO  [2018-04-21 15:50:55,865][] org.springframework.context.support.AbstractApplicationContext:583 - Refreshing org.springframework.boot.context.embedded.AnnotationConfigEmbeddedWebApplicationContext@a1f72f5: startup date [Sat Apr 21 15:50:55 CST 2018]; root of context hierarchy 
INFO  [2018-04-21 15:50:56,316][] org.hibernate.validator.internal.util.Version:30 - HV000001: Hibernate Validator 5.3.6.Final 
INFO  [2018-04-21 15:50:57,467][] org.springframework.data.repository.config.RepositoryConfigurationDelegate:165 - Multiple Spring Data modules found, entering strict repository configuration mode! 
INFO  [2018-04-21 15:50:58,043][] org.springframework.context.support.PostProcessorRegistrationDelegate$BeanPostProcessorChecker:327 - Bean 'org.springframework.transaction.annotation.ProxyTransactionManagementConfiguration' of type [org.springframework.transaction.annotation.ProxyTransactionManagementConfiguration$$EnhancerBySpringCGLIB$$ed149126] is not eligible for getting processed by all BeanPostProcessors (for example: not eligible for auto-proxying) 
INFO  [2018-04-21 15:50:58,611][] org.springframework.boot.context.embedded.tomcat.TomcatEmbeddedServletContainer:89 - Tomcat initialized with port(s): 8099 (http) 
INFO  [2018-04-21 15:50:58,623][] org.apache.juli.logging.DirectJDKLog:179 - Starting service [Tomcat] 
INFO  [2018-04-21 15:50:58,624][] org.apache.juli.logging.DirectJDKLog:179 - Starting Servlet Engine: Apache Tomcat/8.5.23 
INFO  [2018-04-21 15:50:58,747][] org.apache.juli.logging.DirectJDKLog:179 - Initializing Spring embedded WebApplicationContext 
INFO  [2018-04-21 15:50:58,747][] org.springframework.boot.context.embedded.EmbeddedWebApplicationContext:276 - Root WebApplicationContext: initialization completed in 2882 ms 
INFO  [2018-04-21 15:50:58,943][] org.springframework.boot.web.servlet.ServletRegistrationBean:190 - Mapping servlet: 'dispatcherServlet' to [/] 
INFO  [2018-04-21 15:50:58,949][] org.springframework.boot.web.servlet.AbstractFilterRegistrationBean:258 - Mapping filter: 'characterEncodingFilter' to: [/*] 
INFO  [2018-04-21 15:50:58,949][] org.springframework.boot.web.servlet.AbstractFilterRegistrationBean:258 - Mapping filter: 'hiddenHttpMethodFilter' to: [/*] 
INFO  [2018-04-21 15:50:58,950][] org.springframework.boot.web.servlet.AbstractFilterRegistrationBean:258 - Mapping filter: 'httpPutFormContentFilter' to: [/*] 
INFO  [2018-04-21 15:50:58,950][] org.springframework.boot.web.servlet.AbstractFilterRegistrationBean:258 - Mapping filter: 'requestContextFilter' to: [/*] 
INFO  [2018-04-21 15:50:59,912][] org.springframework.web.servlet.handler.AbstractHandlerMethodMapping$MappingRegistry:543 - Mapped "{[/page/proxy/userLogin],methods=[POST]}" onto public com.xescm.base.model.wrap.Wrapper<com.liuy.mproxy.model.entity.TheUser> com.liuy.mproxy.web.restcontroller.LoginRestController.userLogin(com.liuy.mproxy.model.dto.UserLoginDTO) 
INFO  [2018-04-21 15:50:59,914][] org.springframework.web.servlet.handler.AbstractHandlerMethodMapping$MappingRegistry:543 - Mapped "{[/page/proxy/userRegiste],methods=[POST]}" onto public com.xescm.base.model.wrap.Wrapper<java.lang.Boolean> com.liuy.mproxy.web.restcontroller.LoginRestController.userRegiste(com.liuy.mproxy.model.dto.UserLoginDTO) 
INFO  [2018-04-21 15:50:59,915][] org.springframework.web.servlet.handler.AbstractHandlerMethodMapping$MappingRegistry:543 - Mapped "{[/v2/api-docs],methods=[GET],produces=[application/json || application/hal+json]}" onto public org.springframework.http.ResponseEntity<springfox.documentation.spring.web.json.Json> springfox.documentation.swagger2.web.Swagger2Controller.getDocumentation(java.lang.String,javax.servlet.http.HttpServletRequest) 
INFO  [2018-04-21 15:50:59,918][] org.springframework.web.servlet.handler.AbstractHandlerMethodMapping$MappingRegistry:543 - Mapped "{[/swagger-resources/configuration/ui]}" onto org.springframework.http.ResponseEntity<springfox.documentation.swagger.web.UiConfiguration> springfox.documentation.swagger.web.ApiResourceController.uiConfiguration() 
INFO  [2018-04-21 15:50:59,919][] org.springframework.web.servlet.handler.AbstractHandlerMethodMapping$MappingRegistry:543 - Mapped "{[/swagger-resources]}" onto org.springframework.http.ResponseEntity<java.util.List<springfox.documentation.swagger.web.SwaggerResource>> springfox.documentation.swagger.web.ApiResourceController.swaggerResources() 
INFO  [2018-04-21 15:50:59,920][] org.springframework.web.servlet.handler.AbstractHandlerMethodMapping$MappingRegistry:543 - Mapped "{[/swagger-resources/configuration/security]}" onto org.springframework.http.ResponseEntity<springfox.documentation.swagger.web.SecurityConfiguration> springfox.documentation.swagger.web.ApiResourceController.securityConfiguration() 
INFO  [2018-04-21 15:50:59,924][] org.springframework.web.servlet.handler.AbstractHandlerMethodMapping$MappingRegistry:543 - Mapped "{[/error]}" onto public org.springframework.http.ResponseEntity<java.util.Map<java.lang.String, java.lang.Object>> org.springframework.boot.autoconfigure.web.BasicErrorController.error(javax.servlet.http.HttpServletRequest) 
INFO  [2018-04-21 15:50:59,925][] org.springframework.web.servlet.handler.AbstractHandlerMethodMapping$MappingRegistry:543 - Mapped "{[/error],produces=[text/html]}" onto public org.springframework.web.servlet.ModelAndView org.springframework.boot.autoconfigure.web.BasicErrorController.errorHtml(javax.servlet.http.HttpServletRequest,javax.servlet.http.HttpServletResponse) 
INFO  [2018-04-21 15:50:59,926][] org.springframework.web.servlet.handler.AbstractHandlerMethodMapping$MappingRegistry:543 - Mapped "{[/status.taobao]}" onto public org.springframework.http.ResponseEntity<java.lang.String> com.taobao.pandora.boot.spring.mvc.StatusTaobaoController.statusTaobao() throws java.io.IOException 
INFO  [2018-04-21 15:51:00,523][] org.springframework.web.servlet.mvc.method.annotation.RequestMappingHandlerAdapter:534 - Looking for @ControllerAdvice: org.springframework.boot.context.embedded.AnnotationConfigEmbeddedWebApplicationContext@a1f72f5: startup date [Sat Apr 21 15:50:55 CST 2018]; root of context hierarchy 
INFO  [2018-04-21 15:51:00,583][] org.springframework.web.servlet.handler.AbstractUrlHandlerMapping:362 - Mapped URL path [/webjars/**] onto handler of type [class org.springframework.web.servlet.resource.ResourceHttpRequestHandler] 
INFO  [2018-04-21 15:51:00,584][] org.springframework.web.servlet.handler.AbstractUrlHandlerMapping:362 - Mapped URL path [/**] onto handler of type [class org.springframework.web.servlet.resource.ResourceHttpRequestHandler] 
INFO  [2018-04-21 15:51:00,632][] org.springframework.web.servlet.handler.AbstractUrlHandlerMapping:362 - Mapped URL path [/**/favicon.ico] onto handler of type [class org.springframework.web.servlet.resource.ResourceHttpRequestHandler] 
INFO  [2018-04-21 15:51:00,967][] org.springframework.ui.freemarker.SpringTemplateLoader:61 - SpringTemplateLoader for FreeMarker: using resource loader [org.springframework.boot.context.embedded.AnnotationConfigEmbeddedWebApplicationContext@a1f72f5: startup date [Sat Apr 21 15:50:55 CST 2018]; root of context hierarchy] and template loader path [classpath:/templates/] 
INFO  [2018-04-21 15:51:00,968][] org.springframework.web.servlet.view.freemarker.FreeMarkerConfigurer:127 - ClassTemplateLoader for Spring macros added to FreeMarker configuration 
INFO  [2018-04-21 15:51:01,595][] org.springframework.jmx.export.MBeanExporter:431 - Registering beans for JMX exposure on startup 
INFO  [2018-04-21 15:51:01,605][] org.springframework.context.support.DefaultLifecycleProcessor$LifecycleGroup:343 - Starting beans in phase 2147483647 
INFO  [2018-04-21 15:51:01,606][] springfox.documentation.spring.web.plugins.DocumentationPluginsBootstrapper:120 - Context refreshed 
INFO  [2018-04-21 15:51:01,624][] springfox.documentation.spring.web.plugins.DocumentationPluginsBootstrapper:123 - Found 1 custom documentation plugin(s) 
INFO  [2018-04-21 15:51:01,634][] springfox.documentation.spring.web.scanners.ApiListingReferenceScanner:44 - Scanning for api listing references 
INFO  [2018-04-21 15:51:01,816][] org.apache.juli.logging.DirectJDKLog:179 - Initializing ProtocolHandler ["http-nio-8099"] 
INFO  [2018-04-21 15:51:01,830][] org.apache.juli.logging.DirectJDKLog:179 - Starting ProtocolHandler ["http-nio-8099"] 
INFO  [2018-04-21 15:51:01,847][] org.apache.juli.logging.DirectJDKLog:179 - Using a shared selector for servlet write/read 
INFO  [2018-04-21 15:51:01,870][] org.springframework.boot.context.embedded.tomcat.TomcatEmbeddedServletContainer:201 - Tomcat started on port(s): 8099 (http) 
INFO  [2018-04-21 15:51:01,877][] org.springframework.boot.StartupInfoLogger:57 - Started TheEnglishApplication in 6.737 seconds (JVM running for 7.866) 
INFO  [2018-04-21 15:51:20,209][] org.apache.juli.logging.DirectJDKLog:179 - Initializing Spring FrameworkServlet 'dispatcherServlet' 
INFO  [2018-04-21 15:51:20,210][] org.springframework.web.servlet.FrameworkServlet:489 - FrameworkServlet 'dispatcherServlet': initialization started 
INFO  [2018-04-21 15:51:20,252][] org.springframework.web.servlet.FrameworkServlet:508 - FrameworkServlet 'dispatcherServlet': initialization completed in 41 ms 
INFO  [2018-04-21 15:51:20,306][] com.liuy.mproxy.web.restcontroller.LoginRestController:37 - ==> 用户登录userLoginDTO=UserLoginDTO(id=null, userPhone=18600787140, userName=null, password=123456) 
INFO  [2018-04-21 15:51:20,635][] com.liuy.mproxy.web.restcontroller.LoginRestController:49 - theUserEntity=TheUser(id=e6ce3f3d8076479d841e019c317eaa0f, userPhone=18600787140, userName=adday, userDealName=null, userPassword=E10ADC3949BA59ABBE56E057F20F883E, email=null, state=null, isActivate=1, createTime=null, imagePath=image/message.png, del=null, motherLanguageName=null, countryCode=null, countryName=null, cityCode=null, cityName=null, userContent=null, version=null) 
INFO  [2018-04-21 17:14:35,332][] com.liuy.mproxy.web.restcontroller.LoginRestController:37 - ==> 用户登录userLoginDTO=UserLoginDTO(id=null, userPhone=18600787140, userName=null, password=123456) 
INFO  [2018-04-21 17:14:35,339][] com.liuy.mproxy.web.restcontroller.LoginRestController:49 - theUserEntity=TheUser(id=e6ce3f3d8076479d841e019c317eaa0f, userPhone=18600787140, userName=adday, userDealName=null, userPassword=E10ADC3949BA59ABBE56E057F20F883E, email=null, state=null, isActivate=1, createTime=null, imagePath=image/message.png, del=null, motherLanguageName=null, countryCode=null, countryName=null, cityCode=null, cityName=null, userContent=null, version=null) 
INFO  [2018-04-21 17:15:32,081][] com.liuy.mproxy.web.restcontroller.LoginRestController:37 - ==> 用户登录userLoginDTO=UserLoginDTO(id=null, userPhone=18600787140, userName=null, password=123456) 
INFO  [2018-04-21 17:15:32,089][] com.liuy.mproxy.web.restcontroller.LoginRestController:49 - theUserEntity=TheUser(id=e6ce3f3d8076479d841e019c317eaa0f, userPhone=18600787140, userName=adday, userDealName=null, userPassword=E10ADC3949BA59ABBE56E057F20F883E, email=null, state=null, isActivate=1, createTime=null, imagePath=image/message.png, del=null, motherLanguageName=null, countryCode=null, countryName=null, cityCode=null, cityName=null, userContent=null, version=null) 
INFO  [2018-04-21 18:29:38,226][] com.liuy.mproxy.web.restcontroller.LoginRestController:37 - ==> 用户登录userLoginDTO=UserLoginDTO(id=null, userPhone=null, userName=null, password=null) 
INFO  [2018-04-21 18:30:27,549][] com.liuy.mproxy.web.restcontroller.LoginRestController:37 - ==> 用户登录userLoginDTO=UserLoginDTO(id=null, userPhone=null, userName=null, password=null) 
INFO  [2018-04-21 18:58:03,954][] com.liuy.mproxy.web.restcontroller.LoginRestController:37 - ==> 用户登录userLoginDTO=UserLoginDTO(id=null, userPhone=18600787140, userName=null, password=123456) 
INFO  [2018-04-21 18:58:04,346][] com.liuy.mproxy.web.restcontroller.LoginRestController:49 - theUserEntity=TheUser(id=e6ce3f3d8076479d841e019c317eaa0f, userPhone=18600787140, userName=adday, userDealName=null, userPassword=E10ADC3949BA59ABBE56E057F20F883E, email=null, state=null, isActivate=1, createTime=null, imagePath=image/message.png, del=null, motherLanguageName=null, countryCode=null, countryName=null, cityCode=null, cityName=null, userContent=null, version=null) 
