INFO  [2018-04-23 16:18:44,771][] org.springframework.boot.StartupInfoLogger:48 - Starting TheEnglishApplication on LSB0HKL0QRJFFSJ with PID 7336 (E:\workSpace\the_english\target\classes started by Administrator in E:\workSpace\the_english) 
INFO  [2018-04-23 16:18:44,778][] org.springframework.boot.SpringApplication:597 - The following profiles are active: local 
INFO  [2018-04-23 16:18:44,940][] org.springframework.context.support.AbstractApplicationContext:583 - Refreshing org.springframework.boot.context.embedded.AnnotationConfigEmbeddedWebApplicationContext@a1f72f5: startup date [Mon Apr 23 16:18:44 CST 2018]; root of context hierarchy 
INFO  [2018-04-23 16:18:45,414][] org.hibernate.validator.internal.util.Version:30 - HV000001: Hibernate Validator 5.3.6.Final 
INFO  [2018-04-23 16:18:46,753][] org.springframework.data.repository.config.RepositoryConfigurationDelegate:165 - Multiple Spring Data modules found, entering strict repository configuration mode! 
INFO  [2018-04-23 16:18:47,431][] org.springframework.context.support.PostProcessorRegistrationDelegate$BeanPostProcessorChecker:327 - Bean 'org.springframework.transaction.annotation.ProxyTransactionManagementConfiguration' of type [org.springframework.transaction.annotation.ProxyTransactionManagementConfiguration$$EnhancerBySpringCGLIB$$83ae15ce] is not eligible for getting processed by all BeanPostProcessors (for example: not eligible for auto-proxying) 
INFO  [2018-04-23 16:18:48,119][] org.springframework.boot.context.embedded.tomcat.TomcatEmbeddedServletContainer:89 - Tomcat initialized with port(s): 8099 (http) 
INFO  [2018-04-23 16:18:48,132][] org.apache.juli.logging.DirectJDKLog:179 - Starting service [Tomcat] 
INFO  [2018-04-23 16:18:48,133][] org.apache.juli.logging.DirectJDKLog:179 - Starting Servlet Engine: Apache Tomcat/8.5.23 
INFO  [2018-04-23 16:18:48,273][] org.apache.juli.logging.DirectJDKLog:179 - Initializing Spring embedded WebApplicationContext 
INFO  [2018-04-23 16:18:48,274][] org.springframework.boot.context.embedded.EmbeddedWebApplicationContext:276 - Root WebApplicationContext: initialization completed in 3334 ms 
INFO  [2018-04-23 16:18:48,578][] org.springframework.boot.web.servlet.ServletRegistrationBean:190 - Mapping servlet: 'dispatcherServlet' to [/] 
INFO  [2018-04-23 16:18:48,588][] org.springframework.boot.web.servlet.AbstractFilterRegistrationBean:258 - Mapping filter: 'characterEncodingFilter' to: [/*] 
INFO  [2018-04-23 16:18:48,589][] org.springframework.boot.web.servlet.AbstractFilterRegistrationBean:258 - Mapping filter: 'hiddenHttpMethodFilter' to: [/*] 
INFO  [2018-04-23 16:18:48,589][] org.springframework.boot.web.servlet.AbstractFilterRegistrationBean:258 - Mapping filter: 'httpPutFormContentFilter' to: [/*] 
INFO  [2018-04-23 16:18:48,590][] org.springframework.boot.web.servlet.AbstractFilterRegistrationBean:258 - Mapping filter: 'requestContextFilter' to: [/*] 
INFO  [2018-04-23 16:18:49,772][] org.springframework.web.servlet.handler.AbstractHandlerMethodMapping$MappingRegistry:543 - Mapped "{[/page/proxy/userLogin],methods=[POST]}" onto public com.xescm.base.model.wrap.Wrapper<com.liuy.mproxy.model.entity.TheUser> com.liuy.mproxy.web.restcontroller.LoginRestController.userLogin(com.liuy.mproxy.model.dto.UserLoginDTO) 
INFO  [2018-04-23 16:18:49,773][] org.springframework.web.servlet.handler.AbstractHandlerMethodMapping$MappingRegistry:543 - Mapped "{[/page/proxy/userRegiste],methods=[POST]}" onto public com.xescm.base.model.wrap.Wrapper<java.lang.Boolean> com.liuy.mproxy.web.restcontroller.LoginRestController.userRegiste(com.liuy.mproxy.model.dto.UserLoginDTO) 
INFO  [2018-04-23 16:18:49,774][] org.springframework.web.servlet.handler.AbstractHandlerMethodMapping$MappingRegistry:543 - Mapped "{[/v2/api-docs],methods=[GET],produces=[application/json || application/hal+json]}" onto public org.springframework.http.ResponseEntity<springfox.documentation.spring.web.json.Json> springfox.documentation.swagger2.web.Swagger2Controller.getDocumentation(java.lang.String,javax.servlet.http.HttpServletRequest) 
INFO  [2018-04-23 16:18:49,777][] org.springframework.web.servlet.handler.AbstractHandlerMethodMapping$MappingRegistry:543 - Mapped "{[/swagger-resources/configuration/ui]}" onto org.springframework.http.ResponseEntity<springfox.documentation.swagger.web.UiConfiguration> springfox.documentation.swagger.web.ApiResourceController.uiConfiguration() 
INFO  [2018-04-23 16:18:49,779][] org.springframework.web.servlet.handler.AbstractHandlerMethodMapping$MappingRegistry:543 - Mapped "{[/swagger-resources]}" onto org.springframework.http.ResponseEntity<java.util.List<springfox.documentation.swagger.web.SwaggerResource>> springfox.documentation.swagger.web.ApiResourceController.swaggerResources() 
INFO  [2018-04-23 16:18:49,780][] org.springframework.web.servlet.handler.AbstractHandlerMethodMapping$MappingRegistry:543 - Mapped "{[/swagger-resources/configuration/security]}" onto org.springframework.http.ResponseEntity<springfox.documentation.swagger.web.SecurityConfiguration> springfox.documentation.swagger.web.ApiResourceController.securityConfiguration() 
INFO  [2018-04-23 16:18:49,783][] org.springframework.web.servlet.handler.AbstractHandlerMethodMapping$MappingRegistry:543 - Mapped "{[/error]}" onto public org.springframework.http.ResponseEntity<java.util.Map<java.lang.String, java.lang.Object>> org.springframework.boot.autoconfigure.web.BasicErrorController.error(javax.servlet.http.HttpServletRequest) 
INFO  [2018-04-23 16:18:49,784][] org.springframework.web.servlet.handler.AbstractHandlerMethodMapping$MappingRegistry:543 - Mapped "{[/error],produces=[text/html]}" onto public org.springframework.web.servlet.ModelAndView org.springframework.boot.autoconfigure.web.BasicErrorController.errorHtml(javax.servlet.http.HttpServletRequest,javax.servlet.http.HttpServletResponse) 
INFO  [2018-04-23 16:18:49,785][] org.springframework.web.servlet.handler.AbstractHandlerMethodMapping$MappingRegistry:543 - Mapped "{[/status.taobao]}" onto public org.springframework.http.ResponseEntity<java.lang.String> com.taobao.pandora.boot.spring.mvc.StatusTaobaoController.statusTaobao() throws java.io.IOException 
INFO  [2018-04-23 16:18:50,390][] org.springframework.web.servlet.mvc.method.annotation.RequestMappingHandlerAdapter:534 - Looking for @ControllerAdvice: org.springframework.boot.context.embedded.AnnotationConfigEmbeddedWebApplicationContext@a1f72f5: startup date [Mon Apr 23 16:18:44 CST 2018]; root of context hierarchy 
INFO  [2018-04-23 16:18:50,460][] org.springframework.web.servlet.handler.AbstractUrlHandlerMapping:362 - Mapped URL path [/webjars/**] onto handler of type [class org.springframework.web.servlet.resource.ResourceHttpRequestHandler] 
INFO  [2018-04-23 16:18:50,460][] org.springframework.web.servlet.handler.AbstractUrlHandlerMapping:362 - Mapped URL path [/**] onto handler of type [class org.springframework.web.servlet.resource.ResourceHttpRequestHandler] 
INFO  [2018-04-23 16:18:50,514][] org.springframework.web.servlet.handler.AbstractUrlHandlerMapping:362 - Mapped URL path [/**/favicon.ico] onto handler of type [class org.springframework.web.servlet.resource.ResourceHttpRequestHandler] 
INFO  [2018-04-23 16:18:50,892][] org.springframework.ui.freemarker.SpringTemplateLoader:61 - SpringTemplateLoader for FreeMarker: using resource loader [org.springframework.boot.context.embedded.AnnotationConfigEmbeddedWebApplicationContext@a1f72f5: startup date [Mon Apr 23 16:18:44 CST 2018]; root of context hierarchy] and template loader path [classpath:/templates/] 
INFO  [2018-04-23 16:18:50,893][] org.springframework.web.servlet.view.freemarker.FreeMarkerConfigurer:127 - ClassTemplateLoader for Spring macros added to FreeMarker configuration 
INFO  [2018-04-23 16:18:51,760][] org.springframework.jmx.export.MBeanExporter:431 - Registering beans for JMX exposure on startup 
INFO  [2018-04-23 16:18:51,771][] org.springframework.context.support.DefaultLifecycleProcessor$LifecycleGroup:343 - Starting beans in phase 2147483647 
INFO  [2018-04-23 16:18:51,771][] springfox.documentation.spring.web.plugins.DocumentationPluginsBootstrapper:120 - Context refreshed 
INFO  [2018-04-23 16:18:51,789][] springfox.documentation.spring.web.plugins.DocumentationPluginsBootstrapper:123 - Found 1 custom documentation plugin(s) 
INFO  [2018-04-23 16:18:51,801][] springfox.documentation.spring.web.scanners.ApiListingReferenceScanner:44 - Scanning for api listing references 
INFO  [2018-04-23 16:18:51,995][] org.apache.juli.logging.DirectJDKLog:179 - Initializing ProtocolHandler ["http-nio-8099"] 
INFO  [2018-04-23 16:18:52,010][] org.apache.juli.logging.DirectJDKLog:179 - Starting ProtocolHandler ["http-nio-8099"] 
INFO  [2018-04-23 16:18:52,030][] org.apache.juli.logging.DirectJDKLog:179 - Using a shared selector for servlet write/read 
INFO  [2018-04-23 16:18:52,054][] org.springframework.boot.context.embedded.tomcat.TomcatEmbeddedServletContainer:201 - Tomcat started on port(s): 8099 (http) 
INFO  [2018-04-23 16:18:52,061][] org.springframework.boot.StartupInfoLogger:57 - Started TheEnglishApplication in 8.197 seconds (JVM running for 9.757) 
INFO  [2018-04-23 16:20:06,921][] org.apache.juli.logging.DirectJDKLog:179 - Initializing Spring FrameworkServlet 'dispatcherServlet' 
INFO  [2018-04-23 16:20:06,922][] org.springframework.web.servlet.FrameworkServlet:489 - FrameworkServlet 'dispatcherServlet': initialization started 
INFO  [2018-04-23 16:20:06,954][] org.springframework.web.servlet.FrameworkServlet:508 - FrameworkServlet 'dispatcherServlet': initialization completed in 32 ms 
INFO  [2018-04-23 16:20:06,990][] com.liuy.mproxy.web.restcontroller.LoginRestController:37 - ==> 用户登录userLoginDTO=UserLoginDTO(id=null, userPhone=18600787140, userName=null, password=123456) 
INFO  [2018-04-23 16:20:11,648][] com.liuy.mproxy.web.restcontroller.LoginRestController:49 - theUserEntity=TheUser(id=e6ce3f3d8076479d841e019c317eaa0f, userPhone=18600787140, userName=adday, userDealName=null, userPassword=E10ADC3949BA59ABBE56E057F20F883E, email=null, state=null, isActivate=1, createTime=null, imagePath=image/message.png, del=null, motherLanguageName=null, countryCode=null, countryName=null, cityCode=null, cityName=null, userContent=null, version=null) 
