INFO  [2018-04-18 16:05:23,358][] org.springframework.boot.StartupInfoLogger:48 - Starting TheEnglishApplication on LSB0HKL0QRJFFSJ with PID 7804 (E:\workSpace\the_english\target\classes started by Administrator in E:\workSpace\the_english) 
INFO  [2018-04-18 16:05:23,374][] org.springframework.boot.SpringApplication:597 - The following profiles are active: local 
INFO  [2018-04-18 16:05:23,498][] org.springframework.context.support.AbstractApplicationContext:583 - Refreshing org.springframework.boot.context.embedded.AnnotationConfigEmbeddedWebApplicationContext@a1f72f5: startup date [Wed Apr 18 16:05:23 CST 2018]; root of context hierarchy 
INFO  [2018-04-18 16:05:24,976][] org.hibernate.validator.internal.util.Version:30 - HV000001: Hibernate Validator 5.3.6.Final 
INFO  [2018-04-18 16:05:26,107][] org.springframework.data.repository.config.RepositoryConfigurationDelegate:165 - Multiple Spring Data modules found, entering strict repository configuration mode! 
INFO  [2018-04-18 16:05:26,859][] org.springframework.context.support.PostProcessorRegistrationDelegate$BeanPostProcessorChecker:327 - Bean 'org.springframework.transaction.annotation.ProxyTransactionManagementConfiguration' of type [org.springframework.transaction.annotation.ProxyTransactionManagementConfiguration$$EnhancerBySpringCGLIB$$d77a9b71] is not eligible for getting processed by all BeanPostProcessors (for example: not eligible for auto-proxying) 
INFO  [2018-04-18 16:05:27,913][] org.springframework.boot.context.embedded.tomcat.TomcatEmbeddedServletContainer:89 - Tomcat initialized with port(s): 8099 (http) 
INFO  [2018-04-18 16:05:28,186][] org.apache.juli.logging.DirectJDKLog:179 - Starting service [Tomcat] 
INFO  [2018-04-18 16:05:28,187][] org.apache.juli.logging.DirectJDKLog:179 - Starting Servlet Engine: Apache Tomcat/8.5.23 
INFO  [2018-04-18 16:05:28,381][] org.apache.juli.logging.DirectJDKLog:179 - Initializing Spring embedded WebApplicationContext 
INFO  [2018-04-18 16:05:28,381][] org.springframework.boot.context.embedded.EmbeddedWebApplicationContext:276 - Root WebApplicationContext: initialization completed in 4883 ms 
INFO  [2018-04-18 16:05:28,661][] org.springframework.boot.web.servlet.ServletRegistrationBean:190 - Mapping servlet: 'dispatcherServlet' to [/] 
INFO  [2018-04-18 16:05:28,670][] org.springframework.boot.web.servlet.AbstractFilterRegistrationBean:258 - Mapping filter: 'characterEncodingFilter' to: [/*] 
INFO  [2018-04-18 16:05:28,671][] org.springframework.boot.web.servlet.AbstractFilterRegistrationBean:258 - Mapping filter: 'hiddenHttpMethodFilter' to: [/*] 
INFO  [2018-04-18 16:05:28,672][] org.springframework.boot.web.servlet.AbstractFilterRegistrationBean:258 - Mapping filter: 'httpPutFormContentFilter' to: [/*] 
INFO  [2018-04-18 16:05:28,672][] org.springframework.boot.web.servlet.AbstractFilterRegistrationBean:258 - Mapping filter: 'requestContextFilter' to: [/*] 
INFO  [2018-04-18 16:05:29,839][] org.springframework.web.servlet.handler.AbstractHandlerMethodMapping$MappingRegistry:543 - Mapped "{[/page/proxy/userLogin],methods=[POST]}" onto public com.xescm.base.model.wrap.Wrapper<com.liuy.mproxy.model.entity.TheUser> com.liuy.mproxy.web.restcontroller.LoginRestController.userLogin(com.liuy.mproxy.model.dto.UserLoginDTO) 
INFO  [2018-04-18 16:05:29,841][] org.springframework.web.servlet.handler.AbstractHandlerMethodMapping$MappingRegistry:543 - Mapped "{[/v2/api-docs],methods=[GET],produces=[application/json || application/hal+json]}" onto public org.springframework.http.ResponseEntity<springfox.documentation.spring.web.json.Json> springfox.documentation.swagger2.web.Swagger2Controller.getDocumentation(java.lang.String,javax.servlet.http.HttpServletRequest) 
INFO  [2018-04-18 16:05:29,845][] org.springframework.web.servlet.handler.AbstractHandlerMethodMapping$MappingRegistry:543 - Mapped "{[/swagger-resources/configuration/security]}" onto org.springframework.http.ResponseEntity<springfox.documentation.swagger.web.SecurityConfiguration> springfox.documentation.swagger.web.ApiResourceController.securityConfiguration() 
INFO  [2018-04-18 16:05:29,845][] org.springframework.web.servlet.handler.AbstractHandlerMethodMapping$MappingRegistry:543 - Mapped "{[/swagger-resources/configuration/ui]}" onto org.springframework.http.ResponseEntity<springfox.documentation.swagger.web.UiConfiguration> springfox.documentation.swagger.web.ApiResourceController.uiConfiguration() 
INFO  [2018-04-18 16:05:29,847][] org.springframework.web.servlet.handler.AbstractHandlerMethodMapping$MappingRegistry:543 - Mapped "{[/swagger-resources]}" onto org.springframework.http.ResponseEntity<java.util.List<springfox.documentation.swagger.web.SwaggerResource>> springfox.documentation.swagger.web.ApiResourceController.swaggerResources() 
INFO  [2018-04-18 16:05:29,850][] org.springframework.web.servlet.handler.AbstractHandlerMethodMapping$MappingRegistry:543 - Mapped "{[/error]}" onto public org.springframework.http.ResponseEntity<java.util.Map<java.lang.String, java.lang.Object>> org.springframework.boot.autoconfigure.web.BasicErrorController.error(javax.servlet.http.HttpServletRequest) 
INFO  [2018-04-18 16:05:29,851][] org.springframework.web.servlet.handler.AbstractHandlerMethodMapping$MappingRegistry:543 - Mapped "{[/error],produces=[text/html]}" onto public org.springframework.web.servlet.ModelAndView org.springframework.boot.autoconfigure.web.BasicErrorController.errorHtml(javax.servlet.http.HttpServletRequest,javax.servlet.http.HttpServletResponse) 
INFO  [2018-04-18 16:05:29,852][] org.springframework.web.servlet.handler.AbstractHandlerMethodMapping$MappingRegistry:543 - Mapped "{[/status.taobao]}" onto public org.springframework.http.ResponseEntity<java.lang.String> com.taobao.pandora.boot.spring.mvc.StatusTaobaoController.statusTaobao() throws java.io.IOException 
INFO  [2018-04-18 16:05:30,575][] org.springframework.web.servlet.mvc.method.annotation.RequestMappingHandlerAdapter:534 - Looking for @ControllerAdvice: org.springframework.boot.context.embedded.AnnotationConfigEmbeddedWebApplicationContext@a1f72f5: startup date [Wed Apr 18 16:05:23 CST 2018]; root of context hierarchy 
INFO  [2018-04-18 16:05:30,668][] org.springframework.web.servlet.handler.AbstractUrlHandlerMapping:362 - Mapped URL path [/webjars/**] onto handler of type [class org.springframework.web.servlet.resource.ResourceHttpRequestHandler] 
INFO  [2018-04-18 16:05:30,668][] org.springframework.web.servlet.handler.AbstractUrlHandlerMapping:362 - Mapped URL path [/**] onto handler of type [class org.springframework.web.servlet.resource.ResourceHttpRequestHandler] 
INFO  [2018-04-18 16:05:30,729][] org.springframework.web.servlet.handler.AbstractUrlHandlerMapping:362 - Mapped URL path [/**/favicon.ico] onto handler of type [class org.springframework.web.servlet.resource.ResourceHttpRequestHandler] 
INFO  [2018-04-18 16:05:31,318][] org.springframework.ui.freemarker.SpringTemplateLoader:61 - SpringTemplateLoader for FreeMarker: using resource loader [org.springframework.boot.context.embedded.AnnotationConfigEmbeddedWebApplicationContext@a1f72f5: startup date [Wed Apr 18 16:05:23 CST 2018]; root of context hierarchy] and template loader path [classpath:/templates/] 
INFO  [2018-04-18 16:05:31,320][] org.springframework.web.servlet.view.freemarker.FreeMarkerConfigurer:127 - ClassTemplateLoader for Spring macros added to FreeMarker configuration 
INFO  [2018-04-18 16:05:32,525][] org.springframework.jmx.export.MBeanExporter:431 - Registering beans for JMX exposure on startup 
INFO  [2018-04-18 16:05:32,542][] org.springframework.context.support.DefaultLifecycleProcessor$LifecycleGroup:343 - Starting beans in phase 2147483647 
INFO  [2018-04-18 16:05:32,543][] springfox.documentation.spring.web.plugins.DocumentationPluginsBootstrapper:120 - Context refreshed 
INFO  [2018-04-18 16:05:32,608][] springfox.documentation.spring.web.plugins.DocumentationPluginsBootstrapper:123 - Found 1 custom documentation plugin(s) 
INFO  [2018-04-18 16:05:32,624][] springfox.documentation.spring.web.scanners.ApiListingReferenceScanner:44 - Scanning for api listing references 
INFO  [2018-04-18 16:05:32,949][] org.apache.juli.logging.DirectJDKLog:179 - Initializing ProtocolHandler ["http-nio-8099"] 
INFO  [2018-04-18 16:05:32,969][] org.apache.juli.logging.DirectJDKLog:179 - Starting ProtocolHandler ["http-nio-8099"] 
INFO  [2018-04-18 16:05:32,991][] org.apache.juli.logging.DirectJDKLog:179 - Using a shared selector for servlet write/read 
INFO  [2018-04-18 16:05:33,025][] org.springframework.boot.context.embedded.tomcat.TomcatEmbeddedServletContainer:201 - Tomcat started on port(s): 8099 (http) 
INFO  [2018-04-18 16:05:33,034][] org.springframework.boot.StartupInfoLogger:57 - Started TheEnglishApplication in 11.027 seconds (JVM running for 12.315) 
INFO  [2018-04-18 16:05:59,076][] org.apache.juli.logging.DirectJDKLog:179 - Initializing Spring FrameworkServlet 'dispatcherServlet' 
INFO  [2018-04-18 16:05:59,077][] org.springframework.web.servlet.FrameworkServlet:489 - FrameworkServlet 'dispatcherServlet': initialization started 
INFO  [2018-04-18 16:05:59,106][] org.springframework.web.servlet.FrameworkServlet:508 - FrameworkServlet 'dispatcherServlet': initialization completed in 29 ms 
INFO  [2018-04-18 16:06:42,091][] org.springframework.boot.StartupInfoLogger:48 - Starting TheEnglishApplication on LSB0HKL0QRJFFSJ with PID 9924 (E:\workSpace\the_english\target\classes started by Administrator in E:\workSpace\the_english) 
INFO  [2018-04-18 16:06:42,096][] org.springframework.boot.SpringApplication:597 - The following profiles are active: local 
INFO  [2018-04-18 16:06:42,628][] org.springframework.context.support.AbstractApplicationContext:583 - Refreshing org.springframework.boot.context.embedded.AnnotationConfigEmbeddedWebApplicationContext@a1f72f5: startup date [Wed Apr 18 16:06:42 CST 2018]; root of context hierarchy 
INFO  [2018-04-18 16:06:43,476][] org.hibernate.validator.internal.util.Version:30 - HV000001: Hibernate Validator 5.3.6.Final 
INFO  [2018-04-18 16:06:44,415][] org.springframework.data.repository.config.RepositoryConfigurationDelegate:165 - Multiple Spring Data modules found, entering strict repository configuration mode! 
INFO  [2018-04-18 16:06:45,030][] org.springframework.context.support.PostProcessorRegistrationDelegate$BeanPostProcessorChecker:327 - Bean 'org.springframework.transaction.annotation.ProxyTransactionManagementConfiguration' of type [org.springframework.transaction.annotation.ProxyTransactionManagementConfiguration$$EnhancerBySpringCGLIB$$27c77d5e] is not eligible for getting processed by all BeanPostProcessors (for example: not eligible for auto-proxying) 
INFO  [2018-04-18 16:06:45,640][] org.springframework.boot.context.embedded.tomcat.TomcatEmbeddedServletContainer:89 - Tomcat initialized with port(s): 8099 (http) 
INFO  [2018-04-18 16:06:45,654][] org.apache.juli.logging.DirectJDKLog:179 - Starting service [Tomcat] 
INFO  [2018-04-18 16:06:45,655][] org.apache.juli.logging.DirectJDKLog:179 - Starting Servlet Engine: Apache Tomcat/8.5.23 
INFO  [2018-04-18 16:06:45,836][] org.apache.juli.logging.DirectJDKLog:179 - Initializing Spring embedded WebApplicationContext 
INFO  [2018-04-18 16:06:45,836][] org.springframework.boot.context.embedded.EmbeddedWebApplicationContext:276 - Root WebApplicationContext: initialization completed in 3208 ms 
INFO  [2018-04-18 16:06:46,042][] org.springframework.boot.web.servlet.ServletRegistrationBean:190 - Mapping servlet: 'dispatcherServlet' to [/] 
INFO  [2018-04-18 16:06:46,049][] org.springframework.boot.web.servlet.AbstractFilterRegistrationBean:258 - Mapping filter: 'characterEncodingFilter' to: [/*] 
INFO  [2018-04-18 16:06:46,050][] org.springframework.boot.web.servlet.AbstractFilterRegistrationBean:258 - Mapping filter: 'hiddenHttpMethodFilter' to: [/*] 
INFO  [2018-04-18 16:06:46,050][] org.springframework.boot.web.servlet.AbstractFilterRegistrationBean:258 - Mapping filter: 'httpPutFormContentFilter' to: [/*] 
INFO  [2018-04-18 16:06:46,051][] org.springframework.boot.web.servlet.AbstractFilterRegistrationBean:258 - Mapping filter: 'requestContextFilter' to: [/*] 
INFO  [2018-04-18 16:06:47,062][] org.springframework.web.servlet.handler.AbstractHandlerMethodMapping$MappingRegistry:543 - Mapped "{[/page/proxy/userLogin],methods=[POST]}" onto public com.xescm.base.model.wrap.Wrapper<com.liuy.mproxy.model.entity.TheUser> com.liuy.mproxy.web.restcontroller.LoginRestController.userLogin(com.liuy.mproxy.model.dto.UserLoginDTO) 
INFO  [2018-04-18 16:06:47,064][] org.springframework.web.servlet.handler.AbstractHandlerMethodMapping$MappingRegistry:543 - Mapped "{[/v2/api-docs],methods=[GET],produces=[application/json || application/hal+json]}" onto public org.springframework.http.ResponseEntity<springfox.documentation.spring.web.json.Json> springfox.documentation.swagger2.web.Swagger2Controller.getDocumentation(java.lang.String,javax.servlet.http.HttpServletRequest) 
INFO  [2018-04-18 16:06:47,067][] org.springframework.web.servlet.handler.AbstractHandlerMethodMapping$MappingRegistry:543 - Mapped "{[/swagger-resources/configuration/ui]}" onto org.springframework.http.ResponseEntity<springfox.documentation.swagger.web.UiConfiguration> springfox.documentation.swagger.web.ApiResourceController.uiConfiguration() 
INFO  [2018-04-18 16:06:47,069][] org.springframework.web.servlet.handler.AbstractHandlerMethodMapping$MappingRegistry:543 - Mapped "{[/swagger-resources]}" onto org.springframework.http.ResponseEntity<java.util.List<springfox.documentation.swagger.web.SwaggerResource>> springfox.documentation.swagger.web.ApiResourceController.swaggerResources() 
INFO  [2018-04-18 16:06:47,070][] org.springframework.web.servlet.handler.AbstractHandlerMethodMapping$MappingRegistry:543 - Mapped "{[/swagger-resources/configuration/security]}" onto org.springframework.http.ResponseEntity<springfox.documentation.swagger.web.SecurityConfiguration> springfox.documentation.swagger.web.ApiResourceController.securityConfiguration() 
INFO  [2018-04-18 16:06:47,073][] org.springframework.web.servlet.handler.AbstractHandlerMethodMapping$MappingRegistry:543 - Mapped "{[/error]}" onto public org.springframework.http.ResponseEntity<java.util.Map<java.lang.String, java.lang.Object>> org.springframework.boot.autoconfigure.web.BasicErrorController.error(javax.servlet.http.HttpServletRequest) 
INFO  [2018-04-18 16:06:47,073][] org.springframework.web.servlet.handler.AbstractHandlerMethodMapping$MappingRegistry:543 - Mapped "{[/error],produces=[text/html]}" onto public org.springframework.web.servlet.ModelAndView org.springframework.boot.autoconfigure.web.BasicErrorController.errorHtml(javax.servlet.http.HttpServletRequest,javax.servlet.http.HttpServletResponse) 
INFO  [2018-04-18 16:06:47,074][] org.springframework.web.servlet.handler.AbstractHandlerMethodMapping$MappingRegistry:543 - Mapped "{[/status.taobao]}" onto public org.springframework.http.ResponseEntity<java.lang.String> com.taobao.pandora.boot.spring.mvc.StatusTaobaoController.statusTaobao() throws java.io.IOException 
INFO  [2018-04-18 16:06:47,711][] org.springframework.web.servlet.mvc.method.annotation.RequestMappingHandlerAdapter:534 - Looking for @ControllerAdvice: org.springframework.boot.context.embedded.AnnotationConfigEmbeddedWebApplicationContext@a1f72f5: startup date [Wed Apr 18 16:06:42 CST 2018]; root of context hierarchy 
INFO  [2018-04-18 16:06:47,778][] org.springframework.web.servlet.handler.AbstractUrlHandlerMapping:362 - Mapped URL path [/webjars/**] onto handler of type [class org.springframework.web.servlet.resource.ResourceHttpRequestHandler] 
INFO  [2018-04-18 16:06:47,778][] org.springframework.web.servlet.handler.AbstractUrlHandlerMapping:362 - Mapped URL path [/**] onto handler of type [class org.springframework.web.servlet.resource.ResourceHttpRequestHandler] 
INFO  [2018-04-18 16:06:47,834][] org.springframework.web.servlet.handler.AbstractUrlHandlerMapping:362 - Mapped URL path [/**/favicon.ico] onto handler of type [class org.springframework.web.servlet.resource.ResourceHttpRequestHandler] 
INFO  [2018-04-18 16:06:48,209][] org.springframework.ui.freemarker.SpringTemplateLoader:61 - SpringTemplateLoader for FreeMarker: using resource loader [org.springframework.boot.context.embedded.AnnotationConfigEmbeddedWebApplicationContext@a1f72f5: startup date [Wed Apr 18 16:06:42 CST 2018]; root of context hierarchy] and template loader path [classpath:/templates/] 
INFO  [2018-04-18 16:06:48,210][] org.springframework.web.servlet.view.freemarker.FreeMarkerConfigurer:127 - ClassTemplateLoader for Spring macros added to FreeMarker configuration 
INFO  [2018-04-18 16:06:48,865][] org.springframework.jmx.export.MBeanExporter:431 - Registering beans for JMX exposure on startup 
INFO  [2018-04-18 16:06:48,876][] org.springframework.context.support.DefaultLifecycleProcessor$LifecycleGroup:343 - Starting beans in phase 2147483647 
INFO  [2018-04-18 16:06:48,876][] springfox.documentation.spring.web.plugins.DocumentationPluginsBootstrapper:120 - Context refreshed 
INFO  [2018-04-18 16:06:48,917][] springfox.documentation.spring.web.plugins.DocumentationPluginsBootstrapper:123 - Found 1 custom documentation plugin(s) 
INFO  [2018-04-18 16:06:48,933][] springfox.documentation.spring.web.scanners.ApiListingReferenceScanner:44 - Scanning for api listing references 
INFO  [2018-04-18 16:06:48,972][] org.apache.juli.logging.DirectJDKLog:179 - Initializing ProtocolHandler ["http-nio-8099"] 
INFO  [2018-04-18 16:06:49,004][] org.apache.juli.logging.DirectJDKLog:179 - Starting ProtocolHandler ["http-nio-8099"] 
INFO  [2018-04-18 16:06:49,038][] org.apache.juli.logging.DirectJDKLog:179 - Using a shared selector for servlet write/read 
INFO  [2018-04-18 16:06:49,081][] org.springframework.boot.context.embedded.tomcat.TomcatEmbeddedServletContainer:201 - Tomcat started on port(s): 8099 (http) 
INFO  [2018-04-18 16:06:49,092][] org.springframework.boot.StartupInfoLogger:57 - Started TheEnglishApplication in 7.663 seconds (JVM running for 8.594) 
INFO  [2018-04-18 16:06:53,044][] org.apache.juli.logging.DirectJDKLog:179 - Initializing Spring FrameworkServlet 'dispatcherServlet' 
INFO  [2018-04-18 16:06:53,044][] org.springframework.web.servlet.FrameworkServlet:489 - FrameworkServlet 'dispatcherServlet': initialization started 
INFO  [2018-04-18 16:06:53,072][] org.springframework.web.servlet.FrameworkServlet:508 - FrameworkServlet 'dispatcherServlet': initialization completed in 27 ms 
INFO  [2018-04-18 16:08:18,682][] org.springframework.boot.StartupInfoLogger:48 - Starting TheEnglishApplication on LSB0HKL0QRJFFSJ with PID 9544 (E:\workSpace\the_english\target\classes started by Administrator in E:\workSpace\the_english) 
INFO  [2018-04-18 16:08:18,686][] org.springframework.boot.SpringApplication:597 - The following profiles are active: local 
INFO  [2018-04-18 16:08:18,824][] org.springframework.context.support.AbstractApplicationContext:583 - Refreshing org.springframework.boot.context.embedded.AnnotationConfigEmbeddedWebApplicationContext@a1f72f5: startup date [Wed Apr 18 16:08:18 CST 2018]; root of context hierarchy 
INFO  [2018-04-18 16:08:19,719][] org.hibernate.validator.internal.util.Version:30 - HV000001: Hibernate Validator 5.3.6.Final 
INFO  [2018-04-18 16:08:20,524][] org.springframework.data.repository.config.RepositoryConfigurationDelegate:165 - Multiple Spring Data modules found, entering strict repository configuration mode! 
INFO  [2018-04-18 16:08:21,128][] org.springframework.context.support.PostProcessorRegistrationDelegate$BeanPostProcessorChecker:327 - Bean 'org.springframework.transaction.annotation.ProxyTransactionManagementConfiguration' of type [org.springframework.transaction.annotation.ProxyTransactionManagementConfiguration$$EnhancerBySpringCGLIB$$bac497ef] is not eligible for getting processed by all BeanPostProcessors (for example: not eligible for auto-proxying) 
INFO  [2018-04-18 16:08:21,752][] org.springframework.boot.context.embedded.tomcat.TomcatEmbeddedServletContainer:89 - Tomcat initialized with port(s): 8099 (http) 
INFO  [2018-04-18 16:08:21,767][] org.apache.juli.logging.DirectJDKLog:179 - Starting service [Tomcat] 
INFO  [2018-04-18 16:08:21,768][] org.apache.juli.logging.DirectJDKLog:179 - Starting Servlet Engine: Apache Tomcat/8.5.23 
INFO  [2018-04-18 16:08:21,896][] org.apache.juli.logging.DirectJDKLog:179 - Initializing Spring embedded WebApplicationContext 
INFO  [2018-04-18 16:08:21,896][] org.springframework.boot.context.embedded.EmbeddedWebApplicationContext:276 - Root WebApplicationContext: initialization completed in 3072 ms 
INFO  [2018-04-18 16:08:22,093][] org.springframework.boot.web.servlet.ServletRegistrationBean:190 - Mapping servlet: 'dispatcherServlet' to [/] 
INFO  [2018-04-18 16:08:22,100][] org.springframework.boot.web.servlet.AbstractFilterRegistrationBean:258 - Mapping filter: 'characterEncodingFilter' to: [/*] 
INFO  [2018-04-18 16:08:22,101][] org.springframework.boot.web.servlet.AbstractFilterRegistrationBean:258 - Mapping filter: 'hiddenHttpMethodFilter' to: [/*] 
INFO  [2018-04-18 16:08:22,101][] org.springframework.boot.web.servlet.AbstractFilterRegistrationBean:258 - Mapping filter: 'httpPutFormContentFilter' to: [/*] 
INFO  [2018-04-18 16:08:22,101][] org.springframework.boot.web.servlet.AbstractFilterRegistrationBean:258 - Mapping filter: 'requestContextFilter' to: [/*] 
INFO  [2018-04-18 16:08:23,029][] org.springframework.web.servlet.handler.AbstractHandlerMethodMapping$MappingRegistry:543 - Mapped "{[/page/proxy/userLogin],methods=[POST]}" onto public com.xescm.base.model.wrap.Wrapper<com.liuy.mproxy.model.entity.TheUser> com.liuy.mproxy.web.restcontroller.LoginRestController.userLogin(com.liuy.mproxy.model.dto.UserLoginDTO) 
INFO  [2018-04-18 16:08:23,031][] org.springframework.web.servlet.handler.AbstractHandlerMethodMapping$MappingRegistry:543 - Mapped "{[/v2/api-docs],methods=[GET],produces=[application/json || application/hal+json]}" onto public org.springframework.http.ResponseEntity<springfox.documentation.spring.web.json.Json> springfox.documentation.swagger2.web.Swagger2Controller.getDocumentation(java.lang.String,javax.servlet.http.HttpServletRequest) 
INFO  [2018-04-18 16:08:23,035][] org.springframework.web.servlet.handler.AbstractHandlerMethodMapping$MappingRegistry:543 - Mapped "{[/swagger-resources/configuration/security]}" onto org.springframework.http.ResponseEntity<springfox.documentation.swagger.web.SecurityConfiguration> springfox.documentation.swagger.web.ApiResourceController.securityConfiguration() 
INFO  [2018-04-18 16:08:23,036][] org.springframework.web.servlet.handler.AbstractHandlerMethodMapping$MappingRegistry:543 - Mapped "{[/swagger-resources/configuration/ui]}" onto org.springframework.http.ResponseEntity<springfox.documentation.swagger.web.UiConfiguration> springfox.documentation.swagger.web.ApiResourceController.uiConfiguration() 
INFO  [2018-04-18 16:08:23,038][] org.springframework.web.servlet.handler.AbstractHandlerMethodMapping$MappingRegistry:543 - Mapped "{[/swagger-resources]}" onto org.springframework.http.ResponseEntity<java.util.List<springfox.documentation.swagger.web.SwaggerResource>> springfox.documentation.swagger.web.ApiResourceController.swaggerResources() 
INFO  [2018-04-18 16:08:23,041][] org.springframework.web.servlet.handler.AbstractHandlerMethodMapping$MappingRegistry:543 - Mapped "{[/error]}" onto public org.springframework.http.ResponseEntity<java.util.Map<java.lang.String, java.lang.Object>> org.springframework.boot.autoconfigure.web.BasicErrorController.error(javax.servlet.http.HttpServletRequest) 
INFO  [2018-04-18 16:08:23,042][] org.springframework.web.servlet.handler.AbstractHandlerMethodMapping$MappingRegistry:543 - Mapped "{[/error],produces=[text/html]}" onto public org.springframework.web.servlet.ModelAndView org.springframework.boot.autoconfigure.web.BasicErrorController.errorHtml(javax.servlet.http.HttpServletRequest,javax.servlet.http.HttpServletResponse) 
INFO  [2018-04-18 16:08:23,043][] org.springframework.web.servlet.handler.AbstractHandlerMethodMapping$MappingRegistry:543 - Mapped "{[/status.taobao]}" onto public org.springframework.http.ResponseEntity<java.lang.String> com.taobao.pandora.boot.spring.mvc.StatusTaobaoController.statusTaobao() throws java.io.IOException 
INFO  [2018-04-18 16:08:23,618][] org.springframework.web.servlet.mvc.method.annotation.RequestMappingHandlerAdapter:534 - Looking for @ControllerAdvice: org.springframework.boot.context.embedded.AnnotationConfigEmbeddedWebApplicationContext@a1f72f5: startup date [Wed Apr 18 16:08:18 CST 2018]; root of context hierarchy 
INFO  [2018-04-18 16:08:23,683][] org.springframework.web.servlet.handler.AbstractUrlHandlerMapping:362 - Mapped URL path [/webjars/**] onto handler of type [class org.springframework.web.servlet.resource.ResourceHttpRequestHandler] 
INFO  [2018-04-18 16:08:23,683][] org.springframework.web.servlet.handler.AbstractUrlHandlerMapping:362 - Mapped URL path [/**] onto handler of type [class org.springframework.web.servlet.resource.ResourceHttpRequestHandler] 
INFO  [2018-04-18 16:08:23,734][] org.springframework.web.servlet.handler.AbstractUrlHandlerMapping:362 - Mapped URL path [/**/favicon.ico] onto handler of type [class org.springframework.web.servlet.resource.ResourceHttpRequestHandler] 
INFO  [2018-04-18 16:08:24,097][] org.springframework.ui.freemarker.SpringTemplateLoader:61 - SpringTemplateLoader for FreeMarker: using resource loader [org.springframework.boot.context.embedded.AnnotationConfigEmbeddedWebApplicationContext@a1f72f5: startup date [Wed Apr 18 16:08:18 CST 2018]; root of context hierarchy] and template loader path [classpath:/templates/] 
INFO  [2018-04-18 16:08:24,098][] org.springframework.web.servlet.view.freemarker.FreeMarkerConfigurer:127 - ClassTemplateLoader for Spring macros added to FreeMarker configuration 
INFO  [2018-04-18 16:08:24,781][] org.springframework.jmx.export.MBeanExporter:431 - Registering beans for JMX exposure on startup 
INFO  [2018-04-18 16:08:24,793][] org.springframework.context.support.DefaultLifecycleProcessor$LifecycleGroup:343 - Starting beans in phase 2147483647 
INFO  [2018-04-18 16:08:24,793][] springfox.documentation.spring.web.plugins.DocumentationPluginsBootstrapper:120 - Context refreshed 
INFO  [2018-04-18 16:08:24,810][] springfox.documentation.spring.web.plugins.DocumentationPluginsBootstrapper:123 - Found 1 custom documentation plugin(s) 
INFO  [2018-04-18 16:08:24,821][] springfox.documentation.spring.web.scanners.ApiListingReferenceScanner:44 - Scanning for api listing references 
INFO  [2018-04-18 16:08:25,049][] org.apache.juli.logging.DirectJDKLog:179 - Initializing ProtocolHandler ["http-nio-8099"] 
INFO  [2018-04-18 16:08:25,075][] org.apache.juli.logging.DirectJDKLog:179 - Starting ProtocolHandler ["http-nio-8099"] 
INFO  [2018-04-18 16:08:25,104][] org.apache.juli.logging.DirectJDKLog:179 - Using a shared selector for servlet write/read 
INFO  [2018-04-18 16:08:25,140][] org.springframework.boot.context.embedded.tomcat.TomcatEmbeddedServletContainer:201 - Tomcat started on port(s): 8099 (http) 
INFO  [2018-04-18 16:08:25,149][] org.springframework.boot.StartupInfoLogger:57 - Started TheEnglishApplication in 7.317 seconds (JVM running for 8.187) 
INFO  [2018-04-18 16:08:29,384][] org.apache.juli.logging.DirectJDKLog:179 - Initializing Spring FrameworkServlet 'dispatcherServlet' 
INFO  [2018-04-18 16:08:29,384][] org.springframework.web.servlet.FrameworkServlet:489 - FrameworkServlet 'dispatcherServlet': initialization started 
INFO  [2018-04-18 16:08:29,415][] org.springframework.web.servlet.FrameworkServlet:508 - FrameworkServlet 'dispatcherServlet': initialization completed in 30 ms 
INFO  [2018-04-18 16:08:54,525][] com.liuy.mproxy.web.restcontroller.LoginRestController:40 - ==> 查询用户信息userPhone=UserLoginDTO(id=null, userPhone=123456, userName=null, password=123456) 
INFO  [2018-04-18 16:08:58,941][] com.liuy.mproxy.web.restcontroller.LoginRestController:52 - theUserEntity=TheUser(id=1, userPhone=123456, userName=liuy, userDealName=刘阳, userPassword=123456, email=wadsad, state=10, isActivate=1, createTime=Mon Apr 09 18:53:07 CST 2018, imagePath=qwqeqw, del=0, motherLanguageName=中文, countryCode=1, countryName=中国, cityCode=2, cityName=北京, userContent=你好啊, version=1) 
INFO  [2018-04-18 16:11:43,204][] org.springframework.boot.StartupInfoLogger:48 - Starting TheEnglishApplication on LSB0HKL0QRJFFSJ with PID 9428 (E:\workSpace\the_english\target\classes started by Administrator in E:\workSpace\the_english) 
INFO  [2018-04-18 16:11:43,212][] org.springframework.boot.SpringApplication:597 - The following profiles are active: local 
INFO  [2018-04-18 16:11:43,440][] org.springframework.context.support.AbstractApplicationContext:583 - Refreshing org.springframework.boot.context.embedded.AnnotationConfigEmbeddedWebApplicationContext@a1f72f5: startup date [Wed Apr 18 16:11:43 CST 2018]; root of context hierarchy 
INFO  [2018-04-18 16:11:43,689][] org.hibernate.validator.internal.util.Version:30 - HV000001: Hibernate Validator 5.3.6.Final 
INFO  [2018-04-18 16:11:44,830][] org.springframework.data.repository.config.RepositoryConfigurationDelegate:165 - Multiple Spring Data modules found, entering strict repository configuration mode! 
INFO  [2018-04-18 16:11:45,451][] org.springframework.context.support.PostProcessorRegistrationDelegate$BeanPostProcessorChecker:327 - Bean 'org.springframework.transaction.annotation.ProxyTransactionManagementConfiguration' of type [org.springframework.transaction.annotation.ProxyTransactionManagementConfiguration$$EnhancerBySpringCGLIB$$9496d901] is not eligible for getting processed by all BeanPostProcessors (for example: not eligible for auto-proxying) 
INFO  [2018-04-18 16:11:46,183][] org.springframework.boot.context.embedded.tomcat.TomcatEmbeddedServletContainer:89 - Tomcat initialized with port(s): 8099 (http) 
INFO  [2018-04-18 16:11:46,196][] org.apache.juli.logging.DirectJDKLog:179 - Starting service [Tomcat] 
INFO  [2018-04-18 16:11:46,198][] org.apache.juli.logging.DirectJDKLog:179 - Starting Servlet Engine: Apache Tomcat/8.5.23 
INFO  [2018-04-18 16:11:46,360][] org.apache.juli.logging.DirectJDKLog:179 - Initializing Spring embedded WebApplicationContext 
INFO  [2018-04-18 16:11:46,360][] org.springframework.boot.context.embedded.EmbeddedWebApplicationContext:276 - Root WebApplicationContext: initialization completed in 2920 ms 
INFO  [2018-04-18 16:11:46,564][] org.springframework.boot.web.servlet.ServletRegistrationBean:190 - Mapping servlet: 'dispatcherServlet' to [/] 
INFO  [2018-04-18 16:11:46,570][] org.springframework.boot.web.servlet.AbstractFilterRegistrationBean:258 - Mapping filter: 'characterEncodingFilter' to: [/*] 
INFO  [2018-04-18 16:11:46,571][] org.springframework.boot.web.servlet.AbstractFilterRegistrationBean:258 - Mapping filter: 'hiddenHttpMethodFilter' to: [/*] 
INFO  [2018-04-18 16:11:46,571][] org.springframework.boot.web.servlet.AbstractFilterRegistrationBean:258 - Mapping filter: 'httpPutFormContentFilter' to: [/*] 
INFO  [2018-04-18 16:11:46,571][] org.springframework.boot.web.servlet.AbstractFilterRegistrationBean:258 - Mapping filter: 'requestContextFilter' to: [/*] 
INFO  [2018-04-18 16:11:47,593][] org.springframework.web.servlet.handler.AbstractHandlerMethodMapping$MappingRegistry:543 - Mapped "{[/page/proxy/userLogin],methods=[POST]}" onto public com.xescm.base.model.wrap.Wrapper<com.liuy.mproxy.model.entity.TheUser> com.liuy.mproxy.web.restcontroller.LoginRestController.userLogin(java.lang.String) 
INFO  [2018-04-18 16:11:47,594][] org.springframework.web.servlet.handler.AbstractHandlerMethodMapping$MappingRegistry:543 - Mapped "{[/v2/api-docs],methods=[GET],produces=[application/json || application/hal+json]}" onto public org.springframework.http.ResponseEntity<springfox.documentation.spring.web.json.Json> springfox.documentation.swagger2.web.Swagger2Controller.getDocumentation(java.lang.String,javax.servlet.http.HttpServletRequest) 
INFO  [2018-04-18 16:11:47,598][] org.springframework.web.servlet.handler.AbstractHandlerMethodMapping$MappingRegistry:543 - Mapped "{[/swagger-resources/configuration/ui]}" onto org.springframework.http.ResponseEntity<springfox.documentation.swagger.web.UiConfiguration> springfox.documentation.swagger.web.ApiResourceController.uiConfiguration() 
INFO  [2018-04-18 16:11:47,599][] org.springframework.web.servlet.handler.AbstractHandlerMethodMapping$MappingRegistry:543 - Mapped "{[/swagger-resources]}" onto org.springframework.http.ResponseEntity<java.util.List<springfox.documentation.swagger.web.SwaggerResource>> springfox.documentation.swagger.web.ApiResourceController.swaggerResources() 
INFO  [2018-04-18 16:11:47,600][] org.springframework.web.servlet.handler.AbstractHandlerMethodMapping$MappingRegistry:543 - Mapped "{[/swagger-resources/configuration/security]}" onto org.springframework.http.ResponseEntity<springfox.documentation.swagger.web.SecurityConfiguration> springfox.documentation.swagger.web.ApiResourceController.securityConfiguration() 
INFO  [2018-04-18 16:11:47,603][] org.springframework.web.servlet.handler.AbstractHandlerMethodMapping$MappingRegistry:543 - Mapped "{[/error]}" onto public org.springframework.http.ResponseEntity<java.util.Map<java.lang.String, java.lang.Object>> org.springframework.boot.autoconfigure.web.BasicErrorController.error(javax.servlet.http.HttpServletRequest) 
INFO  [2018-04-18 16:11:47,603][] org.springframework.web.servlet.handler.AbstractHandlerMethodMapping$MappingRegistry:543 - Mapped "{[/error],produces=[text/html]}" onto public org.springframework.web.servlet.ModelAndView org.springframework.boot.autoconfigure.web.BasicErrorController.errorHtml(javax.servlet.http.HttpServletRequest,javax.servlet.http.HttpServletResponse) 
INFO  [2018-04-18 16:11:47,604][] org.springframework.web.servlet.handler.AbstractHandlerMethodMapping$MappingRegistry:543 - Mapped "{[/status.taobao]}" onto public org.springframework.http.ResponseEntity<java.lang.String> com.taobao.pandora.boot.spring.mvc.StatusTaobaoController.statusTaobao() throws java.io.IOException 
INFO  [2018-04-18 16:11:48,178][] org.springframework.web.servlet.mvc.method.annotation.RequestMappingHandlerAdapter:534 - Looking for @ControllerAdvice: org.springframework.boot.context.embedded.AnnotationConfigEmbeddedWebApplicationContext@a1f72f5: startup date [Wed Apr 18 16:11:43 CST 2018]; root of context hierarchy 
INFO  [2018-04-18 16:11:48,245][] org.springframework.web.servlet.handler.AbstractUrlHandlerMapping:362 - Mapped URL path [/webjars/**] onto handler of type [class org.springframework.web.servlet.resource.ResourceHttpRequestHandler] 
INFO  [2018-04-18 16:11:48,245][] org.springframework.web.servlet.handler.AbstractUrlHandlerMapping:362 - Mapped URL path [/**] onto handler of type [class org.springframework.web.servlet.resource.ResourceHttpRequestHandler] 
INFO  [2018-04-18 16:11:48,304][] org.springframework.web.servlet.handler.AbstractUrlHandlerMapping:362 - Mapped URL path [/**/favicon.ico] onto handler of type [class org.springframework.web.servlet.resource.ResourceHttpRequestHandler] 
INFO  [2018-04-18 16:11:48,680][] org.springframework.ui.freemarker.SpringTemplateLoader:61 - SpringTemplateLoader for FreeMarker: using resource loader [org.springframework.boot.context.embedded.AnnotationConfigEmbeddedWebApplicationContext@a1f72f5: startup date [Wed Apr 18 16:11:43 CST 2018]; root of context hierarchy] and template loader path [classpath:/templates/] 
INFO  [2018-04-18 16:11:48,682][] org.springframework.web.servlet.view.freemarker.FreeMarkerConfigurer:127 - ClassTemplateLoader for Spring macros added to FreeMarker configuration 
INFO  [2018-04-18 16:11:49,383][] org.springframework.jmx.export.MBeanExporter:431 - Registering beans for JMX exposure on startup 
INFO  [2018-04-18 16:11:49,396][] org.springframework.context.support.DefaultLifecycleProcessor$LifecycleGroup:343 - Starting beans in phase 2147483647 
INFO  [2018-04-18 16:11:49,397][] springfox.documentation.spring.web.plugins.DocumentationPluginsBootstrapper:120 - Context refreshed 
INFO  [2018-04-18 16:11:49,416][] springfox.documentation.spring.web.plugins.DocumentationPluginsBootstrapper:123 - Found 1 custom documentation plugin(s) 
INFO  [2018-04-18 16:11:49,429][] springfox.documentation.spring.web.scanners.ApiListingReferenceScanner:44 - Scanning for api listing references 
INFO  [2018-04-18 16:11:49,612][] org.apache.juli.logging.DirectJDKLog:179 - Initializing ProtocolHandler ["http-nio-8099"] 
INFO  [2018-04-18 16:11:49,629][] org.apache.juli.logging.DirectJDKLog:179 - Starting ProtocolHandler ["http-nio-8099"] 
INFO  [2018-04-18 16:11:49,644][] org.apache.juli.logging.DirectJDKLog:179 - Using a shared selector for servlet write/read 
INFO  [2018-04-18 16:11:49,669][] org.springframework.boot.context.embedded.tomcat.TomcatEmbeddedServletContainer:201 - Tomcat started on port(s): 8099 (http) 
INFO  [2018-04-18 16:11:49,676][] org.springframework.boot.StartupInfoLogger:57 - Started TheEnglishApplication in 7.451 seconds (JVM running for 8.323) 
INFO  [2018-04-18 16:11:58,813][] org.apache.juli.logging.DirectJDKLog:179 - Initializing Spring FrameworkServlet 'dispatcherServlet' 
INFO  [2018-04-18 16:11:58,814][] org.springframework.web.servlet.FrameworkServlet:489 - FrameworkServlet 'dispatcherServlet': initialization started 
INFO  [2018-04-18 16:11:58,843][] org.springframework.web.servlet.FrameworkServlet:508 - FrameworkServlet 'dispatcherServlet': initialization completed in 29 ms 
INFO  [2018-04-18 16:11:59,415][] com.liuy.mproxy.web.restcontroller.LoginRestController:52 - theUserEntity=null 
INFO  [2018-04-18 16:12:26,573][] org.springframework.boot.StartupInfoLogger:48 - Starting TheEnglishApplication on LSB0HKL0QRJFFSJ with PID 2632 (E:\workSpace\the_english\target\classes started by Administrator in E:\workSpace\the_english) 
INFO  [2018-04-18 16:12:26,580][] org.springframework.boot.SpringApplication:597 - The following profiles are active: local 
INFO  [2018-04-18 16:12:26,688][] org.springframework.context.support.AbstractApplicationContext:583 - Refreshing org.springframework.boot.context.embedded.AnnotationConfigEmbeddedWebApplicationContext@a1f72f5: startup date [Wed Apr 18 16:12:26 CST 2018]; root of context hierarchy 
INFO  [2018-04-18 16:12:27,346][] org.hibernate.validator.internal.util.Version:30 - HV000001: Hibernate Validator 5.3.6.Final 
INFO  [2018-04-18 16:12:28,512][] org.springframework.data.repository.config.RepositoryConfigurationDelegate:165 - Multiple Spring Data modules found, entering strict repository configuration mode! 
INFO  [2018-04-18 16:12:29,123][] org.springframework.context.support.PostProcessorRegistrationDelegate$BeanPostProcessorChecker:327 - Bean 'org.springframework.transaction.annotation.ProxyTransactionManagementConfiguration' of type [org.springframework.transaction.annotation.ProxyTransactionManagementConfiguration$$EnhancerBySpringCGLIB$$7bbd75be] is not eligible for getting processed by all BeanPostProcessors (for example: not eligible for auto-proxying) 
INFO  [2018-04-18 16:12:29,708][] org.springframework.boot.context.embedded.tomcat.TomcatEmbeddedServletContainer:89 - Tomcat initialized with port(s): 8099 (http) 
INFO  [2018-04-18 16:12:29,720][] org.apache.juli.logging.DirectJDKLog:179 - Starting service [Tomcat] 
INFO  [2018-04-18 16:12:29,721][] org.apache.juli.logging.DirectJDKLog:179 - Starting Servlet Engine: Apache Tomcat/8.5.23 
INFO  [2018-04-18 16:12:29,859][] org.apache.juli.logging.DirectJDKLog:179 - Initializing Spring embedded WebApplicationContext 
INFO  [2018-04-18 16:12:29,859][] org.springframework.boot.context.embedded.EmbeddedWebApplicationContext:276 - Root WebApplicationContext: initialization completed in 3171 ms 
INFO  [2018-04-18 16:12:30,056][] org.springframework.boot.web.servlet.ServletRegistrationBean:190 - Mapping servlet: 'dispatcherServlet' to [/] 
INFO  [2018-04-18 16:12:30,061][] org.springframework.boot.web.servlet.AbstractFilterRegistrationBean:258 - Mapping filter: 'characterEncodingFilter' to: [/*] 
INFO  [2018-04-18 16:12:30,062][] org.springframework.boot.web.servlet.AbstractFilterRegistrationBean:258 - Mapping filter: 'hiddenHttpMethodFilter' to: [/*] 
INFO  [2018-04-18 16:12:30,062][] org.springframework.boot.web.servlet.AbstractFilterRegistrationBean:258 - Mapping filter: 'httpPutFormContentFilter' to: [/*] 
INFO  [2018-04-18 16:12:30,062][] org.springframework.boot.web.servlet.AbstractFilterRegistrationBean:258 - Mapping filter: 'requestContextFilter' to: [/*] 
INFO  [2018-04-18 16:12:30,990][] org.springframework.web.servlet.handler.AbstractHandlerMethodMapping$MappingRegistry:543 - Mapped "{[/page/proxy/userLogin],methods=[POST]}" onto public com.xescm.base.model.wrap.Wrapper<com.liuy.mproxy.model.entity.TheUser> com.liuy.mproxy.web.restcontroller.LoginRestController.userLogin(java.lang.String) 
INFO  [2018-04-18 16:12:30,993][] org.springframework.web.servlet.handler.AbstractHandlerMethodMapping$MappingRegistry:543 - Mapped "{[/v2/api-docs],methods=[GET],produces=[application/json || application/hal+json]}" onto public org.springframework.http.ResponseEntity<springfox.documentation.spring.web.json.Json> springfox.documentation.swagger2.web.Swagger2Controller.getDocumentation(java.lang.String,javax.servlet.http.HttpServletRequest) 
INFO  [2018-04-18 16:12:30,995][] org.springframework.web.servlet.handler.AbstractHandlerMethodMapping$MappingRegistry:543 - Mapped "{[/swagger-resources/configuration/security]}" onto org.springframework.http.ResponseEntity<springfox.documentation.swagger.web.SecurityConfiguration> springfox.documentation.swagger.web.ApiResourceController.securityConfiguration() 
INFO  [2018-04-18 16:12:30,996][] org.springframework.web.servlet.handler.AbstractHandlerMethodMapping$MappingRegistry:543 - Mapped "{[/swagger-resources/configuration/ui]}" onto org.springframework.http.ResponseEntity<springfox.documentation.swagger.web.UiConfiguration> springfox.documentation.swagger.web.ApiResourceController.uiConfiguration() 
INFO  [2018-04-18 16:12:30,997][] org.springframework.web.servlet.handler.AbstractHandlerMethodMapping$MappingRegistry:543 - Mapped "{[/swagger-resources]}" onto org.springframework.http.ResponseEntity<java.util.List<springfox.documentation.swagger.web.SwaggerResource>> springfox.documentation.swagger.web.ApiResourceController.swaggerResources() 
INFO  [2018-04-18 16:12:31,000][] org.springframework.web.servlet.handler.AbstractHandlerMethodMapping$MappingRegistry:543 - Mapped "{[/error]}" onto public org.springframework.http.ResponseEntity<java.util.Map<java.lang.String, java.lang.Object>> org.springframework.boot.autoconfigure.web.BasicErrorController.error(javax.servlet.http.HttpServletRequest) 
INFO  [2018-04-18 16:12:31,001][] org.springframework.web.servlet.handler.AbstractHandlerMethodMapping$MappingRegistry:543 - Mapped "{[/error],produces=[text/html]}" onto public org.springframework.web.servlet.ModelAndView org.springframework.boot.autoconfigure.web.BasicErrorController.errorHtml(javax.servlet.http.HttpServletRequest,javax.servlet.http.HttpServletResponse) 
INFO  [2018-04-18 16:12:31,002][] org.springframework.web.servlet.handler.AbstractHandlerMethodMapping$MappingRegistry:543 - Mapped "{[/status.taobao]}" onto public org.springframework.http.ResponseEntity<java.lang.String> com.taobao.pandora.boot.spring.mvc.StatusTaobaoController.statusTaobao() throws java.io.IOException 
INFO  [2018-04-18 16:12:31,546][] org.springframework.web.servlet.mvc.method.annotation.RequestMappingHandlerAdapter:534 - Looking for @ControllerAdvice: org.springframework.boot.context.embedded.AnnotationConfigEmbeddedWebApplicationContext@a1f72f5: startup date [Wed Apr 18 16:12:26 CST 2018]; root of context hierarchy 
INFO  [2018-04-18 16:12:31,613][] org.springframework.web.servlet.handler.AbstractUrlHandlerMapping:362 - Mapped URL path [/webjars/**] onto handler of type [class org.springframework.web.servlet.resource.ResourceHttpRequestHandler] 
INFO  [2018-04-18 16:12:31,613][] org.springframework.web.servlet.handler.AbstractUrlHandlerMapping:362 - Mapped URL path [/**] onto handler of type [class org.springframework.web.servlet.resource.ResourceHttpRequestHandler] 
INFO  [2018-04-18 16:12:31,667][] org.springframework.web.servlet.handler.AbstractUrlHandlerMapping:362 - Mapped URL path [/**/favicon.ico] onto handler of type [class org.springframework.web.servlet.resource.ResourceHttpRequestHandler] 
INFO  [2018-04-18 16:12:32,051][] org.springframework.ui.freemarker.SpringTemplateLoader:61 - SpringTemplateLoader for FreeMarker: using resource loader [org.springframework.boot.context.embedded.AnnotationConfigEmbeddedWebApplicationContext@a1f72f5: startup date [Wed Apr 18 16:12:26 CST 2018]; root of context hierarchy] and template loader path [classpath:/templates/] 
INFO  [2018-04-18 16:12:32,053][] org.springframework.web.servlet.view.freemarker.FreeMarkerConfigurer:127 - ClassTemplateLoader for Spring macros added to FreeMarker configuration 
INFO  [2018-04-18 16:12:32,751][] org.springframework.jmx.export.MBeanExporter:431 - Registering beans for JMX exposure on startup 
INFO  [2018-04-18 16:12:32,762][] org.springframework.context.support.DefaultLifecycleProcessor$LifecycleGroup:343 - Starting beans in phase 2147483647 
INFO  [2018-04-18 16:12:32,762][] springfox.documentation.spring.web.plugins.DocumentationPluginsBootstrapper:120 - Context refreshed 
INFO  [2018-04-18 16:12:32,780][] springfox.documentation.spring.web.plugins.DocumentationPluginsBootstrapper:123 - Found 1 custom documentation plugin(s) 
INFO  [2018-04-18 16:12:32,791][] springfox.documentation.spring.web.scanners.ApiListingReferenceScanner:44 - Scanning for api listing references 
INFO  [2018-04-18 16:12:33,004][] org.apache.juli.logging.DirectJDKLog:179 - Initializing ProtocolHandler ["http-nio-8099"] 
INFO  [2018-04-18 16:12:33,033][] org.apache.juli.logging.DirectJDKLog:179 - Starting ProtocolHandler ["http-nio-8099"] 
INFO  [2018-04-18 16:12:33,065][] org.apache.juli.logging.DirectJDKLog:179 - Using a shared selector for servlet write/read 
INFO  [2018-04-18 16:12:33,103][] org.springframework.boot.context.embedded.tomcat.TomcatEmbeddedServletContainer:201 - Tomcat started on port(s): 8099 (http) 
INFO  [2018-04-18 16:12:33,113][] org.springframework.boot.StartupInfoLogger:57 - Started TheEnglishApplication in 7.356 seconds (JVM running for 8.16) 
INFO  [2018-04-18 16:12:37,739][] org.apache.juli.logging.DirectJDKLog:179 - Initializing Spring FrameworkServlet 'dispatcherServlet' 
INFO  [2018-04-18 16:12:37,739][] org.springframework.web.servlet.FrameworkServlet:489 - FrameworkServlet 'dispatcherServlet': initialization started 
INFO  [2018-04-18 16:12:37,766][] org.springframework.web.servlet.FrameworkServlet:508 - FrameworkServlet 'dispatcherServlet': initialization completed in 27 ms 
INFO  [2018-04-18 16:12:37,800][] com.liuy.mproxy.web.restcontroller.LoginRestController:40 - ==> 查询用户信息userPhone={"userPhone":"123456","password":"123456"} 
INFO  [2018-04-18 16:12:38,225][] com.liuy.mproxy.web.restcontroller.LoginRestController:52 - theUserEntity=null 
INFO  [2018-04-18 16:14:11,618][] com.liuy.mproxy.web.restcontroller.LoginRestController:40 - ==> 查询用户信息userPhone=userPhone=123456&password=123456 
INFO  [2018-04-18 16:14:11,623][] com.liuy.mproxy.web.restcontroller.LoginRestController:52 - theUserEntity=null 
INFO  [2018-04-18 16:14:30,635][] com.liuy.mproxy.web.restcontroller.LoginRestController:40 - ==> 查询用户信息userPhone=userPhone=123456&password=123456 
INFO  [2018-04-18 16:14:30,642][] com.liuy.mproxy.web.restcontroller.LoginRestController:52 - theUserEntity=null 
INFO  [2018-04-18 16:15:26,002][] org.springframework.boot.StartupInfoLogger:48 - Starting TheEnglishApplication on LSB0HKL0QRJFFSJ with PID 7308 (E:\workSpace\the_english\target\classes started by Administrator in E:\workSpace\the_english) 
INFO  [2018-04-18 16:15:26,007][] org.springframework.boot.SpringApplication:597 - The following profiles are active: local 
INFO  [2018-04-18 16:15:26,083][] org.springframework.context.support.AbstractApplicationContext:583 - Refreshing org.springframework.boot.context.embedded.AnnotationConfigEmbeddedWebApplicationContext@a1f72f5: startup date [Wed Apr 18 16:15:26 CST 2018]; root of context hierarchy 
INFO  [2018-04-18 16:15:26,947][] org.hibernate.validator.internal.util.Version:30 - HV000001: Hibernate Validator 5.3.6.Final 
INFO  [2018-04-18 16:15:28,123][] org.springframework.data.repository.config.RepositoryConfigurationDelegate:165 - Multiple Spring Data modules found, entering strict repository configuration mode! 
INFO  [2018-04-18 16:15:28,735][] org.springframework.context.support.PostProcessorRegistrationDelegate$BeanPostProcessorChecker:327 - Bean 'org.springframework.transaction.annotation.ProxyTransactionManagementConfiguration' of type [org.springframework.transaction.annotation.ProxyTransactionManagementConfiguration$$EnhancerBySpringCGLIB$$f42d2401] is not eligible for getting processed by all BeanPostProcessors (for example: not eligible for auto-proxying) 
INFO  [2018-04-18 16:15:29,337][] org.springframework.boot.context.embedded.tomcat.TomcatEmbeddedServletContainer:89 - Tomcat initialized with port(s): 8099 (http) 
INFO  [2018-04-18 16:15:29,350][] org.apache.juli.logging.DirectJDKLog:179 - Starting service [Tomcat] 
INFO  [2018-04-18 16:15:29,351][] org.apache.juli.logging.DirectJDKLog:179 - Starting Servlet Engine: Apache Tomcat/8.5.23 
INFO  [2018-04-18 16:15:29,544][] org.apache.juli.logging.DirectJDKLog:179 - Initializing Spring embedded WebApplicationContext 
INFO  [2018-04-18 16:15:29,544][] org.springframework.boot.context.embedded.EmbeddedWebApplicationContext:276 - Root WebApplicationContext: initialization completed in 3462 ms 
INFO  [2018-04-18 16:15:29,745][] org.springframework.boot.web.servlet.ServletRegistrationBean:190 - Mapping servlet: 'dispatcherServlet' to [/] 
INFO  [2018-04-18 16:15:29,753][] org.springframework.boot.web.servlet.AbstractFilterRegistrationBean:258 - Mapping filter: 'characterEncodingFilter' to: [/*] 
INFO  [2018-04-18 16:15:29,755][] org.springframework.boot.web.servlet.AbstractFilterRegistrationBean:258 - Mapping filter: 'hiddenHttpMethodFilter' to: [/*] 
INFO  [2018-04-18 16:15:29,755][] org.springframework.boot.web.servlet.AbstractFilterRegistrationBean:258 - Mapping filter: 'httpPutFormContentFilter' to: [/*] 
INFO  [2018-04-18 16:15:29,756][] org.springframework.boot.web.servlet.AbstractFilterRegistrationBean:258 - Mapping filter: 'requestContextFilter' to: [/*] 
INFO  [2018-04-18 16:15:30,699][] org.springframework.web.servlet.handler.AbstractHandlerMethodMapping$MappingRegistry:543 - Mapped "{[/page/proxy/userLogin],methods=[POST]}" onto public com.xescm.base.model.wrap.Wrapper<com.liuy.mproxy.model.entity.TheUser> com.liuy.mproxy.web.restcontroller.LoginRestController.userLogin(com.liuy.mproxy.model.dto.UserLoginDTO) 
INFO  [2018-04-18 16:15:30,701][] org.springframework.web.servlet.handler.AbstractHandlerMethodMapping$MappingRegistry:543 - Mapped "{[/v2/api-docs],methods=[GET],produces=[application/json || application/hal+json]}" onto public org.springframework.http.ResponseEntity<springfox.documentation.spring.web.json.Json> springfox.documentation.swagger2.web.Swagger2Controller.getDocumentation(java.lang.String,javax.servlet.http.HttpServletRequest) 
INFO  [2018-04-18 16:15:30,704][] org.springframework.web.servlet.handler.AbstractHandlerMethodMapping$MappingRegistry:543 - Mapped "{[/swagger-resources/configuration/security]}" onto org.springframework.http.ResponseEntity<springfox.documentation.swagger.web.SecurityConfiguration> springfox.documentation.swagger.web.ApiResourceController.securityConfiguration() 
INFO  [2018-04-18 16:15:30,704][] org.springframework.web.servlet.handler.AbstractHandlerMethodMapping$MappingRegistry:543 - Mapped "{[/swagger-resources/configuration/ui]}" onto org.springframework.http.ResponseEntity<springfox.documentation.swagger.web.UiConfiguration> springfox.documentation.swagger.web.ApiResourceController.uiConfiguration() 
INFO  [2018-04-18 16:15:30,706][] org.springframework.web.servlet.handler.AbstractHandlerMethodMapping$MappingRegistry:543 - Mapped "{[/swagger-resources]}" onto org.springframework.http.ResponseEntity<java.util.List<springfox.documentation.swagger.web.SwaggerResource>> springfox.documentation.swagger.web.ApiResourceController.swaggerResources() 
INFO  [2018-04-18 16:15:30,709][] org.springframework.web.servlet.handler.AbstractHandlerMethodMapping$MappingRegistry:543 - Mapped "{[/error]}" onto public org.springframework.http.ResponseEntity<java.util.Map<java.lang.String, java.lang.Object>> org.springframework.boot.autoconfigure.web.BasicErrorController.error(javax.servlet.http.HttpServletRequest) 
INFO  [2018-04-18 16:15:30,710][] org.springframework.web.servlet.handler.AbstractHandlerMethodMapping$MappingRegistry:543 - Mapped "{[/error],produces=[text/html]}" onto public org.springframework.web.servlet.ModelAndView org.springframework.boot.autoconfigure.web.BasicErrorController.errorHtml(javax.servlet.http.HttpServletRequest,javax.servlet.http.HttpServletResponse) 
INFO  [2018-04-18 16:15:30,711][] org.springframework.web.servlet.handler.AbstractHandlerMethodMapping$MappingRegistry:543 - Mapped "{[/status.taobao]}" onto public org.springframework.http.ResponseEntity<java.lang.String> com.taobao.pandora.boot.spring.mvc.StatusTaobaoController.statusTaobao() throws java.io.IOException 
INFO  [2018-04-18 16:15:31,306][] org.springframework.web.servlet.mvc.method.annotation.RequestMappingHandlerAdapter:534 - Looking for @ControllerAdvice: org.springframework.boot.context.embedded.AnnotationConfigEmbeddedWebApplicationContext@a1f72f5: startup date [Wed Apr 18 16:15:26 CST 2018]; root of context hierarchy 
INFO  [2018-04-18 16:15:31,372][] org.springframework.web.servlet.handler.AbstractUrlHandlerMapping:362 - Mapped URL path [/webjars/**] onto handler of type [class org.springframework.web.servlet.resource.ResourceHttpRequestHandler] 
INFO  [2018-04-18 16:15:31,372][] org.springframework.web.servlet.handler.AbstractUrlHandlerMapping:362 - Mapped URL path [/**] onto handler of type [class org.springframework.web.servlet.resource.ResourceHttpRequestHandler] 
INFO  [2018-04-18 16:15:31,425][] org.springframework.web.servlet.handler.AbstractUrlHandlerMapping:362 - Mapped URL path [/**/favicon.ico] onto handler of type [class org.springframework.web.servlet.resource.ResourceHttpRequestHandler] 
INFO  [2018-04-18 16:15:31,789][] org.springframework.ui.freemarker.SpringTemplateLoader:61 - SpringTemplateLoader for FreeMarker: using resource loader [org.springframework.boot.context.embedded.AnnotationConfigEmbeddedWebApplicationContext@a1f72f5: startup date [Wed Apr 18 16:15:26 CST 2018]; root of context hierarchy] and template loader path [classpath:/templates/] 
INFO  [2018-04-18 16:15:31,790][] org.springframework.web.servlet.view.freemarker.FreeMarkerConfigurer:127 - ClassTemplateLoader for Spring macros added to FreeMarker configuration 
INFO  [2018-04-18 16:15:32,471][] org.springframework.jmx.export.MBeanExporter:431 - Registering beans for JMX exposure on startup 
INFO  [2018-04-18 16:15:32,483][] org.springframework.context.support.DefaultLifecycleProcessor$LifecycleGroup:343 - Starting beans in phase 2147483647 
INFO  [2018-04-18 16:15:32,483][] springfox.documentation.spring.web.plugins.DocumentationPluginsBootstrapper:120 - Context refreshed 
INFO  [2018-04-18 16:15:32,502][] springfox.documentation.spring.web.plugins.DocumentationPluginsBootstrapper:123 - Found 1 custom documentation plugin(s) 
INFO  [2018-04-18 16:15:32,512][] springfox.documentation.spring.web.scanners.ApiListingReferenceScanner:44 - Scanning for api listing references 
INFO  [2018-04-18 16:15:32,699][] org.apache.juli.logging.DirectJDKLog:179 - Initializing ProtocolHandler ["http-nio-8099"] 
INFO  [2018-04-18 16:15:32,714][] org.apache.juli.logging.DirectJDKLog:179 - Starting ProtocolHandler ["http-nio-8099"] 
INFO  [2018-04-18 16:15:32,733][] org.apache.juli.logging.DirectJDKLog:179 - Using a shared selector for servlet write/read 
INFO  [2018-04-18 16:15:32,758][] org.springframework.boot.context.embedded.tomcat.TomcatEmbeddedServletContainer:201 - Tomcat started on port(s): 8099 (http) 
INFO  [2018-04-18 16:15:32,765][] org.springframework.boot.StartupInfoLogger:57 - Started TheEnglishApplication in 7.531 seconds (JVM running for 8.458) 
INFO  [2018-04-18 16:15:43,235][] org.apache.juli.logging.DirectJDKLog:179 - Initializing Spring FrameworkServlet 'dispatcherServlet' 
INFO  [2018-04-18 16:15:43,236][] org.springframework.web.servlet.FrameworkServlet:489 - FrameworkServlet 'dispatcherServlet': initialization started 
INFO  [2018-04-18 16:15:43,280][] org.springframework.web.servlet.FrameworkServlet:508 - FrameworkServlet 'dispatcherServlet': initialization completed in 44 ms 
INFO  [2018-04-18 16:19:08,685][] org.springframework.boot.StartupInfoLogger:48 - Starting TheEnglishApplication on LSB0HKL0QRJFFSJ with PID 4812 (E:\workSpace\the_english\target\classes started by Administrator in E:\workSpace\the_english) 
INFO  [2018-04-18 16:19:08,691][] org.springframework.boot.SpringApplication:597 - The following profiles are active: local 
INFO  [2018-04-18 16:19:08,964][] org.springframework.context.support.AbstractApplicationContext:583 - Refreshing org.springframework.boot.context.embedded.AnnotationConfigEmbeddedWebApplicationContext@a1f72f5: startup date [Wed Apr 18 16:19:08 CST 2018]; root of context hierarchy 
INFO  [2018-04-18 16:19:09,306][] org.hibernate.validator.internal.util.Version:30 - HV000001: Hibernate Validator 5.3.6.Final 
INFO  [2018-04-18 16:19:10,370][] org.springframework.data.repository.config.RepositoryConfigurationDelegate:165 - Multiple Spring Data modules found, entering strict repository configuration mode! 
INFO  [2018-04-18 16:19:11,234][] org.springframework.context.support.PostProcessorRegistrationDelegate$BeanPostProcessorChecker:327 - Bean 'org.springframework.transaction.annotation.ProxyTransactionManagementConfiguration' of type [org.springframework.transaction.annotation.ProxyTransactionManagementConfiguration$$EnhancerBySpringCGLIB$$7af80f0d] is not eligible for getting processed by all BeanPostProcessors (for example: not eligible for auto-proxying) 
INFO  [2018-04-18 16:19:11,889][] org.springframework.boot.context.embedded.tomcat.TomcatEmbeddedServletContainer:89 - Tomcat initialized with port(s): 8099 (http) 
INFO  [2018-04-18 16:19:11,902][] org.apache.juli.logging.DirectJDKLog:179 - Starting service [Tomcat] 
INFO  [2018-04-18 16:19:11,903][] org.apache.juli.logging.DirectJDKLog:179 - Starting Servlet Engine: Apache Tomcat/8.5.23 
INFO  [2018-04-18 16:19:12,043][] org.apache.juli.logging.DirectJDKLog:179 - Initializing Spring embedded WebApplicationContext 
INFO  [2018-04-18 16:19:12,043][] org.springframework.boot.context.embedded.EmbeddedWebApplicationContext:276 - Root WebApplicationContext: initialization completed in 3079 ms 
INFO  [2018-04-18 16:19:12,255][] org.springframework.boot.web.servlet.ServletRegistrationBean:190 - Mapping servlet: 'dispatcherServlet' to [/] 
INFO  [2018-04-18 16:19:12,265][] org.springframework.boot.web.servlet.AbstractFilterRegistrationBean:258 - Mapping filter: 'characterEncodingFilter' to: [/*] 
INFO  [2018-04-18 16:19:12,266][] org.springframework.boot.web.servlet.AbstractFilterRegistrationBean:258 - Mapping filter: 'hiddenHttpMethodFilter' to: [/*] 
INFO  [2018-04-18 16:19:12,266][] org.springframework.boot.web.servlet.AbstractFilterRegistrationBean:258 - Mapping filter: 'httpPutFormContentFilter' to: [/*] 
INFO  [2018-04-18 16:19:12,266][] org.springframework.boot.web.servlet.AbstractFilterRegistrationBean:258 - Mapping filter: 'requestContextFilter' to: [/*] 
INFO  [2018-04-18 16:19:13,238][] org.springframework.web.servlet.handler.AbstractHandlerMethodMapping$MappingRegistry:543 - Mapped "{[/page/proxy/userLogin],methods=[POST]}" onto public com.xescm.base.model.wrap.Wrapper<com.liuy.mproxy.model.entity.TheUser> com.liuy.mproxy.web.restcontroller.LoginRestController.userLogin(com.liuy.mproxy.model.dto.UserLoginDTO) 
INFO  [2018-04-18 16:19:13,240][] org.springframework.web.servlet.handler.AbstractHandlerMethodMapping$MappingRegistry:543 - Mapped "{[/v2/api-docs],methods=[GET],produces=[application/json || application/hal+json]}" onto public org.springframework.http.ResponseEntity<springfox.documentation.spring.web.json.Json> springfox.documentation.swagger2.web.Swagger2Controller.getDocumentation(java.lang.String,javax.servlet.http.HttpServletRequest) 
INFO  [2018-04-18 16:19:13,243][] org.springframework.web.servlet.handler.AbstractHandlerMethodMapping$MappingRegistry:543 - Mapped "{[/swagger-resources/configuration/security]}" onto org.springframework.http.ResponseEntity<springfox.documentation.swagger.web.SecurityConfiguration> springfox.documentation.swagger.web.ApiResourceController.securityConfiguration() 
INFO  [2018-04-18 16:19:13,244][] org.springframework.web.servlet.handler.AbstractHandlerMethodMapping$MappingRegistry:543 - Mapped "{[/swagger-resources/configuration/ui]}" onto org.springframework.http.ResponseEntity<springfox.documentation.swagger.web.UiConfiguration> springfox.documentation.swagger.web.ApiResourceController.uiConfiguration() 
INFO  [2018-04-18 16:19:13,245][] org.springframework.web.servlet.handler.AbstractHandlerMethodMapping$MappingRegistry:543 - Mapped "{[/swagger-resources]}" onto org.springframework.http.ResponseEntity<java.util.List<springfox.documentation.swagger.web.SwaggerResource>> springfox.documentation.swagger.web.ApiResourceController.swaggerResources() 
INFO  [2018-04-18 16:19:13,249][] org.springframework.web.servlet.handler.AbstractHandlerMethodMapping$MappingRegistry:543 - Mapped "{[/error]}" onto public org.springframework.http.ResponseEntity<java.util.Map<java.lang.String, java.lang.Object>> org.springframework.boot.autoconfigure.web.BasicErrorController.error(javax.servlet.http.HttpServletRequest) 
INFO  [2018-04-18 16:19:13,250][] org.springframework.web.servlet.handler.AbstractHandlerMethodMapping$MappingRegistry:543 - Mapped "{[/error],produces=[text/html]}" onto public org.springframework.web.servlet.ModelAndView org.springframework.boot.autoconfigure.web.BasicErrorController.errorHtml(javax.servlet.http.HttpServletRequest,javax.servlet.http.HttpServletResponse) 
INFO  [2018-04-18 16:19:13,251][] org.springframework.web.servlet.handler.AbstractHandlerMethodMapping$MappingRegistry:543 - Mapped "{[/status.taobao]}" onto public org.springframework.http.ResponseEntity<java.lang.String> com.taobao.pandora.boot.spring.mvc.StatusTaobaoController.statusTaobao() throws java.io.IOException 
INFO  [2018-04-18 16:19:13,886][] org.springframework.web.servlet.mvc.method.annotation.RequestMappingHandlerAdapter:534 - Looking for @ControllerAdvice: org.springframework.boot.context.embedded.AnnotationConfigEmbeddedWebApplicationContext@a1f72f5: startup date [Wed Apr 18 16:19:08 CST 2018]; root of context hierarchy 
INFO  [2018-04-18 16:19:13,970][] org.springframework.web.servlet.handler.AbstractUrlHandlerMapping:362 - Mapped URL path [/webjars/**] onto handler of type [class org.springframework.web.servlet.resource.ResourceHttpRequestHandler] 
INFO  [2018-04-18 16:19:13,971][] org.springframework.web.servlet.handler.AbstractUrlHandlerMapping:362 - Mapped URL path [/**] onto handler of type [class org.springframework.web.servlet.resource.ResourceHttpRequestHandler] 
INFO  [2018-04-18 16:19:14,033][] org.springframework.web.servlet.handler.AbstractUrlHandlerMapping:362 - Mapped URL path [/**/favicon.ico] onto handler of type [class org.springframework.web.servlet.resource.ResourceHttpRequestHandler] 
INFO  [2018-04-18 16:19:14,418][] org.springframework.ui.freemarker.SpringTemplateLoader:61 - SpringTemplateLoader for FreeMarker: using resource loader [org.springframework.boot.context.embedded.AnnotationConfigEmbeddedWebApplicationContext@a1f72f5: startup date [Wed Apr 18 16:19:08 CST 2018]; root of context hierarchy] and template loader path [classpath:/templates/] 
INFO  [2018-04-18 16:19:14,419][] org.springframework.web.servlet.view.freemarker.FreeMarkerConfigurer:127 - ClassTemplateLoader for Spring macros added to FreeMarker configuration 
INFO  [2018-04-18 16:19:15,203][] org.springframework.jmx.export.MBeanExporter:431 - Registering beans for JMX exposure on startup 
INFO  [2018-04-18 16:19:15,217][] org.springframework.context.support.DefaultLifecycleProcessor$LifecycleGroup:343 - Starting beans in phase 2147483647 
INFO  [2018-04-18 16:19:15,217][] springfox.documentation.spring.web.plugins.DocumentationPluginsBootstrapper:120 - Context refreshed 
INFO  [2018-04-18 16:19:15,241][] springfox.documentation.spring.web.plugins.DocumentationPluginsBootstrapper:123 - Found 1 custom documentation plugin(s) 
INFO  [2018-04-18 16:19:15,255][] springfox.documentation.spring.web.scanners.ApiListingReferenceScanner:44 - Scanning for api listing references 
INFO  [2018-04-18 16:19:15,446][] org.apache.juli.logging.DirectJDKLog:179 - Initializing ProtocolHandler ["http-nio-8099"] 
INFO  [2018-04-18 16:19:15,460][] org.apache.juli.logging.DirectJDKLog:179 - Starting ProtocolHandler ["http-nio-8099"] 
INFO  [2018-04-18 16:19:15,477][] org.apache.juli.logging.DirectJDKLog:179 - Using a shared selector for servlet write/read 
INFO  [2018-04-18 16:19:15,502][] org.springframework.boot.context.embedded.tomcat.TomcatEmbeddedServletContainer:201 - Tomcat started on port(s): 8099 (http) 
INFO  [2018-04-18 16:19:15,508][] org.springframework.boot.StartupInfoLogger:57 - Started TheEnglishApplication in 8.244 seconds (JVM running for 9.344) 
INFO  [2018-04-18 16:19:30,946][] org.apache.juli.logging.DirectJDKLog:179 - Initializing Spring FrameworkServlet 'dispatcherServlet' 
INFO  [2018-04-18 16:19:30,947][] org.springframework.web.servlet.FrameworkServlet:489 - FrameworkServlet 'dispatcherServlet': initialization started 
INFO  [2018-04-18 16:19:30,975][] org.springframework.web.servlet.FrameworkServlet:508 - FrameworkServlet 'dispatcherServlet': initialization completed in 28 ms 
INFO  [2018-04-18 16:19:31,015][] com.liuy.mproxy.web.restcontroller.LoginRestController:40 - ==> 查询用户信息userPhone=UserLoginDTO(id=null, userPhone=null, userName=null, password=null) 
INFO  [2018-04-18 16:20:13,988][] com.liuy.mproxy.web.restcontroller.LoginRestController:40 - ==> 查询用户信息userPhone=UserLoginDTO(id=null, userPhone=123456, userName=null, password=123456) 
INFO  [2018-04-18 16:20:14,560][] com.liuy.mproxy.web.restcontroller.LoginRestController:52 - theUserEntity=TheUser(id=1, userPhone=123456, userName=liuy, userDealName=刘阳, userPassword=123456, email=wadsad, state=10, isActivate=1, createTime=Mon Apr 09 18:53:07 CST 2018, imagePath=qwqeqw, del=0, motherLanguageName=中文, countryCode=1, countryName=中国, cityCode=2, cityName=北京, userContent=你好啊, version=1) 
INFO  [2018-04-18 16:22:34,939][] com.liuy.mproxy.web.restcontroller.LoginRestController:40 - ==> 查询用户信息userPhone=UserLoginDTO(id=null, userPhone=123456, userName=null, password=123456) 
INFO  [2018-04-18 16:22:34,948][] com.liuy.mproxy.web.restcontroller.LoginRestController:52 - theUserEntity=TheUser(id=1, userPhone=123456, userName=liuy, userDealName=刘阳, userPassword=123456, email=wadsad, state=10, isActivate=1, createTime=Mon Apr 09 18:53:07 CST 2018, imagePath=qwqeqw, del=0, motherLanguageName=中文, countryCode=1, countryName=中国, cityCode=2, cityName=北京, userContent=你好啊, version=1) 
INFO  [2018-04-18 16:33:26,984][] com.liuy.mproxy.web.restcontroller.LoginRestController:40 - ==> 查询用户信息userPhone=UserLoginDTO(id=null, userPhone=123456, userName=null, password=123456) 
INFO  [2018-04-18 16:33:26,992][] com.liuy.mproxy.web.restcontroller.LoginRestController:52 - theUserEntity=TheUser(id=1, userPhone=123456, userName=liuy, userDealName=刘阳, userPassword=123456, email=wadsad, state=10, isActivate=1, createTime=Mon Apr 09 18:53:07 CST 2018, imagePath=qwqeqw, del=0, motherLanguageName=中文, countryCode=1, countryName=中国, cityCode=2, cityName=北京, userContent=你好啊, version=1) 
INFO  [2018-04-18 16:33:33,197][] com.liuy.mproxy.web.restcontroller.LoginRestController:40 - ==> 查询用户信息userPhone=UserLoginDTO(id=null, userPhone=123456, userName=null, password=123456) 
INFO  [2018-04-18 16:33:33,202][] com.liuy.mproxy.web.restcontroller.LoginRestController:52 - theUserEntity=TheUser(id=1, userPhone=123456, userName=liuy, userDealName=刘阳, userPassword=123456, email=wadsad, state=10, isActivate=1, createTime=Mon Apr 09 18:53:07 CST 2018, imagePath=qwqeqw, del=0, motherLanguageName=中文, countryCode=1, countryName=中国, cityCode=2, cityName=北京, userContent=你好啊, version=1) 
INFO  [2018-04-18 16:33:39,942][] com.liuy.mproxy.web.restcontroller.LoginRestController:40 - ==> 查询用户信息userPhone=UserLoginDTO(id=null, userPhone=123456, userName=null, password=123456) 
INFO  [2018-04-18 16:33:39,946][] com.liuy.mproxy.web.restcontroller.LoginRestController:52 - theUserEntity=TheUser(id=1, userPhone=123456, userName=liuy, userDealName=刘阳, userPassword=123456, email=wadsad, state=10, isActivate=1, createTime=Mon Apr 09 18:53:07 CST 2018, imagePath=qwqeqw, del=0, motherLanguageName=中文, countryCode=1, countryName=中国, cityCode=2, cityName=北京, userContent=你好啊, version=1) 
INFO  [2018-04-18 16:34:14,987][] com.liuy.mproxy.web.restcontroller.LoginRestController:40 - ==> 查询用户信息userPhone=UserLoginDTO(id=null, userPhone=123456, userName=null, password=123456) 
INFO  [2018-04-18 16:34:14,993][] com.liuy.mproxy.web.restcontroller.LoginRestController:52 - theUserEntity=TheUser(id=1, userPhone=123456, userName=liuy, userDealName=刘阳, userPassword=123456, email=wadsad, state=10, isActivate=1, createTime=Mon Apr 09 18:53:07 CST 2018, imagePath=qwqeqw, del=0, motherLanguageName=中文, countryCode=1, countryName=中国, cityCode=2, cityName=北京, userContent=你好啊, version=1) 
INFO  [2018-04-18 16:35:16,781][] com.liuy.mproxy.web.restcontroller.LoginRestController:40 - ==> 查询用户信息userPhone=UserLoginDTO(id=null, userPhone=123456, userName=null, password=123456) 
INFO  [2018-04-18 16:35:16,786][] com.liuy.mproxy.web.restcontroller.LoginRestController:52 - theUserEntity=TheUser(id=1, userPhone=123456, userName=liuy, userDealName=刘阳, userPassword=123456, email=wadsad, state=10, isActivate=1, createTime=Mon Apr 09 18:53:07 CST 2018, imagePath=qwqeqw, del=0, motherLanguageName=中文, countryCode=1, countryName=中国, cityCode=2, cityName=北京, userContent=你好啊, version=1) 
INFO  [2018-04-18 16:35:43,035][] com.liuy.mproxy.web.restcontroller.LoginRestController:40 - ==> 查询用户信息userPhone=UserLoginDTO(id=null, userPhone=123456, userName=null, password=123456) 
INFO  [2018-04-18 16:35:43,042][] com.liuy.mproxy.web.restcontroller.LoginRestController:52 - theUserEntity=TheUser(id=1, userPhone=123456, userName=liuy, userDealName=刘阳, userPassword=123456, email=wadsad, state=10, isActivate=1, createTime=Mon Apr 09 18:53:07 CST 2018, imagePath=qwqeqw, del=0, motherLanguageName=中文, countryCode=1, countryName=中国, cityCode=2, cityName=北京, userContent=你好啊, version=1) 
INFO  [2018-04-18 16:36:08,318][] com.liuy.mproxy.web.restcontroller.LoginRestController:40 - ==> 查询用户信息userPhone=UserLoginDTO(id=null, userPhone=123456, userName=null, password=123456) 
INFO  [2018-04-18 16:36:08,323][] com.liuy.mproxy.web.restcontroller.LoginRestController:52 - theUserEntity=TheUser(id=1, userPhone=123456, userName=liuy, userDealName=刘阳, userPassword=123456, email=wadsad, state=10, isActivate=1, createTime=Mon Apr 09 18:53:07 CST 2018, imagePath=qwqeqw, del=0, motherLanguageName=中文, countryCode=1, countryName=中国, cityCode=2, cityName=北京, userContent=你好啊, version=1) 
INFO  [2018-04-18 16:36:43,196][] com.liuy.mproxy.web.restcontroller.LoginRestController:40 - ==> 查询用户信息userPhone=UserLoginDTO(id=null, userPhone=123456, userName=null, password=123456) 
INFO  [2018-04-18 16:36:43,199][] com.liuy.mproxy.web.restcontroller.LoginRestController:52 - theUserEntity=TheUser(id=1, userPhone=123456, userName=liuy, userDealName=刘阳, userPassword=123456, email=wadsad, state=10, isActivate=1, createTime=Mon Apr 09 18:53:07 CST 2018, imagePath=qwqeqw, del=0, motherLanguageName=中文, countryCode=1, countryName=中国, cityCode=2, cityName=北京, userContent=你好啊, version=1) 
INFO  [2018-04-18 16:37:01,205][] com.liuy.mproxy.web.restcontroller.LoginRestController:40 - ==> 查询用户信息userPhone=UserLoginDTO(id=null, userPhone=123456, userName=null, password=12345) 
INFO  [2018-04-18 16:37:01,209][] com.liuy.mproxy.web.restcontroller.LoginRestController:52 - theUserEntity=TheUser(id=1, userPhone=123456, userName=liuy, userDealName=刘阳, userPassword=123456, email=wadsad, state=10, isActivate=1, createTime=Mon Apr 09 18:53:07 CST 2018, imagePath=qwqeqw, del=0, motherLanguageName=中文, countryCode=1, countryName=中国, cityCode=2, cityName=北京, userContent=你好啊, version=1) 
INFO  [2018-04-18 16:37:35,806][] com.liuy.mproxy.web.restcontroller.LoginRestController:40 - ==> 查询用户信息userPhone=UserLoginDTO(id=null, userPhone=123456, userName=null, password=12345) 
INFO  [2018-04-18 16:37:35,813][] com.liuy.mproxy.web.restcontroller.LoginRestController:52 - theUserEntity=TheUser(id=1, userPhone=123456, userName=liuy, userDealName=刘阳, userPassword=123456, email=wadsad, state=10, isActivate=1, createTime=Mon Apr 09 18:53:07 CST 2018, imagePath=qwqeqw, del=0, motherLanguageName=中文, countryCode=1, countryName=中国, cityCode=2, cityName=北京, userContent=你好啊, version=1) 
INFO  [2018-04-18 16:38:58,543][] com.liuy.mproxy.web.restcontroller.LoginRestController:40 - ==> 查询用户信息userPhone=UserLoginDTO(id=null, userPhone=123456, userName=null, password=12345) 
INFO  [2018-04-18 16:38:58,549][] com.liuy.mproxy.web.restcontroller.LoginRestController:52 - theUserEntity=TheUser(id=1, userPhone=123456, userName=liuy, userDealName=刘阳, userPassword=123456, email=wadsad, state=10, isActivate=1, createTime=Mon Apr 09 18:53:07 CST 2018, imagePath=qwqeqw, del=0, motherLanguageName=中文, countryCode=1, countryName=中国, cityCode=2, cityName=北京, userContent=你好啊, version=1) 
INFO  [2018-04-18 16:39:07,570][] com.liuy.mproxy.web.restcontroller.LoginRestController:40 - ==> 查询用户信息userPhone=UserLoginDTO(id=null, userPhone=123456, userName=null, password=12345) 
INFO  [2018-04-18 16:39:07,573][] com.liuy.mproxy.web.restcontroller.LoginRestController:52 - theUserEntity=TheUser(id=1, userPhone=123456, userName=liuy, userDealName=刘阳, userPassword=123456, email=wadsad, state=10, isActivate=1, createTime=Mon Apr 09 18:53:07 CST 2018, imagePath=qwqeqw, del=0, motherLanguageName=中文, countryCode=1, countryName=中国, cityCode=2, cityName=北京, userContent=你好啊, version=1) 
INFO  [2018-04-18 16:42:31,964][] org.springframework.boot.StartupInfoLogger:48 - Starting TheEnglishApplication on LSB0HKL0QRJFFSJ with PID 7760 (E:\workSpace\the_english\target\classes started by Administrator in E:\workSpace\the_english) 
INFO  [2018-04-18 16:42:32,002][] org.springframework.boot.SpringApplication:597 - The following profiles are active: local 
INFO  [2018-04-18 16:42:32,231][] org.springframework.context.support.AbstractApplicationContext:583 - Refreshing org.springframework.boot.context.embedded.AnnotationConfigEmbeddedWebApplicationContext@a1f72f5: startup date [Wed Apr 18 16:42:32 CST 2018]; root of context hierarchy 
INFO  [2018-04-18 16:42:32,631][] org.hibernate.validator.internal.util.Version:30 - HV000001: Hibernate Validator 5.3.6.Final 
INFO  [2018-04-18 16:42:33,683][] org.springframework.data.repository.config.RepositoryConfigurationDelegate:165 - Multiple Spring Data modules found, entering strict repository configuration mode! 
INFO  [2018-04-18 16:42:34,283][] org.springframework.context.support.PostProcessorRegistrationDelegate$BeanPostProcessorChecker:327 - Bean 'org.springframework.transaction.annotation.ProxyTransactionManagementConfiguration' of type [org.springframework.transaction.annotation.ProxyTransactionManagementConfiguration$$EnhancerBySpringCGLIB$$e555e45d] is not eligible for getting processed by all BeanPostProcessors (for example: not eligible for auto-proxying) 
INFO  [2018-04-18 16:42:34,884][] org.springframework.boot.context.embedded.tomcat.TomcatEmbeddedServletContainer:89 - Tomcat initialized with port(s): 8099 (http) 
INFO  [2018-04-18 16:42:34,896][] org.apache.juli.logging.DirectJDKLog:179 - Starting service [Tomcat] 
INFO  [2018-04-18 16:42:34,897][] org.apache.juli.logging.DirectJDKLog:179 - Starting Servlet Engine: Apache Tomcat/8.5.23 
INFO  [2018-04-18 16:42:35,025][] org.apache.juli.logging.DirectJDKLog:179 - Initializing Spring embedded WebApplicationContext 
INFO  [2018-04-18 16:42:35,025][] org.springframework.boot.context.embedded.EmbeddedWebApplicationContext:276 - Root WebApplicationContext: initialization completed in 2794 ms 
INFO  [2018-04-18 16:42:35,226][] org.springframework.boot.web.servlet.ServletRegistrationBean:190 - Mapping servlet: 'dispatcherServlet' to [/] 
INFO  [2018-04-18 16:42:35,232][] org.springframework.boot.web.servlet.AbstractFilterRegistrationBean:258 - Mapping filter: 'characterEncodingFilter' to: [/*] 
INFO  [2018-04-18 16:42:35,232][] org.springframework.boot.web.servlet.AbstractFilterRegistrationBean:258 - Mapping filter: 'hiddenHttpMethodFilter' to: [/*] 
INFO  [2018-04-18 16:42:35,233][] org.springframework.boot.web.servlet.AbstractFilterRegistrationBean:258 - Mapping filter: 'httpPutFormContentFilter' to: [/*] 
INFO  [2018-04-18 16:42:35,233][] org.springframework.boot.web.servlet.AbstractFilterRegistrationBean:258 - Mapping filter: 'requestContextFilter' to: [/*] 
INFO  [2018-04-18 16:42:36,309][] org.springframework.web.servlet.handler.AbstractHandlerMethodMapping$MappingRegistry:543 - Mapped "{[/page/proxy/userLogin],methods=[POST]}" onto public com.xescm.base.model.wrap.Wrapper<com.liuy.mproxy.model.entity.TheUser> com.liuy.mproxy.web.restcontroller.LoginRestController.userLogin(com.liuy.mproxy.model.dto.UserLoginDTO) 
INFO  [2018-04-18 16:42:36,310][] org.springframework.web.servlet.handler.AbstractHandlerMethodMapping$MappingRegistry:543 - Mapped "{[/v2/api-docs],methods=[GET],produces=[application/json || application/hal+json]}" onto public org.springframework.http.ResponseEntity<springfox.documentation.spring.web.json.Json> springfox.documentation.swagger2.web.Swagger2Controller.getDocumentation(java.lang.String,javax.servlet.http.HttpServletRequest) 
INFO  [2018-04-18 16:42:36,313][] org.springframework.web.servlet.handler.AbstractHandlerMethodMapping$MappingRegistry:543 - Mapped "{[/swagger-resources/configuration/ui]}" onto org.springframework.http.ResponseEntity<springfox.documentation.swagger.web.UiConfiguration> springfox.documentation.swagger.web.ApiResourceController.uiConfiguration() 
INFO  [2018-04-18 16:42:36,314][] org.springframework.web.servlet.handler.AbstractHandlerMethodMapping$MappingRegistry:543 - Mapped "{[/swagger-resources]}" onto org.springframework.http.ResponseEntity<java.util.List<springfox.documentation.swagger.web.SwaggerResource>> springfox.documentation.swagger.web.ApiResourceController.swaggerResources() 
INFO  [2018-04-18 16:42:36,315][] org.springframework.web.servlet.handler.AbstractHandlerMethodMapping$MappingRegistry:543 - Mapped "{[/swagger-resources/configuration/security]}" onto org.springframework.http.ResponseEntity<springfox.documentation.swagger.web.SecurityConfiguration> springfox.documentation.swagger.web.ApiResourceController.securityConfiguration() 
INFO  [2018-04-18 16:42:36,318][] org.springframework.web.servlet.handler.AbstractHandlerMethodMapping$MappingRegistry:543 - Mapped "{[/error]}" onto public org.springframework.http.ResponseEntity<java.util.Map<java.lang.String, java.lang.Object>> org.springframework.boot.autoconfigure.web.BasicErrorController.error(javax.servlet.http.HttpServletRequest) 
INFO  [2018-04-18 16:42:36,318][] org.springframework.web.servlet.handler.AbstractHandlerMethodMapping$MappingRegistry:543 - Mapped "{[/error],produces=[text/html]}" onto public org.springframework.web.servlet.ModelAndView org.springframework.boot.autoconfigure.web.BasicErrorController.errorHtml(javax.servlet.http.HttpServletRequest,javax.servlet.http.HttpServletResponse) 
INFO  [2018-04-18 16:42:36,320][] org.springframework.web.servlet.handler.AbstractHandlerMethodMapping$MappingRegistry:543 - Mapped "{[/status.taobao]}" onto public org.springframework.http.ResponseEntity<java.lang.String> com.taobao.pandora.boot.spring.mvc.StatusTaobaoController.statusTaobao() throws java.io.IOException 
INFO  [2018-04-18 16:42:36,911][] org.springframework.web.servlet.mvc.method.annotation.RequestMappingHandlerAdapter:534 - Looking for @ControllerAdvice: org.springframework.boot.context.embedded.AnnotationConfigEmbeddedWebApplicationContext@a1f72f5: startup date [Wed Apr 18 16:42:32 CST 2018]; root of context hierarchy 
INFO  [2018-04-18 16:42:36,975][] org.springframework.web.servlet.handler.AbstractUrlHandlerMapping:362 - Mapped URL path [/webjars/**] onto handler of type [class org.springframework.web.servlet.resource.ResourceHttpRequestHandler] 
INFO  [2018-04-18 16:42:36,976][] org.springframework.web.servlet.handler.AbstractUrlHandlerMapping:362 - Mapped URL path [/**] onto handler of type [class org.springframework.web.servlet.resource.ResourceHttpRequestHandler] 
INFO  [2018-04-18 16:42:37,030][] org.springframework.web.servlet.handler.AbstractUrlHandlerMapping:362 - Mapped URL path [/**/favicon.ico] onto handler of type [class org.springframework.web.servlet.resource.ResourceHttpRequestHandler] 
INFO  [2018-04-18 16:42:37,393][] org.springframework.ui.freemarker.SpringTemplateLoader:61 - SpringTemplateLoader for FreeMarker: using resource loader [org.springframework.boot.context.embedded.AnnotationConfigEmbeddedWebApplicationContext@a1f72f5: startup date [Wed Apr 18 16:42:32 CST 2018]; root of context hierarchy] and template loader path [classpath:/templates/] 
INFO  [2018-04-18 16:42:37,395][] org.springframework.web.servlet.view.freemarker.FreeMarkerConfigurer:127 - ClassTemplateLoader for Spring macros added to FreeMarker configuration 
INFO  [2018-04-18 16:42:38,043][] org.springframework.jmx.export.MBeanExporter:431 - Registering beans for JMX exposure on startup 
INFO  [2018-04-18 16:42:38,053][] org.springframework.context.support.DefaultLifecycleProcessor$LifecycleGroup:343 - Starting beans in phase 2147483647 
INFO  [2018-04-18 16:42:38,054][] springfox.documentation.spring.web.plugins.DocumentationPluginsBootstrapper:120 - Context refreshed 
INFO  [2018-04-18 16:42:38,073][] springfox.documentation.spring.web.plugins.DocumentationPluginsBootstrapper:123 - Found 1 custom documentation plugin(s) 
INFO  [2018-04-18 16:42:38,084][] springfox.documentation.spring.web.scanners.ApiListingReferenceScanner:44 - Scanning for api listing references 
INFO  [2018-04-18 16:42:38,264][] org.apache.juli.logging.DirectJDKLog:179 - Initializing ProtocolHandler ["http-nio-8099"] 
INFO  [2018-04-18 16:42:38,279][] org.apache.juli.logging.DirectJDKLog:179 - Starting ProtocolHandler ["http-nio-8099"] 
INFO  [2018-04-18 16:42:38,297][] org.apache.juli.logging.DirectJDKLog:179 - Using a shared selector for servlet write/read 
INFO  [2018-04-18 16:42:38,323][] org.springframework.boot.context.embedded.tomcat.TomcatEmbeddedServletContainer:201 - Tomcat started on port(s): 8099 (http) 
INFO  [2018-04-18 16:42:38,330][] org.springframework.boot.StartupInfoLogger:57 - Started TheEnglishApplication in 7.25 seconds (JVM running for 8.415) 
INFO  [2018-04-18 16:42:58,922][] org.apache.juli.logging.DirectJDKLog:179 - Initializing Spring FrameworkServlet 'dispatcherServlet' 
INFO  [2018-04-18 16:42:58,922][] org.springframework.web.servlet.FrameworkServlet:489 - FrameworkServlet 'dispatcherServlet': initialization started 
INFO  [2018-04-18 16:42:58,950][] org.springframework.web.servlet.FrameworkServlet:508 - FrameworkServlet 'dispatcherServlet': initialization completed in 27 ms 
INFO  [2018-04-18 16:42:58,986][] com.liuy.mproxy.web.restcontroller.LoginRestController:39 - ==> 查询用户信息userPhone=UserLoginDTO(id=null, userPhone=123456, userName=null, password=12345) 
INFO  [2018-04-18 16:42:59,579][] com.liuy.mproxy.web.restcontroller.LoginRestController:51 - theUserEntity=TheUser(id=1, userPhone=123456, userName=liuy, userDealName=刘阳, userPassword=123456, email=wadsad, state=10, isActivate=1, createTime=Mon Apr 09 18:53:07 CST 2018, imagePath=qwqeqw, del=0, motherLanguageName=中文, countryCode=1, countryName=中国, cityCode=2, cityName=北京, userContent=你好啊, version=1) 
INFO  [2018-04-18 16:56:53,157][] com.liuy.mproxy.web.restcontroller.LoginRestController:39 - ==> 查询用户信息userPhone=UserLoginDTO(id=null, userPhone=123456, userName=null, password=12345) 
INFO  [2018-04-18 16:56:53,167][] com.liuy.mproxy.web.restcontroller.LoginRestController:51 - theUserEntity=TheUser(id=1, userPhone=123456, userName=liuy, userDealName=刘阳, userPassword=123456, email=wadsad, state=10, isActivate=1, createTime=Mon Apr 09 18:53:07 CST 2018, imagePath=qwqeqw, del=0, motherLanguageName=中文, countryCode=1, countryName=中国, cityCode=2, cityName=北京, userContent=你好啊, version=1) 
INFO  [2018-04-18 16:57:36,126][] com.liuy.mproxy.web.restcontroller.LoginRestController:39 - ==> 查询用户信息userPhone=UserLoginDTO(id=null, userPhone=123456, userName=null, password=12345) 
INFO  [2018-04-18 16:57:36,132][] com.liuy.mproxy.web.restcontroller.LoginRestController:51 - theUserEntity=TheUser(id=1, userPhone=123456, userName=liuy, userDealName=刘阳, userPassword=123456, email=wadsad, state=10, isActivate=1, createTime=Mon Apr 09 18:53:07 CST 2018, imagePath=qwqeqw, del=0, motherLanguageName=中文, countryCode=1, countryName=中国, cityCode=2, cityName=北京, userContent=你好啊, version=1) 
INFO  [2018-04-18 17:00:47,152][] com.liuy.mproxy.web.restcontroller.LoginRestController:39 - ==> 查询用户信息userPhone=UserLoginDTO(id=null, userPhone=123456, userName=null, password=12345) 
INFO  [2018-04-18 17:00:47,166][] com.liuy.mproxy.web.restcontroller.LoginRestController:51 - theUserEntity=TheUser(id=1, userPhone=123456, userName=liuy, userDealName=刘阳, userPassword=123456, email=wadsad, state=10, isActivate=1, createTime=Mon Apr 09 18:53:07 CST 2018, imagePath=qwqeqw, del=0, motherLanguageName=中文, countryCode=1, countryName=中国, cityCode=2, cityName=北京, userContent=你好啊, version=1) 
INFO  [2018-04-18 17:02:09,157][] com.liuy.mproxy.web.restcontroller.LoginRestController:39 - ==> 查询用户信息userPhone=UserLoginDTO(id=null, userPhone=111, userName=null, password=) 
INFO  [2018-04-18 17:02:14,876][] com.liuy.mproxy.web.restcontroller.LoginRestController:39 - ==> 查询用户信息userPhone=UserLoginDTO(id=null, userPhone=111, userName=null, password=) 
INFO  [2018-04-18 17:02:21,061][] com.liuy.mproxy.web.restcontroller.LoginRestController:39 - ==> 查询用户信息userPhone=UserLoginDTO(id=null, userPhone=111, userName=null, password=111) 
INFO  [2018-04-18 17:02:21,066][] com.liuy.mproxy.web.restcontroller.LoginRestController:51 - theUserEntity=null 
INFO  [2018-04-18 17:02:28,439][] com.liuy.mproxy.web.restcontroller.LoginRestController:39 - ==> 查询用户信息userPhone=UserLoginDTO(id=null, userPhone=123456, userName=null, password=111) 
INFO  [2018-04-18 17:02:28,447][] com.liuy.mproxy.web.restcontroller.LoginRestController:51 - theUserEntity=TheUser(id=1, userPhone=123456, userName=liuy, userDealName=刘阳, userPassword=123456, email=wadsad, state=10, isActivate=1, createTime=Mon Apr 09 18:53:07 CST 2018, imagePath=qwqeqw, del=0, motherLanguageName=中文, countryCode=1, countryName=中国, cityCode=2, cityName=北京, userContent=你好啊, version=1) 
INFO  [2018-04-18 17:02:34,249][] com.liuy.mproxy.web.restcontroller.LoginRestController:39 - ==> 查询用户信息userPhone=UserLoginDTO(id=null, userPhone=123456, userName=null, password=123456) 
INFO  [2018-04-18 17:02:34,256][] com.liuy.mproxy.web.restcontroller.LoginRestController:51 - theUserEntity=TheUser(id=1, userPhone=123456, userName=liuy, userDealName=刘阳, userPassword=123456, email=wadsad, state=10, isActivate=1, createTime=Mon Apr 09 18:53:07 CST 2018, imagePath=qwqeqw, del=0, motherLanguageName=中文, countryCode=1, countryName=中国, cityCode=2, cityName=北京, userContent=你好啊, version=1) 
INFO  [2018-04-18 17:06:57,547][] com.liuy.mproxy.web.restcontroller.LoginRestController:39 - ==> 查询用户信息userPhone=UserLoginDTO(id=null, userPhone=123456, userName=null, password=123456) 
INFO  [2018-04-18 17:06:57,556][] com.liuy.mproxy.web.restcontroller.LoginRestController:51 - theUserEntity=TheUser(id=1, userPhone=123456, userName=liuy, userDealName=刘阳, userPassword=123456, email=wadsad, state=10, isActivate=1, createTime=Mon Apr 09 18:53:07 CST 2018, imagePath=qwqeqw, del=0, motherLanguageName=中文, countryCode=1, countryName=中国, cityCode=2, cityName=北京, userContent=你好啊, version=1) 
INFO  [2018-04-18 17:07:38,070][] com.liuy.mproxy.web.restcontroller.LoginRestController:39 - ==> 查询用户信息userPhone=UserLoginDTO(id=null, userPhone=, userName=null, password=) 
