WARN  [2018-05-04 10:27:09,898][] org.springframework.boot.autoconfigure.freemarker.FreeMarkerAutoConfiguration:93 - Cannot find template location(s): [classpath:/templates/] (please add some templates, check your FreeMarker configuration, or set spring.freemarker.checkTemplateLocation=false) 
WARN  [2018-05-04 16:11:22,768][] org.springframework.boot.autoconfigure.freemarker.FreeMarkerAutoConfiguration:93 - Cannot find template location(s): [classpath:/templates/] (please add some templates, check your FreeMarker configuration, or set spring.freemarker.checkTemplateLocation=false) 
WARN  [2018-05-04 16:13:56,728][] org.springframework.boot.autoconfigure.freemarker.FreeMarkerAutoConfiguration:93 - Cannot find template location(s): [classpath:/templates/] (please add some templates, check your FreeMarker configuration, or set spring.freemarker.checkTemplateLocation=false) 
WARN  [2018-05-04 16:17:29,455][] org.springframework.web.servlet.mvc.support.DefaultHandlerExceptionResolver:215 - Request method 'GET' not supported 
WARN  [2018-05-04 16:17:29,456][] org.springframework.web.servlet.handler.AbstractHandlerExceptionResolver:189 - Resolved exception caused by Handler execution: org.springframework.web.HttpRequestMethodNotSupportedException: Request method 'GET' not supported 
WARN  [2018-05-04 16:22:27,868][] org.springframework.boot.autoconfigure.freemarker.FreeMarkerAutoConfiguration:93 - Cannot find template location(s): [classpath:/templates/] (please add some templates, check your FreeMarker configuration, or set spring.freemarker.checkTemplateLocation=false) 
WARN  [2018-05-04 16:24:01,563][] org.springframework.boot.autoconfigure.freemarker.FreeMarkerAutoConfiguration:93 - Cannot find template location(s): [classpath:/templates/] (please add some templates, check your FreeMarker configuration, or set spring.freemarker.checkTemplateLocation=false) 
WARN  [2018-05-04 16:27:56,159][] org.springframework.boot.autoconfigure.freemarker.FreeMarkerAutoConfiguration:93 - Cannot find template location(s): [classpath:/templates/] (please add some templates, check your FreeMarker configuration, or set spring.freemarker.checkTemplateLocation=false) 
WARN  [2018-05-04 16:28:08,484][] org.springframework.web.servlet.handler.AbstractHandlerExceptionResolver:189 - Resolved exception caused by Handler execution: org.springframework.web.HttpMediaTypeNotAcceptableException: Could not find acceptable representation 
WARN  [2018-05-04 16:29:11,751][] org.springframework.boot.autoconfigure.freemarker.FreeMarkerAutoConfiguration:93 - Cannot find template location(s): [classpath:/templates/] (please add some templates, check your FreeMarker configuration, or set spring.freemarker.checkTemplateLocation=false) 
WARN  [2018-05-04 17:29:20,320][] org.springframework.boot.autoconfigure.freemarker.FreeMarkerAutoConfiguration:93 - Cannot find template location(s): [classpath:/templates/] (please add some templates, check your FreeMarker configuration, or set spring.freemarker.checkTemplateLocation=false) 
WARN  [2018-05-04 17:31:51,333][] org.springframework.boot.autoconfigure.freemarker.FreeMarkerAutoConfiguration:93 - Cannot find template location(s): [classpath:/templates/] (please add some templates, check your FreeMarker configuration, or set spring.freemarker.checkTemplateLocation=false) 
WARN  [2018-05-04 18:05:56,493][] org.springframework.web.servlet.mvc.support.DefaultHandlerExceptionResolver:215 - Request method 'GET' not supported 
WARN  [2018-05-04 18:05:56,495][] org.springframework.web.servlet.handler.AbstractHandlerExceptionResolver:189 - Resolved exception caused by Handler execution: org.springframework.web.HttpRequestMethodNotSupportedException: Request method 'GET' not supported 
WARN  [2018-05-04 18:06:29,261][] org.springframework.boot.autoconfigure.freemarker.FreeMarkerAutoConfiguration:93 - Cannot find template location(s): [classpath:/templates/] (please add some templates, check your FreeMarker configuration, or set spring.freemarker.checkTemplateLocation=false) 
WARN  [2018-05-04 18:06:38,339][] org.springframework.web.servlet.mvc.support.DefaultHandlerExceptionResolver:384 - Failed to read HTTP message: org.springframework.http.converter.HttpMessageNotReadableException: Required request body is missing: public boolean com.liuy.mproxy.web.restcontroller.OwnerRestController.testKind(java.lang.String) 
WARN  [2018-05-04 18:06:38,341][] org.springframework.web.servlet.handler.AbstractHandlerExceptionResolver:189 - Resolved exception caused by Handler execution: org.springframework.http.converter.HttpMessageNotReadableException: Required request body is missing: public boolean com.liuy.mproxy.web.restcontroller.OwnerRestController.testKind(java.lang.String) 
WARN  [2018-05-04 18:07:21,117][] org.springframework.boot.autoconfigure.freemarker.FreeMarkerAutoConfiguration:93 - Cannot find template location(s): [classpath:/templates/] (please add some templates, check your FreeMarker configuration, or set spring.freemarker.checkTemplateLocation=false) 
WARN  [2018-05-04 18:08:10,668][] org.springframework.boot.autoconfigure.freemarker.FreeMarkerAutoConfiguration:93 - Cannot find template location(s): [classpath:/templates/] (please add some templates, check your FreeMarker configuration, or set spring.freemarker.checkTemplateLocation=false) 
WARN  [2018-05-04 18:09:08,309][] org.springframework.boot.autoconfigure.freemarker.FreeMarkerAutoConfiguration:93 - Cannot find template location(s): [classpath:/templates/] (please add some templates, check your FreeMarker configuration, or set spring.freemarker.checkTemplateLocation=false) 
WARN  [2018-05-04 18:32:11,207][] org.springframework.boot.autoconfigure.freemarker.FreeMarkerAutoConfiguration:93 - Cannot find template location(s): [classpath:/templates/] (please add some templates, check your FreeMarker configuration, or set spring.freemarker.checkTemplateLocation=false) 
WARN  [2018-05-04 18:38:58,596][] org.springframework.boot.autoconfigure.freemarker.FreeMarkerAutoConfiguration:93 - Cannot find template location(s): [classpath:/templates/] (please add some templates, check your FreeMarker configuration, or set spring.freemarker.checkTemplateLocation=false) 
WARN  [2018-05-04 18:40:24,862][] org.springframework.boot.autoconfigure.freemarker.FreeMarkerAutoConfiguration:93 - Cannot find template location(s): [classpath:/templates/] (please add some templates, check your FreeMarker configuration, or set spring.freemarker.checkTemplateLocation=false) 
WARN  [2018-05-04 18:40:59,231][] org.springframework.boot.autoconfigure.freemarker.FreeMarkerAutoConfiguration:93 - Cannot find template location(s): [classpath:/templates/] (please add some templates, check your FreeMarker configuration, or set spring.freemarker.checkTemplateLocation=false) 
WARN  [2018-05-04 18:43:53,807][] org.springframework.boot.autoconfigure.freemarker.FreeMarkerAutoConfiguration:93 - Cannot find template location(s): [classpath:/templates/] (please add some templates, check your FreeMarker configuration, or set spring.freemarker.checkTemplateLocation=false) 
WARN  [2018-05-04 18:53:56,203][] org.springframework.boot.autoconfigure.freemarker.FreeMarkerAutoConfiguration:93 - Cannot find template location(s): [classpath:/templates/] (please add some templates, check your FreeMarker configuration, or set spring.freemarker.checkTemplateLocation=false) 
WARN  [2018-05-04 18:56:37,028][] org.springframework.boot.autoconfigure.freemarker.FreeMarkerAutoConfiguration:93 - Cannot find template location(s): [classpath:/templates/] (please add some templates, check your FreeMarker configuration, or set spring.freemarker.checkTemplateLocation=false) 
