INFO  [2018-04-27 14:59:04,197][] org.springframework.boot.StartupInfoLogger:48 - Starting TheEnglishApplication on LSB0HKL0QRJFFSJ with PID 7944 (E:\workSpace\the_english\target\classes started by Administrator in E:\workSpace\the_english) 
INFO  [2018-04-27 14:59:04,202][] org.springframework.boot.SpringApplication:597 - The following profiles are active: local 
INFO  [2018-04-27 14:59:04,475][] org.springframework.context.support.AbstractApplicationContext:583 - Refreshing org.springframework.boot.context.embedded.AnnotationConfigEmbeddedWebApplicationContext@342382bd: startup date [Fri Apr 27 14:59:04 CST 2018]; root of context hierarchy 
INFO  [2018-04-27 14:59:05,985][] org.hibernate.validator.internal.util.Version:30 - HV000001: Hibernate Validator 5.3.6.Final 
INFO  [2018-04-27 14:59:08,887][] org.springframework.data.repository.config.RepositoryConfigurationDelegate:165 - Multiple Spring Data modules found, entering strict repository configuration mode! 
INFO  [2018-04-27 14:59:09,843][] org.springframework.context.support.PostProcessorRegistrationDelegate$BeanPostProcessorChecker:327 - Bean 'org.springframework.transaction.annotation.ProxyTransactionManagementConfiguration' of type [org.springframework.transaction.annotation.ProxyTransactionManagementConfiguration$$EnhancerBySpringCGLIB$$87b88117] is not eligible for getting processed by all BeanPostProcessors (for example: not eligible for auto-proxying) 
INFO  [2018-04-27 14:59:11,570][] org.springframework.boot.context.embedded.tomcat.TomcatEmbeddedServletContainer:89 - Tomcat initialized with port(s): 8099 (http) 
INFO  [2018-04-27 14:59:11,604][] org.apache.juli.logging.DirectJDKLog:179 - Starting service [Tomcat] 
INFO  [2018-04-27 14:59:11,606][] org.apache.juli.logging.DirectJDKLog:179 - Starting Servlet Engine: Apache Tomcat/8.5.23 
INFO  [2018-04-27 14:59:11,832][] org.apache.juli.logging.DirectJDKLog:179 - Initializing Spring embedded WebApplicationContext 
INFO  [2018-04-27 14:59:11,833][] org.springframework.boot.context.embedded.EmbeddedWebApplicationContext:276 - Root WebApplicationContext: initialization completed in 7359 ms 
INFO  [2018-04-27 14:59:12,113][] org.springframework.boot.web.servlet.ServletRegistrationBean:190 - Mapping servlet: 'dispatcherServlet' to [/] 
INFO  [2018-04-27 14:59:12,120][] org.springframework.boot.web.servlet.AbstractFilterRegistrationBean:258 - Mapping filter: 'characterEncodingFilter' to: [/*] 
INFO  [2018-04-27 14:59:12,121][] org.springframework.boot.web.servlet.AbstractFilterRegistrationBean:258 - Mapping filter: 'hiddenHttpMethodFilter' to: [/*] 
INFO  [2018-04-27 14:59:12,121][] org.springframework.boot.web.servlet.AbstractFilterRegistrationBean:258 - Mapping filter: 'httpPutFormContentFilter' to: [/*] 
INFO  [2018-04-27 14:59:12,121][] org.springframework.boot.web.servlet.AbstractFilterRegistrationBean:258 - Mapping filter: 'requestContextFilter' to: [/*] 
INFO  [2018-04-27 14:59:13,705][] org.springframework.web.servlet.handler.AbstractHandlerMethodMapping$MappingRegistry:543 - Mapped "{[/page/test/test]}" onto public void com.liuy.mproxy.web.restcontroller.FreemarkerController.demo() 
INFO  [2018-04-27 14:59:13,709][] org.springframework.web.servlet.handler.AbstractHandlerMethodMapping$MappingRegistry:543 - Mapped "{[/page/proxy/userLogin],methods=[POST]}" onto public com.xescm.base.model.wrap.Wrapper<com.liuy.mproxy.model.entity.TheUser> com.liuy.mproxy.web.restcontroller.LoginRestController.userLogin(com.liuy.mproxy.model.dto.UserLoginDTO) 
INFO  [2018-04-27 14:59:13,710][] org.springframework.web.servlet.handler.AbstractHandlerMethodMapping$MappingRegistry:543 - Mapped "{[/page/proxy/userRegiste],methods=[POST]}" onto public com.xescm.base.model.wrap.Wrapper<java.lang.Boolean> com.liuy.mproxy.web.restcontroller.LoginRestController.userRegiste(com.liuy.mproxy.model.dto.UserLoginDTO) 
INFO  [2018-04-27 14:59:13,711][] org.springframework.web.servlet.handler.AbstractHandlerMethodMapping$MappingRegistry:543 - Mapped "{[/page/proxy/sendMessage],methods=[POST]}" onto public com.xescm.base.model.wrap.Wrapper<java.lang.String> com.liuy.mproxy.web.restcontroller.LoginRestController.sendMessage(com.liuy.mproxy.model.dto.UserLoginDTO) 
INFO  [2018-04-27 14:59:13,711][] org.springframework.web.servlet.handler.AbstractHandlerMethodMapping$MappingRegistry:543 - Mapped "{[/page/proxy/modifyPassword],methods=[POST]}" onto public com.xescm.base.model.wrap.Wrapper<java.lang.Boolean> com.liuy.mproxy.web.restcontroller.LoginRestController.modifyPassword(com.liuy.mproxy.model.dto.UserLoginDTO) 
INFO  [2018-04-27 14:59:13,713][] org.springframework.web.servlet.handler.AbstractHandlerMethodMapping$MappingRegistry:543 - Mapped "{[/page/talk/theTalk],methods=[POST]}" onto public com.xescm.base.model.wrap.Wrapper<com.liuy.mproxy.model.vo.TheTalkVO> com.liuy.mproxy.web.restcontroller.TheTalkRestController.theTalk(com.liuy.mproxy.model.dto.UserLoginDTO) 
INFO  [2018-04-27 14:59:13,714][] org.springframework.web.servlet.handler.AbstractHandlerMethodMapping$MappingRegistry:543 - Mapped "{[/v2/api-docs],methods=[GET],produces=[application/json || application/hal+json]}" onto public org.springframework.http.ResponseEntity<springfox.documentation.spring.web.json.Json> springfox.documentation.swagger2.web.Swagger2Controller.getDocumentation(java.lang.String,javax.servlet.http.HttpServletRequest) 
INFO  [2018-04-27 14:59:13,718][] org.springframework.web.servlet.handler.AbstractHandlerMethodMapping$MappingRegistry:543 - Mapped "{[/swagger-resources]}" onto org.springframework.http.ResponseEntity<java.util.List<springfox.documentation.swagger.web.SwaggerResource>> springfox.documentation.swagger.web.ApiResourceController.swaggerResources() 
INFO  [2018-04-27 14:59:13,719][] org.springframework.web.servlet.handler.AbstractHandlerMethodMapping$MappingRegistry:543 - Mapped "{[/swagger-resources/configuration/ui]}" onto org.springframework.http.ResponseEntity<springfox.documentation.swagger.web.UiConfiguration> springfox.documentation.swagger.web.ApiResourceController.uiConfiguration() 
INFO  [2018-04-27 14:59:13,720][] org.springframework.web.servlet.handler.AbstractHandlerMethodMapping$MappingRegistry:543 - Mapped "{[/swagger-resources/configuration/security]}" onto org.springframework.http.ResponseEntity<springfox.documentation.swagger.web.SecurityConfiguration> springfox.documentation.swagger.web.ApiResourceController.securityConfiguration() 
INFO  [2018-04-27 14:59:13,724][] org.springframework.web.servlet.handler.AbstractHandlerMethodMapping$MappingRegistry:543 - Mapped "{[/error]}" onto public org.springframework.http.ResponseEntity<java.util.Map<java.lang.String, java.lang.Object>> org.springframework.boot.autoconfigure.web.BasicErrorController.error(javax.servlet.http.HttpServletRequest) 
INFO  [2018-04-27 14:59:13,724][] org.springframework.web.servlet.handler.AbstractHandlerMethodMapping$MappingRegistry:543 - Mapped "{[/error],produces=[text/html]}" onto public org.springframework.web.servlet.ModelAndView org.springframework.boot.autoconfigure.web.BasicErrorController.errorHtml(javax.servlet.http.HttpServletRequest,javax.servlet.http.HttpServletResponse) 
INFO  [2018-04-27 14:59:13,726][] org.springframework.web.servlet.handler.AbstractHandlerMethodMapping$MappingRegistry:543 - Mapped "{[/status.taobao]}" onto public org.springframework.http.ResponseEntity<java.lang.String> com.taobao.pandora.boot.spring.mvc.StatusTaobaoController.statusTaobao() throws java.io.IOException 
INFO  [2018-04-27 14:59:14,676][] org.springframework.web.servlet.mvc.method.annotation.RequestMappingHandlerAdapter:534 - Looking for @ControllerAdvice: org.springframework.boot.context.embedded.AnnotationConfigEmbeddedWebApplicationContext@342382bd: startup date [Fri Apr 27 14:59:04 CST 2018]; root of context hierarchy 
INFO  [2018-04-27 14:59:14,771][] com.liuy.mproxy.config.WebAppConfig:35 - imagesPath=file:/E:/imagesuuuu/ 
INFO  [2018-04-27 14:59:14,788][] org.springframework.web.servlet.handler.AbstractUrlHandlerMapping:362 - Mapped URL path [/images/**] onto handler of type [class org.springframework.web.servlet.resource.ResourceHttpRequestHandler] 
INFO  [2018-04-27 14:59:14,789][] org.springframework.web.servlet.handler.AbstractUrlHandlerMapping:362 - Mapped URL path [/webjars/**] onto handler of type [class org.springframework.web.servlet.resource.ResourceHttpRequestHandler] 
INFO  [2018-04-27 14:59:14,789][] org.springframework.web.servlet.handler.AbstractUrlHandlerMapping:362 - Mapped URL path [/**] onto handler of type [class org.springframework.web.servlet.resource.ResourceHttpRequestHandler] 
INFO  [2018-04-27 14:59:14,889][] org.springframework.web.servlet.handler.AbstractUrlHandlerMapping:362 - Mapped URL path [/**/favicon.ico] onto handler of type [class org.springframework.web.servlet.resource.ResourceHttpRequestHandler] 
INFO  [2018-04-27 14:59:15,545][] org.springframework.web.servlet.view.freemarker.FreeMarkerConfigurer:127 - ClassTemplateLoader for Spring macros added to FreeMarker configuration 
INFO  [2018-04-27 14:59:15,832][] org.springframework.boot.devtools.autoconfigure.OptionalLiveReloadServer:58 - LiveReload server is running on port 35729 
INFO  [2018-04-27 14:59:16,469][] org.springframework.jmx.export.MBeanExporter:431 - Registering beans for JMX exposure on startup 
INFO  [2018-04-27 14:59:16,489][] org.springframework.context.support.DefaultLifecycleProcessor$LifecycleGroup:343 - Starting beans in phase 2147483647 
INFO  [2018-04-27 14:59:16,489][] springfox.documentation.spring.web.plugins.DocumentationPluginsBootstrapper:120 - Context refreshed 
INFO  [2018-04-27 14:59:16,539][] springfox.documentation.spring.web.plugins.DocumentationPluginsBootstrapper:123 - Found 1 custom documentation plugin(s) 
INFO  [2018-04-27 14:59:16,550][] springfox.documentation.spring.web.scanners.ApiListingReferenceScanner:44 - Scanning for api listing references 
INFO  [2018-04-27 14:59:16,899][] org.springframework.scheduling.annotation.ScheduledAnnotationBeanPostProcessor:267 - No TaskScheduler/ScheduledExecutorService bean found for scheduled processing 
INFO  [2018-04-27 14:59:16,947][] org.apache.juli.logging.DirectJDKLog:179 - Initializing ProtocolHandler ["http-nio-8099"] 
INFO  [2018-04-27 14:59:16,960][] org.apache.juli.logging.DirectJDKLog:179 - Starting ProtocolHandler ["http-nio-8099"] 
INFO  [2018-04-27 14:59:16,975][] org.apache.juli.logging.DirectJDKLog:179 - Using a shared selector for servlet write/read 
INFO  [2018-04-27 14:59:17,022][] org.springframework.boot.context.embedded.tomcat.TomcatEmbeddedServletContainer:201 - Tomcat started on port(s): 8099 (http) 
INFO  [2018-04-27 14:59:17,029][] org.springframework.boot.StartupInfoLogger:57 - Started TheEnglishApplication in 14.28 seconds (JVM running for 16.632) 
INFO  [2018-04-27 14:59:39,375][] org.apache.juli.logging.DirectJDKLog:179 - Initializing Spring FrameworkServlet 'dispatcherServlet' 
INFO  [2018-04-27 14:59:39,376][] org.springframework.web.servlet.FrameworkServlet:489 - FrameworkServlet 'dispatcherServlet': initialization started 
INFO  [2018-04-27 14:59:39,407][] org.springframework.web.servlet.FrameworkServlet:508 - FrameworkServlet 'dispatcherServlet': initialization completed in 31 ms 
INFO  [2018-04-27 14:59:39,457][] com.liuy.mproxy.web.restcontroller.TheTalkRestController:39 - ==> 查询首页数据userLoginDTO=UserLoginDTO(id=null, userPhone=0, userName=null, password=null, validate=null) 
INFO  [2018-04-27 14:59:39,460][] com.liuy.mproxy.service.impl.TheTalkServiceImpl:48 - 查询首页数据 
INFO  [2018-04-27 14:59:44,639][] com.liuy.mproxy.web.restcontroller.TheTalkRestController:43 - theTalkVO=TheTalkVO(lunBos=[TheLunBo(id=1, lunboPath=lunbo/b1.jpg, address=null, isShow=1, isDel=0, createTime=Thu Apr 26 15:04:23 CST 2018), TheLunBo(id=2, lunboPath=lunbo/b2.jpg, address=null, isShow=1, isDel=0, createTime=Thu Apr 26 15:04:48 CST 2018), TheLunBo(id=3, lunboPath=lunbo/b3.jpg, address=null, isShow=1, isDel=0, createTime=Thu Apr 26 15:05:07 CST 2018)], theArticle=TheArticle(id=1, title=回村的诱惑, titleImage=article/2.jpg, contentPath=ppp, userPhone=18600787140, userName=haha, createTime=Thu Apr 26 15:08:14 CST 2018, articleFrom=null, del=0, isRecommend=1, sort=1), theWord=TheWord(id=1, wordContent=article, wordImage=word/1.jpg, type=1, createTime=Thu Apr 26 15:09:57 CST 2018, sort=1, del=0, wordChinese=文章), lastResult=null, theArticleList=[TheArticle(id=1, title=回村的诱惑, titleImage=article/2.jpg, contentPath=ppp, userPhone=18600787140, userName=haha, createTime=Thu Apr 26 15:08:14 CST 2018, articleFrom=null, del=0, isRecommend=1, sort=1), TheArticle(id=2, title=西游记, titleImage=article/liulangnan.jpeg, contentPath=ppp, userPhone=18600787140, userName=haha, createTime=Thu Apr 26 15:08:14 CST 2018, articleFrom=null, del=0, isRecommend=1, sort=2), TheArticle(id=3, title=东游记, titleImage=article/l2.png, contentPath=ppp, userPhone=18600787140, userName=hahaaa, createTime=Thu Apr 26 15:12:38 CST 2018, articleFrom=null, del=0, isRecommend=1, sort=3), TheArticle(id=4, title=北游记, titleImage=article/l2.png, contentPath=ppp, userPhone=18600787140, userName=hahaaa, createTime=Thu Apr 26 15:12:38 CST 2018, articleFrom=null, del=0, isRecommend=1, sort=4)]) 
INFO  [2018-04-27 15:06:38,708][] com.liuy.mproxy.web.restcontroller.TheTalkRestController:39 - ==> 查询首页数据userLoginDTO=UserLoginDTO(id=null, userPhone=18600787140, userName=null, password=null, validate=null) 
INFO  [2018-04-27 15:06:38,708][] com.liuy.mproxy.service.impl.TheTalkServiceImpl:48 - 查询首页数据 
INFO  [2018-04-27 15:06:38,725][] com.liuy.mproxy.web.restcontroller.TheTalkRestController:43 - theTalkVO=TheTalkVO(lunBos=[TheLunBo(id=1, lunboPath=lunbo/b1.jpg, address=null, isShow=1, isDel=0, createTime=Thu Apr 26 15:04:23 CST 2018), TheLunBo(id=2, lunboPath=lunbo/b2.jpg, address=null, isShow=1, isDel=0, createTime=Thu Apr 26 15:04:48 CST 2018), TheLunBo(id=3, lunboPath=lunbo/b3.jpg, address=null, isShow=1, isDel=0, createTime=Thu Apr 26 15:05:07 CST 2018)], theArticle=TheArticle(id=1, title=回村的诱惑, titleImage=article/2.jpg, contentPath=ppp, userPhone=18600787140, userName=haha, createTime=Thu Apr 26 15:08:14 CST 2018, articleFrom=null, del=0, isRecommend=1, sort=1), theWord=TheWord(id=1, wordContent=article, wordImage=word/1.jpg, type=1, createTime=Thu Apr 26 15:09:57 CST 2018, sort=1, del=0, wordChinese=文章), lastResult=null, theArticleList=[TheArticle(id=1, title=回村的诱惑, titleImage=article/2.jpg, contentPath=ppp, userPhone=18600787140, userName=haha, createTime=Thu Apr 26 15:08:14 CST 2018, articleFrom=null, del=0, isRecommend=1, sort=1), TheArticle(id=2, title=西游记, titleImage=article/liulangnan.jpeg, contentPath=ppp, userPhone=18600787140, userName=haha, createTime=Thu Apr 26 15:08:14 CST 2018, articleFrom=null, del=0, isRecommend=1, sort=2), TheArticle(id=3, title=东游记, titleImage=article/l2.png, contentPath=ppp, userPhone=18600787140, userName=hahaaa, createTime=Thu Apr 26 15:12:38 CST 2018, articleFrom=null, del=0, isRecommend=1, sort=3), TheArticle(id=4, title=北游记, titleImage=article/l2.png, contentPath=ppp, userPhone=18600787140, userName=hahaaa, createTime=Thu Apr 26 15:12:38 CST 2018, articleFrom=null, del=0, isRecommend=1, sort=4)]) 
INFO  [2018-04-27 15:12:26,675][] org.springframework.boot.StartupInfoLogger:48 - Starting TheEnglishApplication on LSB0HKL0QRJFFSJ with PID 8224 (E:\workSpace\the_english\target\classes started by Administrator in E:\workSpace\the_english) 
INFO  [2018-04-27 15:12:26,677][] org.springframework.boot.SpringApplication:597 - The following profiles are active: local 
INFO  [2018-04-27 15:12:26,806][] org.springframework.context.support.AbstractApplicationContext:583 - Refreshing org.springframework.boot.context.embedded.AnnotationConfigEmbeddedWebApplicationContext@327a2b8b: startup date [Fri Apr 27 15:12:26 CST 2018]; root of context hierarchy 
INFO  [2018-04-27 15:12:27,546][] org.hibernate.validator.internal.util.Version:30 - HV000001: Hibernate Validator 5.3.6.Final 
INFO  [2018-04-27 15:12:29,092][] org.springframework.data.repository.config.RepositoryConfigurationDelegate:165 - Multiple Spring Data modules found, entering strict repository configuration mode! 
INFO  [2018-04-27 15:12:29,783][] org.springframework.context.support.PostProcessorRegistrationDelegate$BeanPostProcessorChecker:327 - Bean 'org.springframework.transaction.annotation.ProxyTransactionManagementConfiguration' of type [org.springframework.transaction.annotation.ProxyTransactionManagementConfiguration$$EnhancerBySpringCGLIB$$1c233fdf] is not eligible for getting processed by all BeanPostProcessors (for example: not eligible for auto-proxying) 
INFO  [2018-04-27 15:12:30,453][] org.springframework.boot.context.embedded.tomcat.TomcatEmbeddedServletContainer:89 - Tomcat initialized with port(s): 8099 (http) 
INFO  [2018-04-27 15:12:30,466][] org.apache.juli.logging.DirectJDKLog:179 - Starting service [Tomcat] 
INFO  [2018-04-27 15:12:30,467][] org.apache.juli.logging.DirectJDKLog:179 - Starting Servlet Engine: Apache Tomcat/8.5.23 
INFO  [2018-04-27 15:12:30,631][] org.apache.juli.logging.DirectJDKLog:179 - Initializing Spring embedded WebApplicationContext 
INFO  [2018-04-27 15:12:30,632][] org.springframework.boot.context.embedded.EmbeddedWebApplicationContext:276 - Root WebApplicationContext: initialization completed in 3826 ms 
INFO  [2018-04-27 15:12:30,856][] org.springframework.boot.web.servlet.ServletRegistrationBean:190 - Mapping servlet: 'dispatcherServlet' to [/] 
INFO  [2018-04-27 15:12:30,862][] org.springframework.boot.web.servlet.AbstractFilterRegistrationBean:258 - Mapping filter: 'characterEncodingFilter' to: [/*] 
INFO  [2018-04-27 15:12:30,863][] org.springframework.boot.web.servlet.AbstractFilterRegistrationBean:258 - Mapping filter: 'hiddenHttpMethodFilter' to: [/*] 
INFO  [2018-04-27 15:12:30,863][] org.springframework.boot.web.servlet.AbstractFilterRegistrationBean:258 - Mapping filter: 'httpPutFormContentFilter' to: [/*] 
INFO  [2018-04-27 15:12:30,863][] org.springframework.boot.web.servlet.AbstractFilterRegistrationBean:258 - Mapping filter: 'requestContextFilter' to: [/*] 
INFO  [2018-04-27 15:12:31,984][] org.springframework.web.servlet.handler.AbstractHandlerMethodMapping$MappingRegistry:543 - Mapped "{[/page/test/test]}" onto public void com.liuy.mproxy.web.restcontroller.FreemarkerController.demo() 
INFO  [2018-04-27 15:12:31,988][] org.springframework.web.servlet.handler.AbstractHandlerMethodMapping$MappingRegistry:543 - Mapped "{[/page/proxy/userLogin],methods=[POST]}" onto public com.xescm.base.model.wrap.Wrapper<com.liuy.mproxy.model.entity.TheUser> com.liuy.mproxy.web.restcontroller.LoginRestController.userLogin(com.liuy.mproxy.model.dto.UserLoginDTO) 
INFO  [2018-04-27 15:12:31,989][] org.springframework.web.servlet.handler.AbstractHandlerMethodMapping$MappingRegistry:543 - Mapped "{[/page/proxy/userRegiste],methods=[POST]}" onto public com.xescm.base.model.wrap.Wrapper<java.lang.Boolean> com.liuy.mproxy.web.restcontroller.LoginRestController.userRegiste(com.liuy.mproxy.model.dto.UserLoginDTO) 
INFO  [2018-04-27 15:12:31,989][] org.springframework.web.servlet.handler.AbstractHandlerMethodMapping$MappingRegistry:543 - Mapped "{[/page/proxy/sendMessage],methods=[POST]}" onto public com.xescm.base.model.wrap.Wrapper<java.lang.String> com.liuy.mproxy.web.restcontroller.LoginRestController.sendMessage(com.liuy.mproxy.model.dto.UserLoginDTO) 
INFO  [2018-04-27 15:12:31,989][] org.springframework.web.servlet.handler.AbstractHandlerMethodMapping$MappingRegistry:543 - Mapped "{[/page/proxy/modifyPassword],methods=[POST]}" onto public com.xescm.base.model.wrap.Wrapper<java.lang.Boolean> com.liuy.mproxy.web.restcontroller.LoginRestController.modifyPassword(com.liuy.mproxy.model.dto.UserLoginDTO) 
INFO  [2018-04-27 15:12:31,990][] org.springframework.web.servlet.handler.AbstractHandlerMethodMapping$MappingRegistry:543 - Mapped "{[/page/talk/theTalk],methods=[POST]}" onto public com.xescm.base.model.wrap.Wrapper<com.liuy.mproxy.model.vo.TheTalkVO> com.liuy.mproxy.web.restcontroller.TheTalkRestController.theTalk(com.liuy.mproxy.model.dto.UserLoginDTO) 
INFO  [2018-04-27 15:12:31,991][] org.springframework.web.servlet.handler.AbstractHandlerMethodMapping$MappingRegistry:543 - Mapped "{[/v2/api-docs],methods=[GET],produces=[application/json || application/hal+json]}" onto public org.springframework.http.ResponseEntity<springfox.documentation.spring.web.json.Json> springfox.documentation.swagger2.web.Swagger2Controller.getDocumentation(java.lang.String,javax.servlet.http.HttpServletRequest) 
INFO  [2018-04-27 15:12:31,995][] org.springframework.web.servlet.handler.AbstractHandlerMethodMapping$MappingRegistry:543 - Mapped "{[/swagger-resources]}" onto org.springframework.http.ResponseEntity<java.util.List<springfox.documentation.swagger.web.SwaggerResource>> springfox.documentation.swagger.web.ApiResourceController.swaggerResources() 
INFO  [2018-04-27 15:12:31,996][] org.springframework.web.servlet.handler.AbstractHandlerMethodMapping$MappingRegistry:543 - Mapped "{[/swagger-resources/configuration/ui]}" onto org.springframework.http.ResponseEntity<springfox.documentation.swagger.web.UiConfiguration> springfox.documentation.swagger.web.ApiResourceController.uiConfiguration() 
INFO  [2018-04-27 15:12:31,996][] org.springframework.web.servlet.handler.AbstractHandlerMethodMapping$MappingRegistry:543 - Mapped "{[/swagger-resources/configuration/security]}" onto org.springframework.http.ResponseEntity<springfox.documentation.swagger.web.SecurityConfiguration> springfox.documentation.swagger.web.ApiResourceController.securityConfiguration() 
INFO  [2018-04-27 15:12:32,000][] org.springframework.web.servlet.handler.AbstractHandlerMethodMapping$MappingRegistry:543 - Mapped "{[/error]}" onto public org.springframework.http.ResponseEntity<java.util.Map<java.lang.String, java.lang.Object>> org.springframework.boot.autoconfigure.web.BasicErrorController.error(javax.servlet.http.HttpServletRequest) 
INFO  [2018-04-27 15:12:32,001][] org.springframework.web.servlet.handler.AbstractHandlerMethodMapping$MappingRegistry:543 - Mapped "{[/error],produces=[text/html]}" onto public org.springframework.web.servlet.ModelAndView org.springframework.boot.autoconfigure.web.BasicErrorController.errorHtml(javax.servlet.http.HttpServletRequest,javax.servlet.http.HttpServletResponse) 
INFO  [2018-04-27 15:12:32,005][] org.springframework.web.servlet.handler.AbstractHandlerMethodMapping$MappingRegistry:543 - Mapped "{[/status.taobao]}" onto public org.springframework.http.ResponseEntity<java.lang.String> com.taobao.pandora.boot.spring.mvc.StatusTaobaoController.statusTaobao() throws java.io.IOException 
INFO  [2018-04-27 15:12:32,617][] org.springframework.web.servlet.mvc.method.annotation.RequestMappingHandlerAdapter:534 - Looking for @ControllerAdvice: org.springframework.boot.context.embedded.AnnotationConfigEmbeddedWebApplicationContext@327a2b8b: startup date [Fri Apr 27 15:12:26 CST 2018]; root of context hierarchy 
INFO  [2018-04-27 15:12:32,675][] com.liuy.mproxy.config.WebAppConfig:35 - imagesPath=file:/E:/imagesuuuu/ 
INFO  [2018-04-27 15:12:32,687][] org.springframework.web.servlet.handler.AbstractUrlHandlerMapping:362 - Mapped URL path [/images/**] onto handler of type [class org.springframework.web.servlet.resource.ResourceHttpRequestHandler] 
INFO  [2018-04-27 15:12:32,688][] org.springframework.web.servlet.handler.AbstractUrlHandlerMapping:362 - Mapped URL path [/webjars/**] onto handler of type [class org.springframework.web.servlet.resource.ResourceHttpRequestHandler] 
INFO  [2018-04-27 15:12:32,688][] org.springframework.web.servlet.handler.AbstractUrlHandlerMapping:362 - Mapped URL path [/**] onto handler of type [class org.springframework.web.servlet.resource.ResourceHttpRequestHandler] 
INFO  [2018-04-27 15:12:32,746][] org.springframework.web.servlet.handler.AbstractUrlHandlerMapping:362 - Mapped URL path [/**/favicon.ico] onto handler of type [class org.springframework.web.servlet.resource.ResourceHttpRequestHandler] 
INFO  [2018-04-27 15:12:33,329][] org.springframework.web.servlet.view.freemarker.FreeMarkerConfigurer:127 - ClassTemplateLoader for Spring macros added to FreeMarker configuration 
INFO  [2018-04-27 15:12:33,571][] org.springframework.boot.devtools.autoconfigure.OptionalLiveReloadServer:58 - LiveReload server is running on port 35729 
INFO  [2018-04-27 15:12:34,201][] org.springframework.jmx.export.MBeanExporter:431 - Registering beans for JMX exposure on startup 
INFO  [2018-04-27 15:12:34,216][] org.springframework.context.support.DefaultLifecycleProcessor$LifecycleGroup:343 - Starting beans in phase 2147483647 
INFO  [2018-04-27 15:12:34,216][] springfox.documentation.spring.web.plugins.DocumentationPluginsBootstrapper:120 - Context refreshed 
INFO  [2018-04-27 15:12:34,234][] springfox.documentation.spring.web.plugins.DocumentationPluginsBootstrapper:123 - Found 1 custom documentation plugin(s) 
INFO  [2018-04-27 15:12:34,245][] springfox.documentation.spring.web.scanners.ApiListingReferenceScanner:44 - Scanning for api listing references 
INFO  [2018-04-27 15:12:34,462][] org.springframework.scheduling.annotation.ScheduledAnnotationBeanPostProcessor:267 - No TaskScheduler/ScheduledExecutorService bean found for scheduled processing 
INFO  [2018-04-27 15:12:34,474][] org.apache.juli.logging.DirectJDKLog:179 - Initializing ProtocolHandler ["http-nio-8099"] 
INFO  [2018-04-27 15:12:34,489][] org.apache.juli.logging.DirectJDKLog:179 - Starting ProtocolHandler ["http-nio-8099"] 
INFO  [2018-04-27 15:12:34,503][] org.apache.juli.logging.DirectJDKLog:179 - Using a shared selector for servlet write/read 
INFO  [2018-04-27 15:12:34,526][] org.springframework.boot.context.embedded.tomcat.TomcatEmbeddedServletContainer:201 - Tomcat started on port(s): 8099 (http) 
INFO  [2018-04-27 15:12:34,533][] org.springframework.boot.StartupInfoLogger:57 - Started TheEnglishApplication in 8.549 seconds (JVM running for 9.528) 
INFO  [2018-04-27 15:13:51,928][] org.apache.juli.logging.DirectJDKLog:179 - Initializing Spring FrameworkServlet 'dispatcherServlet' 
INFO  [2018-04-27 15:13:51,928][] org.springframework.web.servlet.FrameworkServlet:489 - FrameworkServlet 'dispatcherServlet': initialization started 
INFO  [2018-04-27 15:13:51,976][] org.springframework.web.servlet.FrameworkServlet:508 - FrameworkServlet 'dispatcherServlet': initialization completed in 48 ms 
INFO  [2018-04-27 15:14:14,653][] com.liuy.mproxy.web.restcontroller.TheTalkRestController:39 - ==> 查询首页数据userLoginDTO=UserLoginDTO(id=null, userPhone=18600787140, userName=null, password=null, validate=null) 
INFO  [2018-04-27 15:14:14,656][] com.liuy.mproxy.service.impl.TheTalkServiceImpl:48 - 查询首页数据 
INFO  [2018-04-27 15:14:15,383][] com.liuy.mproxy.web.restcontroller.TheTalkRestController:43 - theTalkVO=TheTalkVO(lunBos=[TheLunBo(id=1, lunboPath=lunbo/b1.jpg, address=null, isShow=1, isDel=0, createTime=Thu Apr 26 15:04:23 CST 2018), TheLunBo(id=2, lunboPath=lunbo/b2.jpg, address=null, isShow=1, isDel=0, createTime=Thu Apr 26 15:04:48 CST 2018), TheLunBo(id=3, lunboPath=lunbo/b3.jpg, address=null, isShow=1, isDel=0, createTime=Thu Apr 26 15:05:07 CST 2018)], theArticle=TheArticle(id=1, title=回村的诱惑, titleImage=article/2.jpg, contentPath=ppp, userPhone=18600787140, userName=haha, createTime=Thu Apr 26 15:08:14 CST 2018, articleFrom=null, del=0, isRecommend=1, sort=1), theWord=TheWord(id=1, wordContent=article, wordImage=word/1.jpg, type=1, createTime=Thu Apr 26 15:09:57 CST 2018, sort=1, del=0, wordChinese=文章), lastResult=null, theArticleList=[TheArticle(id=1, title=回村的诱惑, titleImage=article/2.jpg, contentPath=ppp, userPhone=18600787140, userName=haha, createTime=Thu Apr 26 15:08:14 CST 2018, articleFrom=null, del=0, isRecommend=1, sort=1), TheArticle(id=2, title=西游记, titleImage=article/liulangnan.jpeg, contentPath=ppp, userPhone=18600787140, userName=haha, createTime=Thu Apr 26 15:08:14 CST 2018, articleFrom=null, del=0, isRecommend=1, sort=2), TheArticle(id=3, title=东游记, titleImage=article/l2.png, contentPath=ppp, userPhone=18600787140, userName=hahaaa, createTime=Thu Apr 26 15:12:38 CST 2018, articleFrom=null, del=0, isRecommend=1, sort=3), TheArticle(id=4, title=北游记, titleImage=article/l2.png, contentPath=ppp, userPhone=18600787140, userName=hahaaa, createTime=Thu Apr 26 15:12:38 CST 2018, articleFrom=null, del=0, isRecommend=1, sort=4)]) 
INFO  [2018-04-27 15:15:48,459][] org.springframework.boot.StartupInfoLogger:48 - Starting TheEnglishApplication on LSB0HKL0QRJFFSJ with PID 7296 (E:\workSpace\the_english\target\classes started by Administrator in E:\workSpace\the_english) 
INFO  [2018-04-27 15:15:48,461][] org.springframework.boot.SpringApplication:597 - The following profiles are active: local 
INFO  [2018-04-27 15:15:48,590][] org.springframework.context.support.AbstractApplicationContext:583 - Refreshing org.springframework.boot.context.embedded.AnnotationConfigEmbeddedWebApplicationContext@13ce64a9: startup date [Fri Apr 27 15:15:48 CST 2018]; root of context hierarchy 
INFO  [2018-04-27 15:15:49,403][] org.hibernate.validator.internal.util.Version:30 - HV000001: Hibernate Validator 5.3.6.Final 
INFO  [2018-04-27 15:15:50,757][] org.springframework.data.repository.config.RepositoryConfigurationDelegate:165 - Multiple Spring Data modules found, entering strict repository configuration mode! 
INFO  [2018-04-27 15:15:51,433][] org.springframework.context.support.PostProcessorRegistrationDelegate$BeanPostProcessorChecker:327 - Bean 'org.springframework.transaction.annotation.ProxyTransactionManagementConfiguration' of type [org.springframework.transaction.annotation.ProxyTransactionManagementConfiguration$$EnhancerBySpringCGLIB$$7a38ed17] is not eligible for getting processed by all BeanPostProcessors (for example: not eligible for auto-proxying) 
INFO  [2018-04-27 15:15:52,109][] org.springframework.boot.context.embedded.tomcat.TomcatEmbeddedServletContainer:89 - Tomcat initialized with port(s): 8099 (http) 
INFO  [2018-04-27 15:15:52,123][] org.apache.juli.logging.DirectJDKLog:179 - Starting service [Tomcat] 
INFO  [2018-04-27 15:15:52,124][] org.apache.juli.logging.DirectJDKLog:179 - Starting Servlet Engine: Apache Tomcat/8.5.23 
INFO  [2018-04-27 15:15:52,248][] org.apache.juli.logging.DirectJDKLog:179 - Initializing Spring embedded WebApplicationContext 
INFO  [2018-04-27 15:15:52,248][] org.springframework.boot.context.embedded.EmbeddedWebApplicationContext:276 - Root WebApplicationContext: initialization completed in 3660 ms 
INFO  [2018-04-27 15:15:52,518][] org.springframework.boot.web.servlet.ServletRegistrationBean:190 - Mapping servlet: 'dispatcherServlet' to [/] 
INFO  [2018-04-27 15:15:52,527][] org.springframework.boot.web.servlet.AbstractFilterRegistrationBean:258 - Mapping filter: 'characterEncodingFilter' to: [/*] 
INFO  [2018-04-27 15:15:52,528][] org.springframework.boot.web.servlet.AbstractFilterRegistrationBean:258 - Mapping filter: 'hiddenHttpMethodFilter' to: [/*] 
INFO  [2018-04-27 15:15:52,528][] org.springframework.boot.web.servlet.AbstractFilterRegistrationBean:258 - Mapping filter: 'httpPutFormContentFilter' to: [/*] 
INFO  [2018-04-27 15:15:52,529][] org.springframework.boot.web.servlet.AbstractFilterRegistrationBean:258 - Mapping filter: 'requestContextFilter' to: [/*] 
INFO  [2018-04-27 15:15:53,713][] org.springframework.web.servlet.handler.AbstractHandlerMethodMapping$MappingRegistry:543 - Mapped "{[/page/test/test]}" onto public void com.liuy.mproxy.web.restcontroller.FreemarkerController.demo() 
INFO  [2018-04-27 15:15:53,717][] org.springframework.web.servlet.handler.AbstractHandlerMethodMapping$MappingRegistry:543 - Mapped "{[/page/proxy/userLogin],methods=[POST]}" onto public com.xescm.base.model.wrap.Wrapper<com.liuy.mproxy.model.entity.TheUser> com.liuy.mproxy.web.restcontroller.LoginRestController.userLogin(com.liuy.mproxy.model.dto.UserLoginDTO) 
INFO  [2018-04-27 15:15:53,718][] org.springframework.web.servlet.handler.AbstractHandlerMethodMapping$MappingRegistry:543 - Mapped "{[/page/proxy/userRegiste],methods=[POST]}" onto public com.xescm.base.model.wrap.Wrapper<java.lang.Boolean> com.liuy.mproxy.web.restcontroller.LoginRestController.userRegiste(com.liuy.mproxy.model.dto.UserLoginDTO) 
INFO  [2018-04-27 15:15:53,719][] org.springframework.web.servlet.handler.AbstractHandlerMethodMapping$MappingRegistry:543 - Mapped "{[/page/proxy/sendMessage],methods=[POST]}" onto public com.xescm.base.model.wrap.Wrapper<java.lang.String> com.liuy.mproxy.web.restcontroller.LoginRestController.sendMessage(com.liuy.mproxy.model.dto.UserLoginDTO) 
INFO  [2018-04-27 15:15:53,720][] org.springframework.web.servlet.handler.AbstractHandlerMethodMapping$MappingRegistry:543 - Mapped "{[/page/proxy/modifyPassword],methods=[POST]}" onto public com.xescm.base.model.wrap.Wrapper<java.lang.Boolean> com.liuy.mproxy.web.restcontroller.LoginRestController.modifyPassword(com.liuy.mproxy.model.dto.UserLoginDTO) 
INFO  [2018-04-27 15:15:53,720][] org.springframework.web.servlet.handler.AbstractHandlerMethodMapping$MappingRegistry:543 - Mapped "{[/page/talk/theTalk],methods=[POST]}" onto public com.xescm.base.model.wrap.Wrapper<com.liuy.mproxy.model.vo.TheTalkVO> com.liuy.mproxy.web.restcontroller.TheTalkRestController.theTalk(com.liuy.mproxy.model.dto.UserLoginDTO) 
INFO  [2018-04-27 15:15:53,721][] org.springframework.web.servlet.handler.AbstractHandlerMethodMapping$MappingRegistry:543 - Mapped "{[/v2/api-docs],methods=[GET],produces=[application/json || application/hal+json]}" onto public org.springframework.http.ResponseEntity<springfox.documentation.spring.web.json.Json> springfox.documentation.swagger2.web.Swagger2Controller.getDocumentation(java.lang.String,javax.servlet.http.HttpServletRequest) 
INFO  [2018-04-27 15:15:53,725][] org.springframework.web.servlet.handler.AbstractHandlerMethodMapping$MappingRegistry:543 - Mapped "{[/swagger-resources]}" onto org.springframework.http.ResponseEntity<java.util.List<springfox.documentation.swagger.web.SwaggerResource>> springfox.documentation.swagger.web.ApiResourceController.swaggerResources() 
INFO  [2018-04-27 15:15:53,726][] org.springframework.web.servlet.handler.AbstractHandlerMethodMapping$MappingRegistry:543 - Mapped "{[/swagger-resources/configuration/ui]}" onto org.springframework.http.ResponseEntity<springfox.documentation.swagger.web.UiConfiguration> springfox.documentation.swagger.web.ApiResourceController.uiConfiguration() 
INFO  [2018-04-27 15:15:53,726][] org.springframework.web.servlet.handler.AbstractHandlerMethodMapping$MappingRegistry:543 - Mapped "{[/swagger-resources/configuration/security]}" onto org.springframework.http.ResponseEntity<springfox.documentation.swagger.web.SecurityConfiguration> springfox.documentation.swagger.web.ApiResourceController.securityConfiguration() 
INFO  [2018-04-27 15:15:53,729][] org.springframework.web.servlet.handler.AbstractHandlerMethodMapping$MappingRegistry:543 - Mapped "{[/error]}" onto public org.springframework.http.ResponseEntity<java.util.Map<java.lang.String, java.lang.Object>> org.springframework.boot.autoconfigure.web.BasicErrorController.error(javax.servlet.http.HttpServletRequest) 
INFO  [2018-04-27 15:15:53,730][] org.springframework.web.servlet.handler.AbstractHandlerMethodMapping$MappingRegistry:543 - Mapped "{[/error],produces=[text/html]}" onto public org.springframework.web.servlet.ModelAndView org.springframework.boot.autoconfigure.web.BasicErrorController.errorHtml(javax.servlet.http.HttpServletRequest,javax.servlet.http.HttpServletResponse) 
INFO  [2018-04-27 15:15:53,731][] org.springframework.web.servlet.handler.AbstractHandlerMethodMapping$MappingRegistry:543 - Mapped "{[/status.taobao]}" onto public org.springframework.http.ResponseEntity<java.lang.String> com.taobao.pandora.boot.spring.mvc.StatusTaobaoController.statusTaobao() throws java.io.IOException 
INFO  [2018-04-27 15:15:54,352][] org.springframework.web.servlet.mvc.method.annotation.RequestMappingHandlerAdapter:534 - Looking for @ControllerAdvice: org.springframework.boot.context.embedded.AnnotationConfigEmbeddedWebApplicationContext@13ce64a9: startup date [Fri Apr 27 15:15:48 CST 2018]; root of context hierarchy 
INFO  [2018-04-27 15:15:54,413][] com.liuy.mproxy.config.WebAppConfig:35 - imagesPath=file:/E:/imagesuuuu/ 
INFO  [2018-04-27 15:15:54,425][] org.springframework.web.servlet.handler.AbstractUrlHandlerMapping:362 - Mapped URL path [/images/**] onto handler of type [class org.springframework.web.servlet.resource.ResourceHttpRequestHandler] 
INFO  [2018-04-27 15:15:54,425][] org.springframework.web.servlet.handler.AbstractUrlHandlerMapping:362 - Mapped URL path [/webjars/**] onto handler of type [class org.springframework.web.servlet.resource.ResourceHttpRequestHandler] 
INFO  [2018-04-27 15:15:54,425][] org.springframework.web.servlet.handler.AbstractUrlHandlerMapping:362 - Mapped URL path [/**] onto handler of type [class org.springframework.web.servlet.resource.ResourceHttpRequestHandler] 
INFO  [2018-04-27 15:15:54,482][] org.springframework.web.servlet.handler.AbstractUrlHandlerMapping:362 - Mapped URL path [/**/favicon.ico] onto handler of type [class org.springframework.web.servlet.resource.ResourceHttpRequestHandler] 
INFO  [2018-04-27 15:15:55,115][] org.springframework.web.servlet.view.freemarker.FreeMarkerConfigurer:127 - ClassTemplateLoader for Spring macros added to FreeMarker configuration 
INFO  [2018-04-27 15:15:55,368][] org.springframework.boot.devtools.autoconfigure.OptionalLiveReloadServer:58 - LiveReload server is running on port 35729 
INFO  [2018-04-27 15:15:55,862][] org.springframework.jmx.export.MBeanExporter:431 - Registering beans for JMX exposure on startup 
INFO  [2018-04-27 15:15:55,873][] org.springframework.context.support.DefaultLifecycleProcessor$LifecycleGroup:343 - Starting beans in phase 2147483647 
INFO  [2018-04-27 15:15:55,873][] springfox.documentation.spring.web.plugins.DocumentationPluginsBootstrapper:120 - Context refreshed 
INFO  [2018-04-27 15:15:55,890][] springfox.documentation.spring.web.plugins.DocumentationPluginsBootstrapper:123 - Found 1 custom documentation plugin(s) 
INFO  [2018-04-27 15:15:55,900][] springfox.documentation.spring.web.scanners.ApiListingReferenceScanner:44 - Scanning for api listing references 
INFO  [2018-04-27 15:15:56,114][] org.springframework.scheduling.annotation.ScheduledAnnotationBeanPostProcessor:267 - No TaskScheduler/ScheduledExecutorService bean found for scheduled processing 
INFO  [2018-04-27 15:15:56,128][] org.apache.juli.logging.DirectJDKLog:179 - Initializing ProtocolHandler ["http-nio-8099"] 
INFO  [2018-04-27 15:15:56,141][] org.apache.juli.logging.DirectJDKLog:179 - Starting ProtocolHandler ["http-nio-8099"] 
INFO  [2018-04-27 15:15:56,154][] org.apache.juli.logging.DirectJDKLog:179 - Using a shared selector for servlet write/read 
INFO  [2018-04-27 15:15:56,177][] org.springframework.boot.context.embedded.tomcat.TomcatEmbeddedServletContainer:201 - Tomcat started on port(s): 8099 (http) 
INFO  [2018-04-27 15:15:56,184][] org.springframework.boot.StartupInfoLogger:57 - Started TheEnglishApplication in 8.487 seconds (JVM running for 9.579) 
INFO  [2018-04-27 15:17:14,761][] org.apache.juli.logging.DirectJDKLog:179 - Initializing Spring FrameworkServlet 'dispatcherServlet' 
INFO  [2018-04-27 15:17:14,761][] org.springframework.web.servlet.FrameworkServlet:489 - FrameworkServlet 'dispatcherServlet': initialization started 
INFO  [2018-04-27 15:17:14,794][] org.springframework.web.servlet.FrameworkServlet:508 - FrameworkServlet 'dispatcherServlet': initialization completed in 32 ms 
INFO  [2018-04-27 15:17:39,329][] com.liuy.mproxy.web.restcontroller.TheTalkRestController:39 - ==> 查询首页数据userLoginDTO=UserLoginDTO(id=null, userPhone=18600787140, userName=null, password=null, validate=null) 
INFO  [2018-04-27 15:17:39,335][] com.liuy.mproxy.service.impl.TheTalkServiceImpl:48 - 查询首页数据 
INFO  [2018-04-27 15:17:39,891][] com.liuy.mproxy.web.restcontroller.TheTalkRestController:43 - theTalkVO=TheTalkVO(lunBos=[TheLunBo(id=1, lunboPath=lunbo/b1.jpg, address=null, isShow=1, isDel=0, createTime=Thu Apr 26 15:04:23 CST 2018), TheLunBo(id=2, lunboPath=lunbo/b2.jpg, address=null, isShow=1, isDel=0, createTime=Thu Apr 26 15:04:48 CST 2018), TheLunBo(id=3, lunboPath=lunbo/b3.jpg, address=null, isShow=1, isDel=0, createTime=Thu Apr 26 15:05:07 CST 2018)], theArticle=TheArticle(id=1, title=回村的诱惑, titleImage=article/2.jpg, contentPath=ppp, userPhone=18600787140, userName=haha, createTime=Thu Apr 26 15:08:14 CST 2018, articleFrom=null, del=0, isRecommend=1, sort=1), theWord=TheWord(id=1, wordContent=article, wordImage=word/1.jpg, type=1, createTime=Thu Apr 26 15:09:57 CST 2018, sort=1, del=0, wordChinese=文章), lastResult=WordResult(userPhone=18600787140, userName=null, wordTotle=10, trueNum=5, errorNum=5), theArticleList=[TheArticle(id=1, title=回村的诱惑, titleImage=article/2.jpg, contentPath=ppp, userPhone=18600787140, userName=haha, createTime=Thu Apr 26 15:08:14 CST 2018, articleFrom=null, del=0, isRecommend=1, sort=1), TheArticle(id=2, title=西游记, titleImage=article/liulangnan.jpeg, contentPath=ppp, userPhone=18600787140, userName=haha, createTime=Thu Apr 26 15:08:14 CST 2018, articleFrom=null, del=0, isRecommend=1, sort=2), TheArticle(id=3, title=东游记, titleImage=article/l2.png, contentPath=ppp, userPhone=18600787140, userName=hahaaa, createTime=Thu Apr 26 15:12:38 CST 2018, articleFrom=null, del=0, isRecommend=1, sort=3), TheArticle(id=4, title=北游记, titleImage=article/l2.png, contentPath=ppp, userPhone=18600787140, userName=hahaaa, createTime=Thu Apr 26 15:12:38 CST 2018, articleFrom=null, del=0, isRecommend=1, sort=4)]) 
INFO  [2018-04-27 15:18:09,213][] com.liuy.mproxy.web.restcontroller.TheTalkRestController:39 - ==> 查询首页数据userLoginDTO=UserLoginDTO(id=null, userPhone=18600787140, userName=null, password=null, validate=null) 
INFO  [2018-04-27 15:18:09,214][] com.liuy.mproxy.service.impl.TheTalkServiceImpl:48 - 查询首页数据 
INFO  [2018-04-27 15:18:09,238][] com.liuy.mproxy.web.restcontroller.TheTalkRestController:43 - theTalkVO=TheTalkVO(lunBos=[TheLunBo(id=1, lunboPath=lunbo/b1.jpg, address=null, isShow=1, isDel=0, createTime=Thu Apr 26 15:04:23 CST 2018), TheLunBo(id=2, lunboPath=lunbo/b2.jpg, address=null, isShow=1, isDel=0, createTime=Thu Apr 26 15:04:48 CST 2018), TheLunBo(id=3, lunboPath=lunbo/b3.jpg, address=null, isShow=1, isDel=0, createTime=Thu Apr 26 15:05:07 CST 2018)], theArticle=TheArticle(id=1, title=回村的诱惑, titleImage=article/2.jpg, contentPath=ppp, userPhone=18600787140, userName=haha, createTime=Thu Apr 26 15:08:14 CST 2018, articleFrom=null, del=0, isRecommend=1, sort=1), theWord=TheWord(id=1, wordContent=article, wordImage=word/1.jpg, type=1, createTime=Thu Apr 26 15:09:57 CST 2018, sort=1, del=0, wordChinese=文章), lastResult=WordResult(userPhone=18600787140, userName=null, wordTotle=10, trueNum=5, errorNum=5), theArticleList=[TheArticle(id=1, title=回村的诱惑, titleImage=article/2.jpg, contentPath=ppp, userPhone=18600787140, userName=haha, createTime=Thu Apr 26 15:08:14 CST 2018, articleFrom=null, del=0, isRecommend=1, sort=1), TheArticle(id=2, title=西游记, titleImage=article/liulangnan.jpeg, contentPath=ppp, userPhone=18600787140, userName=haha, createTime=Thu Apr 26 15:08:14 CST 2018, articleFrom=null, del=0, isRecommend=1, sort=2), TheArticle(id=3, title=东游记, titleImage=article/l2.png, contentPath=ppp, userPhone=18600787140, userName=hahaaa, createTime=Thu Apr 26 15:12:38 CST 2018, articleFrom=null, del=0, isRecommend=1, sort=3), TheArticle(id=4, title=北游记, titleImage=article/l2.png, contentPath=ppp, userPhone=18600787140, userName=hahaaa, createTime=Thu Apr 26 15:12:38 CST 2018, articleFrom=null, del=0, isRecommend=1, sort=4)]) 
INFO  [2018-04-27 15:27:27,671][] com.liuy.mproxy.web.restcontroller.TheTalkRestController:39 - ==> 查询首页数据userLoginDTO=UserLoginDTO(id=null, userPhone=18600787140, userName=null, password=null, validate=null) 
INFO  [2018-04-27 15:27:27,672][] com.liuy.mproxy.service.impl.TheTalkServiceImpl:48 - 查询首页数据 
INFO  [2018-04-27 15:27:27,693][] com.liuy.mproxy.web.restcontroller.TheTalkRestController:43 - theTalkVO=TheTalkVO(lunBos=[TheLunBo(id=1, lunboPath=lunbo/b1.jpg, address=null, isShow=1, isDel=0, createTime=Thu Apr 26 15:04:23 CST 2018), TheLunBo(id=2, lunboPath=lunbo/b2.jpg, address=null, isShow=1, isDel=0, createTime=Thu Apr 26 15:04:48 CST 2018), TheLunBo(id=3, lunboPath=lunbo/b3.jpg, address=null, isShow=1, isDel=0, createTime=Thu Apr 26 15:05:07 CST 2018)], theArticle=TheArticle(id=1, title=回村的诱惑, titleImage=article/2.jpg, contentPath=ppp, userPhone=18600787140, userName=haha, createTime=Thu Apr 26 15:08:14 CST 2018, articleFrom=null, del=0, isRecommend=1, sort=1), theWord=TheWord(id=1, wordContent=article, wordImage=word/1.jpg, type=1, createTime=Thu Apr 26 15:09:57 CST 2018, sort=1, del=0, wordChinese=文章), lastResult=WordResult(userPhone=18600787140, userName=null, wordTotle=10, trueNum=5, errorNum=5), theArticleList=[TheArticle(id=1, title=回村的诱惑, titleImage=article/2.jpg, contentPath=ppp, userPhone=18600787140, userName=haha, createTime=Thu Apr 26 15:08:14 CST 2018, articleFrom=null, del=0, isRecommend=1, sort=1), TheArticle(id=2, title=西游记, titleImage=article/liulangnan.jpeg, contentPath=ppp, userPhone=18600787140, userName=haha, createTime=Thu Apr 26 15:08:14 CST 2018, articleFrom=null, del=0, isRecommend=1, sort=2), TheArticle(id=3, title=东游记, titleImage=article/l2.png, contentPath=ppp, userPhone=18600787140, userName=hahaaa, createTime=Thu Apr 26 15:12:38 CST 2018, articleFrom=null, del=0, isRecommend=1, sort=3), TheArticle(id=4, title=北游记, titleImage=article/l2.png, contentPath=ppp, userPhone=18600787140, userName=hahaaa, createTime=Thu Apr 26 15:12:38 CST 2018, articleFrom=null, del=0, isRecommend=1, sort=4)]) 
INFO  [2018-04-27 15:27:53,650][] com.liuy.mproxy.web.restcontroller.TheTalkRestController:39 - ==> 查询首页数据userLoginDTO=UserLoginDTO(id=null, userPhone=18600787140, userName=null, password=null, validate=null) 
INFO  [2018-04-27 15:27:53,651][] com.liuy.mproxy.service.impl.TheTalkServiceImpl:48 - 查询首页数据 
INFO  [2018-04-27 15:27:53,683][] com.liuy.mproxy.web.restcontroller.TheTalkRestController:43 - theTalkVO=TheTalkVO(lunBos=[TheLunBo(id=1, lunboPath=lunbo/b1.jpg, address=null, isShow=1, isDel=0, createTime=Thu Apr 26 15:04:23 CST 2018), TheLunBo(id=2, lunboPath=lunbo/b2.jpg, address=null, isShow=1, isDel=0, createTime=Thu Apr 26 15:04:48 CST 2018), TheLunBo(id=3, lunboPath=lunbo/b3.jpg, address=null, isShow=1, isDel=0, createTime=Thu Apr 26 15:05:07 CST 2018)], theArticle=TheArticle(id=1, title=回村的诱惑, titleImage=article/2.jpg, contentPath=ppp, userPhone=18600787140, userName=haha, createTime=Thu Apr 26 15:08:14 CST 2018, articleFrom=null, del=0, isRecommend=1, sort=1), theWord=TheWord(id=1, wordContent=article, wordImage=word/1.jpg, type=1, createTime=Thu Apr 26 15:09:57 CST 2018, sort=1, del=0, wordChinese=文章), lastResult=WordResult(userPhone=18600787140, userName=null, wordTotle=10, trueNum=5, errorNum=5), theArticleList=[TheArticle(id=1, title=回村的诱惑, titleImage=article/2.jpg, contentPath=ppp, userPhone=18600787140, userName=haha, createTime=Thu Apr 26 15:08:14 CST 2018, articleFrom=null, del=0, isRecommend=1, sort=1), TheArticle(id=2, title=西游记, titleImage=article/liulangnan.jpeg, contentPath=ppp, userPhone=18600787140, userName=haha, createTime=Thu Apr 26 15:08:14 CST 2018, articleFrom=null, del=0, isRecommend=1, sort=2), TheArticle(id=3, title=东游记, titleImage=article/l2.png, contentPath=ppp, userPhone=18600787140, userName=hahaaa, createTime=Thu Apr 26 15:12:38 CST 2018, articleFrom=null, del=0, isRecommend=1, sort=3), TheArticle(id=4, title=北游记, titleImage=article/l2.png, contentPath=ppp, userPhone=18600787140, userName=hahaaa, createTime=Thu Apr 26 15:12:38 CST 2018, articleFrom=null, del=0, isRecommend=1, sort=4)]) 
INFO  [2018-04-27 15:28:52,832][] com.liuy.mproxy.web.restcontroller.TheTalkRestController:39 - ==> 查询首页数据userLoginDTO=UserLoginDTO(id=null, userPhone=18600787140, userName=null, password=null, validate=null) 
INFO  [2018-04-27 15:28:52,833][] com.liuy.mproxy.service.impl.TheTalkServiceImpl:48 - 查询首页数据 
INFO  [2018-04-27 15:28:52,847][] com.liuy.mproxy.web.restcontroller.TheTalkRestController:43 - theTalkVO=TheTalkVO(lunBos=[TheLunBo(id=1, lunboPath=lunbo/b1.jpg, address=null, isShow=1, isDel=0, createTime=Thu Apr 26 15:04:23 CST 2018), TheLunBo(id=2, lunboPath=lunbo/b2.jpg, address=null, isShow=1, isDel=0, createTime=Thu Apr 26 15:04:48 CST 2018), TheLunBo(id=3, lunboPath=lunbo/b3.jpg, address=null, isShow=1, isDel=0, createTime=Thu Apr 26 15:05:07 CST 2018)], theArticle=TheArticle(id=1, title=回村的诱惑, titleImage=article/2.jpg, contentPath=ppp, userPhone=18600787140, userName=haha, createTime=Thu Apr 26 15:08:14 CST 2018, articleFrom=null, del=0, isRecommend=1, sort=1), theWord=TheWord(id=1, wordContent=article, wordImage=word/1.jpg, type=1, createTime=Thu Apr 26 15:09:57 CST 2018, sort=1, del=0, wordChinese=文章), lastResult=WordResult(userPhone=18600787140, userName=null, wordTotle=10, trueNum=5, errorNum=5), theArticleList=[TheArticle(id=1, title=回村的诱惑, titleImage=article/2.jpg, contentPath=ppp, userPhone=18600787140, userName=haha, createTime=Thu Apr 26 15:08:14 CST 2018, articleFrom=null, del=0, isRecommend=1, sort=1), TheArticle(id=2, title=西游记, titleImage=article/liulangnan.jpeg, contentPath=ppp, userPhone=18600787140, userName=haha, createTime=Thu Apr 26 15:08:14 CST 2018, articleFrom=null, del=0, isRecommend=1, sort=2), TheArticle(id=3, title=东游记, titleImage=article/l2.png, contentPath=ppp, userPhone=18600787140, userName=hahaaa, createTime=Thu Apr 26 15:12:38 CST 2018, articleFrom=null, del=0, isRecommend=1, sort=3), TheArticle(id=4, title=北游记, titleImage=article/l2.png, contentPath=ppp, userPhone=18600787140, userName=hahaaa, createTime=Thu Apr 26 15:12:38 CST 2018, articleFrom=null, del=0, isRecommend=1, sort=4)]) 
INFO  [2018-04-27 15:30:12,933][] com.liuy.mproxy.web.restcontroller.TheTalkRestController:39 - ==> 查询首页数据userLoginDTO=UserLoginDTO(id=null, userPhone=18600787140, userName=null, password=null, validate=null) 
INFO  [2018-04-27 15:30:12,934][] com.liuy.mproxy.service.impl.TheTalkServiceImpl:48 - 查询首页数据 
INFO  [2018-04-27 15:30:12,951][] com.liuy.mproxy.web.restcontroller.TheTalkRestController:43 - theTalkVO=TheTalkVO(lunBos=[TheLunBo(id=1, lunboPath=lunbo/b1.jpg, address=null, isShow=1, isDel=0, createTime=Thu Apr 26 15:04:23 CST 2018), TheLunBo(id=2, lunboPath=lunbo/b2.jpg, address=null, isShow=1, isDel=0, createTime=Thu Apr 26 15:04:48 CST 2018), TheLunBo(id=3, lunboPath=lunbo/b3.jpg, address=null, isShow=1, isDel=0, createTime=Thu Apr 26 15:05:07 CST 2018)], theArticle=TheArticle(id=1, title=回村的诱惑, titleImage=article/2.jpg, contentPath=ppp, userPhone=18600787140, userName=haha, createTime=Thu Apr 26 15:08:14 CST 2018, articleFrom=null, del=0, isRecommend=1, sort=1), theWord=TheWord(id=1, wordContent=article, wordImage=word/1.jpg, type=1, createTime=Thu Apr 26 15:09:57 CST 2018, sort=1, del=0, wordChinese=文章), lastResult=WordResult(userPhone=18600787140, userName=null, wordTotle=10, trueNum=5, errorNum=5), theArticleList=[TheArticle(id=1, title=回村的诱惑, titleImage=article/2.jpg, contentPath=ppp, userPhone=18600787140, userName=haha, createTime=Thu Apr 26 15:08:14 CST 2018, articleFrom=null, del=0, isRecommend=1, sort=1), TheArticle(id=2, title=西游记, titleImage=article/liulangnan.png, contentPath=ppp, userPhone=18600787140, userName=haha, createTime=Thu Apr 26 15:08:14 CST 2018, articleFrom=null, del=0, isRecommend=1, sort=2), TheArticle(id=3, title=东游记, titleImage=article/l2.png, contentPath=ppp, userPhone=18600787140, userName=hahaaa, createTime=Thu Apr 26 15:12:38 CST 2018, articleFrom=null, del=0, isRecommend=1, sort=3), TheArticle(id=4, title=北游记, titleImage=article/l2.png, contentPath=ppp, userPhone=18600787140, userName=hahaaa, createTime=Thu Apr 26 15:12:38 CST 2018, articleFrom=null, del=0, isRecommend=1, sort=4)]) 
INFO  [2018-04-27 15:32:06,885][] com.liuy.mproxy.web.restcontroller.TheTalkRestController:39 - ==> 查询首页数据userLoginDTO=UserLoginDTO(id=null, userPhone=0, userName=null, password=null, validate=null) 
INFO  [2018-04-27 15:32:06,886][] com.liuy.mproxy.service.impl.TheTalkServiceImpl:48 - 查询首页数据 
INFO  [2018-04-27 15:32:06,906][] com.liuy.mproxy.web.restcontroller.TheTalkRestController:43 - theTalkVO=TheTalkVO(lunBos=[TheLunBo(id=1, lunboPath=lunbo/b1.jpg, address=null, isShow=1, isDel=0, createTime=Thu Apr 26 15:04:23 CST 2018), TheLunBo(id=2, lunboPath=lunbo/b2.jpg, address=null, isShow=1, isDel=0, createTime=Thu Apr 26 15:04:48 CST 2018), TheLunBo(id=3, lunboPath=lunbo/b3.jpg, address=null, isShow=1, isDel=0, createTime=Thu Apr 26 15:05:07 CST 2018)], theArticle=TheArticle(id=1, title=回村的诱惑, titleImage=article/2.jpg, contentPath=ppp, userPhone=18600787140, userName=haha, createTime=Thu Apr 26 15:08:14 CST 2018, articleFrom=null, del=0, isRecommend=1, sort=1), theWord=TheWord(id=1, wordContent=article, wordImage=word/1.jpg, type=1, createTime=Thu Apr 26 15:09:57 CST 2018, sort=1, del=0, wordChinese=文章), lastResult=null, theArticleList=[TheArticle(id=1, title=回村的诱惑, titleImage=article/2.jpg, contentPath=ppp, userPhone=18600787140, userName=haha, createTime=Thu Apr 26 15:08:14 CST 2018, articleFrom=null, del=0, isRecommend=1, sort=1), TheArticle(id=2, title=西游记, titleImage=article/liulangnan.png, contentPath=ppp, userPhone=18600787140, userName=haha, createTime=Thu Apr 26 15:08:14 CST 2018, articleFrom=null, del=0, isRecommend=1, sort=2), TheArticle(id=3, title=东游记, titleImage=article/l2.png, contentPath=ppp, userPhone=18600787140, userName=hahaaa, createTime=Thu Apr 26 15:12:38 CST 2018, articleFrom=null, del=0, isRecommend=1, sort=3), TheArticle(id=4, title=北游记, titleImage=article/l2.png, contentPath=ppp, userPhone=18600787140, userName=hahaaa, createTime=Thu Apr 26 15:12:38 CST 2018, articleFrom=null, del=0, isRecommend=1, sort=4)]) 
INFO  [2018-04-27 15:32:58,040][] com.liuy.mproxy.web.restcontroller.TheTalkRestController:39 - ==> 查询首页数据userLoginDTO=UserLoginDTO(id=null, userPhone=0, userName=null, password=null, validate=null) 
INFO  [2018-04-27 15:32:58,041][] com.liuy.mproxy.service.impl.TheTalkServiceImpl:48 - 查询首页数据 
INFO  [2018-04-27 15:32:58,051][] com.liuy.mproxy.web.restcontroller.TheTalkRestController:43 - theTalkVO=TheTalkVO(lunBos=[TheLunBo(id=1, lunboPath=lunbo/b1.jpg, address=null, isShow=1, isDel=0, createTime=Thu Apr 26 15:04:23 CST 2018), TheLunBo(id=2, lunboPath=lunbo/b2.jpg, address=null, isShow=1, isDel=0, createTime=Thu Apr 26 15:04:48 CST 2018), TheLunBo(id=3, lunboPath=lunbo/b3.jpg, address=null, isShow=1, isDel=0, createTime=Thu Apr 26 15:05:07 CST 2018)], theArticle=TheArticle(id=1, title=回村的诱惑, titleImage=article/2.jpg, contentPath=ppp, userPhone=18600787140, userName=haha, createTime=Thu Apr 26 15:08:14 CST 2018, articleFrom=null, del=0, isRecommend=1, sort=1), theWord=TheWord(id=1, wordContent=article, wordImage=word/1.jpg, type=1, createTime=Thu Apr 26 15:09:57 CST 2018, sort=1, del=0, wordChinese=文章), lastResult=null, theArticleList=[TheArticle(id=1, title=回村的诱惑, titleImage=article/2.jpg, contentPath=ppp, userPhone=18600787140, userName=haha, createTime=Thu Apr 26 15:08:14 CST 2018, articleFrom=null, del=0, isRecommend=1, sort=1), TheArticle(id=2, title=西游记, titleImage=article/liulangnan.png, contentPath=ppp, userPhone=18600787140, userName=haha, createTime=Thu Apr 26 15:08:14 CST 2018, articleFrom=null, del=0, isRecommend=1, sort=2), TheArticle(id=3, title=东游记, titleImage=article/l2.png, contentPath=ppp, userPhone=18600787140, userName=hahaaa, createTime=Thu Apr 26 15:12:38 CST 2018, articleFrom=null, del=0, isRecommend=1, sort=3), TheArticle(id=4, title=北游记, titleImage=article/l2.png, contentPath=ppp, userPhone=18600787140, userName=hahaaa, createTime=Thu Apr 26 15:12:38 CST 2018, articleFrom=null, del=0, isRecommend=1, sort=4)]) 
INFO  [2018-04-27 15:33:18,039][] com.liuy.mproxy.web.restcontroller.TheTalkRestController:39 - ==> 查询首页数据userLoginDTO=UserLoginDTO(id=null, userPhone=0, userName=null, password=null, validate=null) 
INFO  [2018-04-27 15:33:18,040][] com.liuy.mproxy.service.impl.TheTalkServiceImpl:48 - 查询首页数据 
INFO  [2018-04-27 15:33:18,058][] com.liuy.mproxy.web.restcontroller.TheTalkRestController:43 - theTalkVO=TheTalkVO(lunBos=[TheLunBo(id=1, lunboPath=lunbo/b1.jpg, address=null, isShow=1, isDel=0, createTime=Thu Apr 26 15:04:23 CST 2018), TheLunBo(id=2, lunboPath=lunbo/b2.jpg, address=null, isShow=1, isDel=0, createTime=Thu Apr 26 15:04:48 CST 2018), TheLunBo(id=3, lunboPath=lunbo/b3.jpg, address=null, isShow=1, isDel=0, createTime=Thu Apr 26 15:05:07 CST 2018)], theArticle=TheArticle(id=1, title=回村的诱惑, titleImage=article/2.jpg, contentPath=ppp, userPhone=18600787140, userName=haha, createTime=Thu Apr 26 15:08:14 CST 2018, articleFrom=null, del=0, isRecommend=1, sort=1), theWord=TheWord(id=1, wordContent=article, wordImage=word/1.jpg, type=1, createTime=Thu Apr 26 15:09:57 CST 2018, sort=1, del=0, wordChinese=文章), lastResult=null, theArticleList=[TheArticle(id=1, title=回村的诱惑, titleImage=article/2.jpg, contentPath=ppp, userPhone=18600787140, userName=haha, createTime=Thu Apr 26 15:08:14 CST 2018, articleFrom=null, del=0, isRecommend=1, sort=1), TheArticle(id=2, title=西游记, titleImage=article/liulangnan.png, contentPath=ppp, userPhone=18600787140, userName=haha, createTime=Thu Apr 26 15:08:14 CST 2018, articleFrom=null, del=0, isRecommend=1, sort=2), TheArticle(id=3, title=东游记, titleImage=article/l2.png, contentPath=ppp, userPhone=18600787140, userName=hahaaa, createTime=Thu Apr 26 15:12:38 CST 2018, articleFrom=null, del=0, isRecommend=1, sort=3), TheArticle(id=4, title=北游记, titleImage=article/l2.png, contentPath=ppp, userPhone=18600787140, userName=hahaaa, createTime=Thu Apr 26 15:12:38 CST 2018, articleFrom=null, del=0, isRecommend=1, sort=4)]) 
INFO  [2018-04-27 15:33:59,066][] com.liuy.mproxy.web.restcontroller.TheTalkRestController:39 - ==> 查询首页数据userLoginDTO=UserLoginDTO(id=null, userPhone=0, userName=null, password=null, validate=null) 
INFO  [2018-04-27 15:33:59,067][] com.liuy.mproxy.service.impl.TheTalkServiceImpl:48 - 查询首页数据 
INFO  [2018-04-27 15:33:59,082][] com.liuy.mproxy.web.restcontroller.TheTalkRestController:43 - theTalkVO=TheTalkVO(lunBos=[TheLunBo(id=1, lunboPath=lunbo/b1.jpg, address=null, isShow=1, isDel=0, createTime=Thu Apr 26 15:04:23 CST 2018), TheLunBo(id=2, lunboPath=lunbo/b2.jpg, address=null, isShow=1, isDel=0, createTime=Thu Apr 26 15:04:48 CST 2018), TheLunBo(id=3, lunboPath=lunbo/b3.jpg, address=null, isShow=1, isDel=0, createTime=Thu Apr 26 15:05:07 CST 2018)], theArticle=TheArticle(id=1, title=回村的诱惑, titleImage=article/2.jpg, contentPath=ppp, userPhone=18600787140, userName=haha, createTime=Thu Apr 26 15:08:14 CST 2018, articleFrom=null, del=0, isRecommend=1, sort=1), theWord=TheWord(id=1, wordContent=article, wordImage=word/1.jpg, type=1, createTime=Thu Apr 26 15:09:57 CST 2018, sort=1, del=0, wordChinese=文章), lastResult=null, theArticleList=[TheArticle(id=1, title=回村的诱惑, titleImage=article/2.jpg, contentPath=ppp, userPhone=18600787140, userName=haha, createTime=Thu Apr 26 15:08:14 CST 2018, articleFrom=null, del=0, isRecommend=1, sort=1), TheArticle(id=2, title=西游记, titleImage=article/liulangnan.png, contentPath=ppp, userPhone=18600787140, userName=haha, createTime=Thu Apr 26 15:08:14 CST 2018, articleFrom=null, del=0, isRecommend=1, sort=2), TheArticle(id=3, title=东游记, titleImage=article/l2.png, contentPath=ppp, userPhone=18600787140, userName=hahaaa, createTime=Thu Apr 26 15:12:38 CST 2018, articleFrom=null, del=0, isRecommend=1, sort=3), TheArticle(id=4, title=北游记, titleImage=article/l2.png, contentPath=ppp, userPhone=18600787140, userName=hahaaa, createTime=Thu Apr 26 15:12:38 CST 2018, articleFrom=null, del=0, isRecommend=1, sort=4)]) 
INFO  [2018-04-27 15:45:08,631][] com.liuy.mproxy.web.restcontroller.TheTalkRestController:39 - ==> 查询首页数据userLoginDTO=UserLoginDTO(id=null, userPhone=0, userName=null, password=null, validate=null) 
INFO  [2018-04-27 15:45:08,632][] com.liuy.mproxy.service.impl.TheTalkServiceImpl:48 - 查询首页数据 
INFO  [2018-04-27 15:45:08,651][] com.liuy.mproxy.web.restcontroller.TheTalkRestController:43 - theTalkVO=TheTalkVO(lunBos=[TheLunBo(id=1, lunboPath=lunbo/b1.jpg, address=null, isShow=1, isDel=0, createTime=Thu Apr 26 15:04:23 CST 2018), TheLunBo(id=2, lunboPath=lunbo/b2.jpg, address=null, isShow=1, isDel=0, createTime=Thu Apr 26 15:04:48 CST 2018), TheLunBo(id=3, lunboPath=lunbo/b3.jpg, address=null, isShow=1, isDel=0, createTime=Thu Apr 26 15:05:07 CST 2018)], theArticle=TheArticle(id=1, title=回村的诱惑, titleImage=article/2.jpg, contentPath=ppp, userPhone=18600787140, userName=haha, createTime=Thu Apr 26 15:08:14 CST 2018, articleFrom=null, del=0, isRecommend=1, sort=1), theWord=TheWord(id=1, wordContent=article, wordImage=word/1.jpg, type=1, createTime=Thu Apr 26 15:09:57 CST 2018, sort=1, del=0, wordChinese=文章), lastResult=null, theArticleList=[TheArticle(id=1, title=回村的诱惑, titleImage=article/2.jpg, contentPath=ppp, userPhone=18600787140, userName=haha, createTime=Thu Apr 26 15:08:14 CST 2018, articleFrom=null, del=0, isRecommend=1, sort=1), TheArticle(id=2, title=西游记, titleImage=article/liulangnan.png, contentPath=ppp, userPhone=18600787140, userName=haha, createTime=Thu Apr 26 15:08:14 CST 2018, articleFrom=null, del=0, isRecommend=1, sort=2), TheArticle(id=3, title=东游记, titleImage=article/l2.png, contentPath=ppp, userPhone=18600787140, userName=hahaaa, createTime=Thu Apr 26 15:12:38 CST 2018, articleFrom=null, del=0, isRecommend=1, sort=3), TheArticle(id=4, title=北游记, titleImage=article/l2.png, contentPath=ppp, userPhone=18600787140, userName=hahaaa, createTime=Thu Apr 26 15:12:38 CST 2018, articleFrom=null, del=0, isRecommend=1, sort=4)]) 
INFO  [2018-04-27 15:45:29,510][] com.liuy.mproxy.web.restcontroller.TheTalkRestController:39 - ==> 查询首页数据userLoginDTO=UserLoginDTO(id=null, userPhone=0, userName=null, password=null, validate=null) 
INFO  [2018-04-27 15:45:29,511][] com.liuy.mproxy.service.impl.TheTalkServiceImpl:48 - 查询首页数据 
INFO  [2018-04-27 15:45:29,522][] com.liuy.mproxy.web.restcontroller.TheTalkRestController:43 - theTalkVO=TheTalkVO(lunBos=[TheLunBo(id=1, lunboPath=lunbo/b1.jpg, address=null, isShow=1, isDel=0, createTime=Thu Apr 26 15:04:23 CST 2018), TheLunBo(id=2, lunboPath=lunbo/b2.jpg, address=null, isShow=1, isDel=0, createTime=Thu Apr 26 15:04:48 CST 2018), TheLunBo(id=3, lunboPath=lunbo/b3.jpg, address=null, isShow=1, isDel=0, createTime=Thu Apr 26 15:05:07 CST 2018)], theArticle=TheArticle(id=1, title=回村的诱惑, titleImage=article/2.jpg, contentPath=ppp, userPhone=18600787140, userName=haha, createTime=Thu Apr 26 15:08:14 CST 2018, articleFrom=null, del=0, isRecommend=1, sort=1), theWord=TheWord(id=1, wordContent=article, wordImage=word/1.jpg, type=1, createTime=Thu Apr 26 15:09:57 CST 2018, sort=1, del=0, wordChinese=文章), lastResult=null, theArticleList=[TheArticle(id=1, title=回村的诱惑, titleImage=article/2.jpg, contentPath=ppp, userPhone=18600787140, userName=haha, createTime=Thu Apr 26 15:08:14 CST 2018, articleFrom=null, del=0, isRecommend=1, sort=1), TheArticle(id=2, title=西游记, titleImage=article/liulangnan.png, contentPath=ppp, userPhone=18600787140, userName=haha, createTime=Thu Apr 26 15:08:14 CST 2018, articleFrom=null, del=0, isRecommend=1, sort=2), TheArticle(id=3, title=东游记, titleImage=article/l2.png, contentPath=ppp, userPhone=18600787140, userName=hahaaa, createTime=Thu Apr 26 15:12:38 CST 2018, articleFrom=null, del=0, isRecommend=1, sort=3), TheArticle(id=4, title=北游记, titleImage=article/l2.png, contentPath=ppp, userPhone=18600787140, userName=hahaaa, createTime=Thu Apr 26 15:12:38 CST 2018, articleFrom=null, del=0, isRecommend=1, sort=4)]) 
